 
                                                    \ /               
                                              ..-'''-*-               
                                              \.-'''\ \               
      _____ _____      _                             | |              
     |  ___/  __ \    | |                         __/ /               
     | |_  | /  \/ ___| | __ _ ___ ___  ___  ___ |_  '.               
     |  _| | |    / __| |/ _` / __/ __|/ _ \/ __|   `.  \             
     | |   | \__/\ (__| | (_| \__ \__ \  __/\__ \     \ '.            
     \_|    \____/\___|_|\__,_|___/___/\___||___/      , |            
                                                       | |            
                                                      / ,'            
                                              -....--'  /             
                                              `.. __..-'              
                                                                      
 ********************************************************* 
   FCCLASSES3:                                             
   A code for vibronic simulations                         
                                                           
                                                           
 ********************************************************* 


 GIT VERSION INFO
  Commit id  : v3-1.0-2-g78ec1d1-dirty
  Commit date: 2022-07-22 10:24:13 +0200

 CURRENT RUN INFO
  Date&Time  : 2023-06-06, 12:24:59
  Input file : STDIN
  Input type : NEW



 INPUT OPTIONS:
-------------------------------
$$$
;GENERAL OPTIONS:
; NAT        = (read from structure files)
; NVIB       = (determined vibrational analysis)
PROPERTY     =   RR    
MODEL        =   VG   
DIPOLE       =   FC   
DIPDER_COORD =   CARTESIAN  
TEMP         =     0.00
DE           =   5.50120
BROADFUN     =   GAU  
HWHM         =   0.0400
RESOL        =   0.0040  ; (default: HWHM/10)
METHOD       =   TD   
ROT          =   1
SPCMIN       =     4.000
SPCMAX       =     9.000
;RESONANCE RAMAN
RR_NFIELD        =   -1
RR_FIELDMIN      =   4.000
RR_FIELDMAX      =   9.000
RR_POLAR         =   W
RR_SPEED         =   Y
RR_SINGLE_MAXEXC =   1
RR_DOUBLE_MAXEXC =   1
;VIBRATIONAL ANALYSIS
NORMALMODES  =   COMPUTE  
RM_COORD     =   NONE    
COORDS       =   CARTESIAN  
FORCE_REAL   =   YES  
;INPUT DATA FILES
STATE1_FILE  =   snap100.S0.fcc
STATE2_FILE  =   snap100.S1.fcc
MASS_FILE    =   
ELDIP_FILE   =   eldip_snap100.S1_fchk
MAGDIP_FILE  =   
NAC_FILE     =   
NRCOUP_FILE  =   eldip_snap100.S1_fchk
HESS1_FILE   =   snap100.S0.fcc
HESS2_FILE   =   snap100.S0.fcc
GRAD1_FILE   =   snap100.S0.fcc
GRAD2_COORD  =   CARTESIAN
GRAD2_FILE   =   snap100.S1.fcc
;VERBOSE LEVEL
VERBOSE      =   1
  
-------------------------------



 ==> State 1 <==

 Geometry file: snap100.S0.fcc


 Gradient file: snap100.S0.fcc

NOTE: The calculation for this State will assume non-stationary point since the gradient                  
      is not negligible (maximum atomic gradient:   0.105548 a.u.)                                        
 
 Hessian file: snap100.S0.fcc



 ---------------------------------------
  Check effect of symmetry operations
  on Hessian elements (or gs^t\beta)
 ---------------------------------------

 Using input geometry instead of rotating to principal axis of intertia to detect symmetry


NOTE: Cannot determine symmetry. Set to C1 (no symmetric atoms)                                           
 
 
 ---------------------------------------



 =========================
  ANALYSIS OF DOFs
 =========================

 => STATE 1 <=
 Geometry (Angstroms)
 15    # Nr. of atoms
   Atom       X         Y         Z      Mass
C         17.4797   16.0015   17.7436   12.0000
C         17.2700   16.8798   15.4708   12.0000
C         15.9618   17.2398   15.6014   12.0000
C         15.2902   17.0252   16.8091   12.0000
N         16.0774   16.4036   17.8190   14.0031
H         17.7944   17.2252   14.5725    1.0078
H         15.3525   17.7425   14.8472    1.0078
O         14.1686   17.2673   17.0663   15.9949
O         18.1572   15.4733   18.5823   15.9949
N         18.0123   16.3071   16.4542   14.0031
H         19.0472   16.1853   16.4302    1.0078
H         15.5949   16.1084   18.6434    1.0078
O         20.2284   16.9312   19.9003   15.9949
H         19.4641   16.4986   19.5196    1.0078
H         20.9134   16.2628   19.8880    1.0078
 

 ------------------------------------------------
   INERTIA TENSOR (to be multiplied by 10**5)
 ------------------------------------------------

             1           2           3
  
    1     5.49703     1.05707    -3.48108
    2     1.05707    12.41286     0.74104
    3    -3.48108     0.74104     8.57438
 ------------------------------------------------


 ------------------------------------------------
   ROTATIONAL CONSTANTS (AND ROTATION MATRIX)
 ------------------------------------------------

 ROOT NO.    1           2           3

    ************************************
  
    1     0.82967    -0.13654     0.54130
    2    -0.54909    -0.02458     0.83540
    3     0.10076     0.99033     0.09536
 ------------------------------------------------

  Rotational constants (GHz)
     3.01860     0.84981     0.73163
  Rotational temperatures (K)
     0.14487     0.04078     0.03511


 -------------------
  DOF   Dimension
 -------------------
  Vib    39
  Rot    3
  Tra    3
 -------------------


 Translating State1 to its Center of Mass
 Initial COM:      17.0642     16.6037     17.3845


 ================================
  VIBRATIONAL ANALYSIS ON STATE1
 ================================

 ----------------------------------
   Redundant Frequencies (cm-1)
 ----------------------------------
     1    -0.00002
     2    -0.00001
     3     0.00001
     4     0.00002
     5     0.00002
     6     0.00003
 ----------------------------------


 ------------------------
   FREQUENCIES (cm-1)
 ------------------------
     1  -223.14628
     2  -113.43735
     3    78.23581
     4   142.07788
     5   176.87308
     6   219.83026
     7   266.70587
     8   335.78082
     9   419.91607
    10   485.41750
    11   486.73892
    12   524.81634
    13   567.40719
    14   580.73012
    15   704.50806
    16   768.08922
    17   776.23268
    18   879.46715
    19   888.84801
    20   929.07491
    21   989.69095
    22  1043.52954
    23  1068.60282
    24  1118.64135
    25  1246.63473
    26  1340.03698
    27  1390.90747
    28  1480.11306
    29  1567.25172
    30  1643.82205
    31  1672.99520
    32  1882.57617
    33  2078.91486
    34  3148.32295
    35  3186.19625
    36  3299.98593
    37  3782.56121
    38  3937.45643
    39  4012.71303
 ------------------------

 =====================
  THERMOCHEMISTRY     
 =====================
  Temperature (K):    0.00
  Pressure (atm) :    1.00
 
  Rotational constants (GHz)
     3.01860     0.84981     0.73163
  Rotational temperatures (K)
     0.14487     0.04078     0.03511
 
           1  -223.146282748028     

WARNING: Imaginary frequency ignored                                                                         
 
           2  -113.437354301576     

WARNING: Imaginary frequency ignored                                                                         
 
  Partition Functions
  qt =      0.000    
  qr =      0.000    
  qv =      0.000    
 
  Contributions to entropy
  St (cm-1/K) = -Infinity
  Sr (cm-1/K) = -Infinity
  Sv (cm-1/K) =       NaN
 
  Thermal corrections (AU)
  Zero Point Energy =   0.111907    
  Internal Energy   =   0.111907    
  Enthalpy          =   0.111907    
  Gibbs Free Energy =            NaN
 
  Thermal corrections (AU) - vibrational only
  Number of vibrations:      39
  V-internal Energy   =   0.111907    
  V-enthalpy          =   0.111907    
  V-gibbs Free Energy =            NaN


 ==> State 2 <==

 Geometry file: snap100.S1.fcc


 Gradient file: snap100.S1.fcc

NOTE: The calculation for this State will assume non-stationary point since the gradient                  
      is not negligible (maximum atomic gradient:   0.133144 a.u.)                                        
 
 Hessian file: snap100.S0.fcc


 A RR calculation  will be performed
 RESETTING OPTRANS TO ABS
 RESETTING OPTRANS1 TO ECDNO


 =========================
  ANALYSIS OF DOFs
 =========================

 => STATE 2 <=
 Geometry (Angstroms)
 15    # Nr. of atoms
   Atom       X         Y         Z      Mass
C         17.4797   16.0015   17.7436   12.0000
C         17.2700   16.8798   15.4708   12.0000
C         15.9618   17.2398   15.6014   12.0000
C         15.2902   17.0252   16.8091   12.0000
N         16.0774   16.4036   17.8190   14.0031
H         17.7944   17.2252   14.5725    1.0078
H         15.3525   17.7425   14.8472    1.0078
O         14.1686   17.2673   17.0663   15.9949
O         18.1572   15.4733   18.5823   15.9949
N         18.0123   16.3071   16.4542   14.0031
H         19.0472   16.1853   16.4302    1.0078
H         15.5949   16.1084   18.6434    1.0078
O         20.2284   16.9312   19.9003   15.9949
H         19.4641   16.4986   19.5196    1.0078
H         20.9134   16.2628   19.8880    1.0078
 

 ------------------------------------------------
   INERTIA TENSOR (to be multiplied by 10**5)
 ------------------------------------------------

             1           2           3
  
    1     5.49703     1.05707    -3.48108
    2     1.05707    12.41286     0.74104
    3    -3.48108     0.74104     8.57438
 ------------------------------------------------


 ------------------------------------------------
   ROTATIONAL CONSTANTS (AND ROTATION MATRIX)
 ------------------------------------------------

 ROOT NO.    1           2           3

    ************************************
  
    1     0.82967    -0.13654     0.54130
    2    -0.54909    -0.02458     0.83540
    3     0.10076     0.99033     0.09536
 ------------------------------------------------

  Rotational constants (GHz)
     3.01860     0.84981     0.73163
  Rotational temperatures (K)
     0.14487     0.04078     0.03511


 -------------------
  DOF   Dimension
 -------------------
  Vib    39
  Rot    3
  Tra    3
 -------------------


 Translating State2 to its Center of Mass
 Initial COM:      17.0642     16.6037     17.3845


 ================================
  VIBRATIONAL ANALYSIS ON STATE2
 ================================

Normal modes read from State1 for VG


 ------------------------
   FREQUENCIES (cm-1)
 ------------------------
     1  -223.14628
     2  -113.43735
     3    78.23581
     4   142.07788
     5   176.87308
     6   219.83026
     7   266.70587
     8   335.78082
     9   419.91607
    10   485.41750
    11   486.73892
    12   524.81634
    13   567.40719
    14   580.73012
    15   704.50806
    16   768.08922
    17   776.23268
    18   879.46715
    19   888.84801
    20   929.07491
    21   989.69095
    22  1043.52954
    23  1068.60282
    24  1118.64135
    25  1246.63473
    26  1340.03698
    27  1390.90747
    28  1480.11306
    29  1567.25172
    30  1643.82205
    31  1672.99520
    32  1882.57617
    33  2078.91486
    34  3148.32295
    35  3186.19625
    36  3299.98593
    37  3782.56121
    38  3937.45643
    39  4012.71303
 ------------------------


 -------------------------------------
   State2 Gradient (Q1-space) x1e5
 -------------------------------------
     1     4.54475
     2     0.03743
     3    -2.37084
     4    -2.01347
     5    -1.22585
     6    -4.73366
     7     2.53256
     8     5.19625
     9     2.77947
    10    -3.04542
    11     5.98355
    12    15.46123
    13    11.82840
    14   -18.64127
    15     0.45601
    16    -2.68430
    17    -4.35476
    18   -21.37658
    19    -0.26686
    20    50.14613
    21    -3.30548
    22    13.12760
    23    -0.83953
    24     1.44570
    25    20.46892
    26    43.22604
    27    -7.34981
    28    15.30419
    29    26.29143
    30     0.77230
    31    49.10504
    32   -67.65577
    33   117.55351
    34    35.97459
    35    28.97030
    36    36.58394
    37   -32.37603
    38   -49.86239
    39    16.13698
 -------------------------------------




                 ASSIGNMENTS AND ANALYSIS OF 1 WITH RESPECT TO 2
 STATE 1                              MODES STATE 2
IND DEF    FREQUENCY     SHIFT    I21 C21  I22 C22   I23 C23     FR(I21)  I90 I95 I99
   1  P     -223.15    43.96421    1 1.00    2 0.00    3 0.00       0.00   1   1   1
   2  P     -113.44     1.40105    2 1.00    1 0.00    3 0.00       0.00   1   1   1
   3  P       78.24   186.57806    3 1.00    2 0.00    1 0.00       0.00   1   1   1
   4  P      142.08    48.04638    4 1.00    2 0.00    3 0.00       0.00   1   1   1
   5  P      176.87    18.87478    5 1.00    2 0.00    3 0.00       0.00   1   1   1
   6  P      219.83    47.18357    6 1.00    2 0.00    3 0.00       0.00   1   1   1
   7  P      266.71   -17.15000    7 1.00    2 0.00    3 0.00       0.00   1   1   1
   8  P      335.78   -22.19971    8 1.00    2 0.00    3 0.00       0.00   1   1   1
   9  P      419.92    -7.59286    9 1.00    2 0.00    3 0.00       0.00   1   1   1
  10  P      485.42     6.22566   10 1.00    2 0.00    3 0.00       0.00   1   1   1
  11  P      486.74   -12.16565   11 1.00    2 0.00    3 0.00       0.00   1   1   1
  12  P      524.82   -27.03947   12 1.00    2 0.00    3 0.00       0.00   1   1   1
  13  P      567.41   -17.69721   13 1.00    2 0.00    3 0.00       0.00   1   1   1
  14  P      580.73    26.62536   14 1.00    2 0.00    3 0.00       0.00   1   1   1
  15  P      704.51    -0.44256   15 1.00    2 0.00    3 0.00       0.00   1   1   1
  16  P      768.09     2.19168   16 1.00    2 0.00    3 0.00       0.00   1   1   1
  17  P      776.23     3.48136   17 1.00    2 0.00    3 0.00       0.00   1   1   1
  18  P      879.47    13.31275   18 1.00    2 0.00    3 0.00       0.00   1   1   1
  19  P      888.85     0.16270   19 1.00    2 0.00    3 0.00       0.00   1   1   1
  20  P      929.07   -27.98366   20 1.00    2 0.00    3 0.00       0.00   1   1   1
  21  P      989.69     1.62556   21 1.00    2 0.00    3 0.00       0.00   1   1   1
  22  P     1043.53    -5.80690   22 1.00    2 0.00    3 0.00       0.00   1   1   1
  23  P     1068.60     0.35414   23 1.00    2 0.00    3 0.00       0.00   1   1   1
  24  P     1118.64    -0.55650   24 1.00    2 0.00    3 0.00       0.00   1   1   1
  25  P     1246.63    -6.34432   25 1.00    2 0.00    3 0.00       0.00   1   1   1
  26  P     1340.04   -11.59526   26 1.00    2 0.00    3 0.00       0.00   1   1   1
  27  P     1390.91     1.82999   27 1.00    2 0.00    3 0.00       0.00   1   1   1
  28  P     1480.11    -3.36503   28 1.00    2 0.00    3 0.00       0.00   1   1   1
  29  P     1567.25    -5.15591   29 1.00    2 0.00    3 0.00       0.00   1   1   1
  30  P     1643.82    -0.13767   30 1.00    2 0.00    3 0.00       0.00   1   1   1
  31  P     1673.00    -8.45095   31 1.00    2 0.00    3 0.00       0.00   1   1   1
  32  P     1882.58     9.19535   32 1.00    2 0.00    3 0.00       0.00   1   1   1
  33  P     2078.91   -13.10180   33 1.00    2 0.00    3 0.00       0.00   1   1   1
  34  P     3148.32    -1.74826   34 1.00    2 0.00    3 0.00       0.00   1   1   1
  35  P     3186.20    -1.37460   35 1.00    2 0.00    3 0.00       0.00   1   1   1
  36  P     3299.99    -1.61821   36 1.00    2 0.00    3 0.00       0.00   1   1   1
  37  P     3782.56     1.08998   37 1.00    2 0.00    3 0.00       0.00   1   1   1
  38  P     3937.46     1.54921   38 1.00    2 0.00    3 0.00       0.00   1   1   1
  39  P     4012.71    -0.48274   39 1.00    2 0.00    3 0.00       0.00   1   1   1
   
 *********************************************************** 
  
  AVERAGE MAX PROJECTION     1.000000    St Dev   0.000000
  AVERAGE FREQ DIFF          0.000000    St Dev   0.000000
  AVERAGE ABS FREQ DIFF      0.000000    St Dev   0.000000
  AVERAGE ABS DISPLACE       5.684167    St Dev  33.866614
  SUM DISPL**2           45991.033594
  
 *********************************************************** 
  



                 ASSIGNMENTS AND ANALYSIS OF 2 WITH RESPECT TO 1
 STATE 2                              MODES STATE 1
IND DEF    FREQUENCY     SHIFT    I11 C11  I12 C12   I13 C13     FR(I11)  I90 I95 I99
   1  P     -223.15   -43.96421    1 1.00    2 0.00    3 0.00       0.00   1   1   1
   2  P     -113.44    -1.40105    2 1.00    1 0.00    3 0.00       0.00   1   1   1
   3  P       78.24  -186.57806    3 1.00    2 0.00    1 0.00       0.00   1   1   1
   4  P      142.08   -48.04638    4 1.00    2 0.00    3 0.00       0.00   1   1   1
   5  P      176.87   -18.87478    5 1.00    2 0.00    3 0.00       0.00   1   1   1
   6  P      219.83   -47.18357    6 1.00    2 0.00    3 0.00       0.00   1   1   1
   7  P      266.71    17.15000    7 1.00    2 0.00    3 0.00       0.00   1   1   1
   8  P      335.78    22.19971    8 1.00    2 0.00    3 0.00       0.00   1   1   1
   9  P      419.92     7.59286    9 1.00    2 0.00    3 0.00       0.00   1   1   1
  10  P      485.42    -6.22566   10 1.00    2 0.00    3 0.00       0.00   1   1   1
  11  P      486.74    12.16565   11 1.00    2 0.00    3 0.00       0.00   1   1   1
  12  P      524.82    27.03947   12 1.00    2 0.00    3 0.00       0.00   1   1   1
  13  P      567.41    17.69721   13 1.00    2 0.00    3 0.00       0.00   1   1   1
  14  P      580.73   -26.62536   14 1.00    2 0.00    3 0.00       0.00   1   1   1
  15  P      704.51     0.44256   15 1.00    2 0.00    3 0.00       0.00   1   1   1
  16  P      768.09    -2.19168   16 1.00    2 0.00    3 0.00       0.00   1   1   1
  17  P      776.23    -3.48136   17 1.00    2 0.00    3 0.00       0.00   1   1   1
  18  P      879.47   -13.31275   18 1.00    2 0.00    3 0.00       0.00   1   1   1
  19  P      888.85    -0.16270   19 1.00    2 0.00    3 0.00       0.00   1   1   1
  20  P      929.07    27.98366   20 1.00    2 0.00    3 0.00       0.00   1   1   1
  21  P      989.69    -1.62556   21 1.00    2 0.00    3 0.00       0.00   1   1   1
  22  P     1043.53     5.80690   22 1.00    2 0.00    3 0.00       0.00   1   1   1
  23  P     1068.60    -0.35414   23 1.00    2 0.00    3 0.00       0.00   1   1   1
  24  P     1118.64     0.55650   24 1.00    2 0.00    3 0.00       0.00   1   1   1
  25  P     1246.63     6.34432   25 1.00    2 0.00    3 0.00       0.00   1   1   1
  26  P     1340.04    11.59526   26 1.00    2 0.00    3 0.00       0.00   1   1   1
  27  P     1390.91    -1.82999   27 1.00    2 0.00    3 0.00       0.00   1   1   1
  28  P     1480.11     3.36503   28 1.00    2 0.00    3 0.00       0.00   1   1   1
  29  P     1567.25     5.15591   29 1.00    2 0.00    3 0.00       0.00   1   1   1
  30  P     1643.82     0.13767   30 1.00    2 0.00    3 0.00       0.00   1   1   1
  31  P     1673.00     8.45095   31 1.00    2 0.00    3 0.00       0.00   1   1   1
  32  P     1882.58    -9.19535   32 1.00    2 0.00    3 0.00       0.00   1   1   1
  33  P     2078.91    13.10180   33 1.00    2 0.00    3 0.00       0.00   1   1   1
  34  P     3148.32     1.74826   34 1.00    2 0.00    3 0.00       0.00   1   1   1
  35  P     3186.20     1.37460   35 1.00    2 0.00    3 0.00       0.00   1   1   1
  36  P     3299.99     1.61821   36 1.00    2 0.00    3 0.00       0.00   1   1   1
  37  P     3782.56    -1.08998   37 1.00    2 0.00    3 0.00       0.00   1   1   1
  38  P     3937.46    -1.54921   38 1.00    2 0.00    3 0.00       0.00   1   1   1
  39  P     4012.71     0.48274   39 1.00    2 0.00    3 0.00       0.00   1   1   1
   
 *********************************************************** 
  
  AVERAGE MAX PROJECTION     1.000000    St Dev   0.000000
  AVERAGE FREQ DIFF          0.000000    St Dev   0.000000
  AVERAGE ABS FREQ DIFF      0.000000    St Dev   0.000000
  AVERAGE ABS DISPLACE      -5.684167    St Dev  33.866614
  SUM DISPL**2           45991.033594
  
 *********************************************************** 
  

 ADDITIONAL ANALYSIS ON DUSCHINSKY MATRIX
 ----------------------------------------
  Determinant:     1.0000

  ** A = GM·GMT **
  Det(A)     :     1.0000
  Trace(A)   :    39.0000
  Det(A-I)   :     0.0000
  Trace(A-I) :     0.0000
 ----------------------------------------

   
   
 STATE1 MODES SORTED BY DECREASING DIMENSIONLESS SHIFT
   IND    MODE    FREQUENCY DIMENSIONLESS SHIFT
     1       1    -223.14628               NaN
     2       2    -113.43735               NaN
     3       3      78.23581       0.35227E+01
     4      20     929.07491      -0.18207E+01
     5       6     219.83026       0.14933E+01
     6      14     580.73012       0.13696E+01
     7      12     524.81634      -0.13222E+01
     8      33    2078.91486      -0.12751E+01
     9       4     142.07788       0.12225E+01
    10      26    1340.03698      -0.90604E+00
    11      13     567.40719      -0.89983E+00
    12       8     335.78082      -0.86833E+00
    13      32    1882.57617       0.85163E+00
    14      18     879.46715       0.84272E+00
    15      31    1672.99520      -0.73784E+00
    16       7     266.70587      -0.59784E+00
    17      11     486.73892      -0.57292E+00
    18       5     176.87308       0.53582E+00
    19      25    1246.63473      -0.47815E+00
    20      29    1567.25172      -0.43569E+00
    21      22    1043.52954      -0.40041E+00
    22       9     419.91607      -0.33212E+00
    23      10     485.41750       0.29279E+00
    24      28    1480.11306      -0.27634E+00
    25      34    3148.32295      -0.20939E+00
    26      38    3937.45643       0.20750E+00
    27      17     776.23268       0.20704E+00
    28      36    3299.98593      -0.19843E+00
    29      35    3186.19625      -0.16562E+00
    30      27    1390.90747       0.14568E+00
    31      37    3782.56121       0.14309E+00
    32      16     768.08922       0.12966E+00
    33      21     989.69095       0.10916E+00
    34      39    4012.71303      -0.65274E-01
    35      24    1118.64135      -0.39730E-01
    36      15     704.50806      -0.25074E-01
    37      23    1068.60282       0.24711E-01
    38      30    1643.82205      -0.11915E-01
    39      19     888.84801       0.10354E-01
   
   
 MODES OF STATE1 IN ORDER OF DECREASING FR COUPL
 ESTIMATED BY THE MAGNITUDE OF THE 0-0 INTEGRAL
   IND    MODE1  FREQ   MODE2 FR    FR. SHIFT INV0-0
     1     1  -223.14628         1  -223.14628         0.00000         1.00000
     2     2  -113.43735         2  -113.43735         0.00000         1.00000
     3     3    78.23581         3    78.23581         0.00000         1.00000
     4     4   142.07788         4   142.07788         0.00000         1.00000
     5     5   176.87308         5   176.87308         0.00000         1.00000
     6     6   219.83026         6   219.83026         0.00000         1.00000
     7     7   266.70587         7   266.70587         0.00000         1.00000
     8     8   335.78082         8   335.78082         0.00000         1.00000
     9     9   419.91607         9   419.91607         0.00000         1.00000
    10    10   485.41750        10   485.41750         0.00000         1.00000
    11    11   486.73892        11   486.73892         0.00000         1.00000
    12    12   524.81634        12   524.81634         0.00000         1.00000
    13    13   567.40719        13   567.40719         0.00000         1.00000
    14    14   580.73012        14   580.73012         0.00000         1.00000
    15    15   704.50806        15   704.50806         0.00000         1.00000
    16    16   768.08922        16   768.08922         0.00000         1.00000
    17    17   776.23268        17   776.23268         0.00000         1.00000
    18    18   879.46715        18   879.46715         0.00000         1.00000
    19    19   888.84801        19   888.84801         0.00000         1.00000
    20    20   929.07491        20   929.07491         0.00000         1.00000
    21    21   989.69095        21   989.69095         0.00000         1.00000
    22    22  1043.52954        22  1043.52954         0.00000         1.00000
    23    23  1068.60282        23  1068.60282         0.00000         1.00000
    24    24  1118.64135        24  1118.64135         0.00000         1.00000
    25    25  1246.63473        25  1246.63473         0.00000         1.00000
    26    26  1340.03698        26  1340.03698         0.00000         1.00000
    27    27  1390.90747        27  1390.90747         0.00000         1.00000
    28    28  1480.11306        28  1480.11306         0.00000         1.00000
    29    29  1567.25172        29  1567.25172         0.00000         1.00000
    30    30  1643.82205        30  1643.82205         0.00000         1.00000
    31    31  1672.99520        31  1672.99520         0.00000         1.00000
    32    32  1882.57617        32  1882.57617         0.00000         1.00000
    33    33  2078.91486        33  2078.91486         0.00000         1.00000
    34    34  3148.32295        34  3148.32295         0.00000         1.00000
    35    35  3186.19625        35  3186.19625         0.00000         1.00000
    36    36  3299.98593        36  3299.98593         0.00000         1.00000
    37    37  3782.56121        37  3782.56121         0.00000         1.00000
    38    38  3937.45643        38  3937.45643         0.00000         1.00000
    39    39  4012.71303        39  4012.71303         0.00000         1.00000
   
   
   
   
 STATE2 MODES SORTED BY DECREASING DIMENSIONLESS SHIFT
   IND    MODE    FREQUENCY DIMENSIONLESS SHIFT
     1       1    -223.14628               NaN
     2       2    -113.43735               NaN
     3       3      78.23581      -0.35227E+01
     4      20     929.07491       0.18207E+01
     5       6     219.83026      -0.14933E+01
     6      14     580.73012      -0.13696E+01
     7      12     524.81634       0.13222E+01
     8      33    2078.91486       0.12751E+01
     9       4     142.07788      -0.12225E+01
    10      26    1340.03698       0.90604E+00
    11      13     567.40719       0.89983E+00
    12       8     335.78082       0.86833E+00
    13      32    1882.57617      -0.85163E+00
    14      18     879.46715      -0.84272E+00
    15      31    1672.99520       0.73784E+00
    16       7     266.70587       0.59784E+00
    17      11     486.73892       0.57292E+00
    18       5     176.87308      -0.53582E+00
    19      25    1246.63473       0.47815E+00
    20      29    1567.25172       0.43569E+00
    21      22    1043.52954       0.40041E+00
    22       9     419.91607       0.33212E+00
    23      10     485.41750      -0.29279E+00
    24      28    1480.11306       0.27634E+00
    25      34    3148.32295       0.20939E+00
    26      38    3937.45643      -0.20750E+00
    27      17     776.23268      -0.20704E+00
    28      36    3299.98593       0.19843E+00
    29      35    3186.19625       0.16562E+00
    30      27    1390.90747      -0.14568E+00
    31      37    3782.56121      -0.14309E+00
    32      16     768.08922      -0.12966E+00
    33      21     989.69095      -0.10916E+00
    34      39    4012.71303       0.65274E-01
    35      24    1118.64135       0.39730E-01
    36      15     704.50806       0.25074E-01
    37      23    1068.60282      -0.24711E-01
    38      30    1643.82205       0.11915E-01
    39      19     888.84801      -0.10354E-01
   
   
 MODES OF STATE2 IN ORDER OF DECREASING FR COUPL
 ESTIMATED BY THE MAGNITUDE OF THE 0-0 INTEGRAL
   IND    MODE2  FREQ   MODE1 FR    FR. SHIFT INV0-0
     1     1  -223.14628         1  -223.14628         0.00000         1.00000
     2     2  -113.43735         2  -113.43735         0.00000         1.00000
     3     3    78.23581         3    78.23581         0.00000         1.00000
     4     4   142.07788         4   142.07788         0.00000         1.00000
     5     5   176.87308         5   176.87308         0.00000         1.00000
     6     6   219.83026         6   219.83026         0.00000         1.00000
     7     7   266.70587         7   266.70587         0.00000         1.00000
     8     8   335.78082         8   335.78082         0.00000         1.00000
     9     9   419.91607         9   419.91607         0.00000         1.00000
    10    10   485.41750        10   485.41750         0.00000         1.00000
    11    11   486.73892        11   486.73892         0.00000         1.00000
    12    12   524.81634        12   524.81634         0.00000         1.00000
    13    13   567.40719        13   567.40719         0.00000         1.00000
    14    14   580.73012        14   580.73012         0.00000         1.00000
    15    15   704.50806        15   704.50806         0.00000         1.00000
    16    16   768.08922        16   768.08922         0.00000         1.00000
    17    17   776.23268        17   776.23268         0.00000         1.00000
    18    18   879.46715        18   879.46715         0.00000         1.00000
    19    19   888.84801        19   888.84801         0.00000         1.00000
    20    20   929.07491        20   929.07491         0.00000         1.00000
    21    21   989.69095        21   989.69095         0.00000         1.00000
    22    22  1043.52954        22  1043.52954         0.00000         1.00000
    23    23  1068.60282        23  1068.60282         0.00000         1.00000
    24    24  1118.64135        24  1118.64135         0.00000         1.00000
    25    25  1246.63473        25  1246.63473         0.00000         1.00000
    26    26  1340.03698        26  1340.03698         0.00000         1.00000
    27    27  1390.90747        27  1390.90747         0.00000         1.00000
    28    28  1480.11306        28  1480.11306         0.00000         1.00000
    29    29  1567.25172        29  1567.25172         0.00000         1.00000
    30    30  1643.82205        30  1643.82205         0.00000         1.00000
    31    31  1672.99520        31  1672.99520         0.00000         1.00000
    32    32  1882.57617        32  1882.57617         0.00000         1.00000
    33    33  2078.91486        33  2078.91486         0.00000         1.00000
    34    34  3148.32295        34  3148.32295         0.00000         1.00000
    35    35  3186.19625        35  3186.19625         0.00000         1.00000
    36    36  3299.98593        36  3299.98593         0.00000         1.00000
    37    37  3782.56121        37  3782.56121         0.00000         1.00000
    38    38  3937.45643        38  3937.45643         0.00000         1.00000
    39    39  4012.71303        39  4012.71303         0.00000         1.00000
   
   
  
  
 DIMENSIONLESS SHIFTS 
   IND     STATE1       STATE2
     1             NaN             NaN
     2             NaN             NaN
     3     0.35227E+01    -0.35227E+01
     4     0.12225E+01    -0.12225E+01
     5     0.53582E+00    -0.53582E+00
     6     0.14933E+01    -0.14933E+01
     7    -0.59784E+00     0.59784E+00
     8    -0.86833E+00     0.86833E+00
     9    -0.33212E+00     0.33212E+00
    10     0.29279E+00    -0.29279E+00
    11    -0.57292E+00     0.57292E+00
    12    -0.13222E+01     0.13222E+01
    13    -0.89983E+00     0.89983E+00
    14     0.13696E+01    -0.13696E+01
    15    -0.25074E-01     0.25074E-01
    16     0.12966E+00    -0.12966E+00
    17     0.20704E+00    -0.20704E+00
    18     0.84272E+00    -0.84272E+00
    19     0.10354E-01    -0.10354E-01
    20    -0.18207E+01     0.18207E+01
    21     0.10916E+00    -0.10916E+00
    22    -0.40041E+00     0.40041E+00
    23     0.24711E-01    -0.24711E-01
    24    -0.39730E-01     0.39730E-01
    25    -0.47815E+00     0.47815E+00
    26    -0.90604E+00     0.90604E+00
    27     0.14568E+00    -0.14568E+00
    28    -0.27634E+00     0.27634E+00
    29    -0.43569E+00     0.43569E+00
    30    -0.11915E-01     0.11915E-01
    31    -0.73784E+00     0.73784E+00
    32     0.85163E+00    -0.85163E+00
    33    -0.12751E+01     0.12751E+01
    34    -0.20939E+00     0.20939E+00
    35    -0.16562E+00     0.16562E+00
    36    -0.19843E+00     0.19843E+00
    37     0.14309E+00    -0.14309E+00
    38     0.20750E+00    -0.20750E+00
    39    -0.65274E-01     0.65274E-01
  SUM SQUARED DIMENSIONLESS DISPL STATE1       29.1950
  SUM SQUARED DIMENSIONLESS DISPL STATE2       29.1950
  VALUE STATE1 GROUND VIB WAVEFUN AT GEO2       0.0000
  VALUE STATE2 GROUND VIB WAVEFUN AT GEO1       0.0000
  VALUE STATE1 GROUND VIB WAVEFUN AT (GEO1+GEO2)/2      0.0260
  VALUE STATE2 GROUND VIB WAVEFUN AT (GEO1+GEO2)/2      0.0260

 Printing Duschinski matrix to 'duschinsky.dat'


 Printing Shift vector to 'displacement.dat'


WARNING: An imaginary frequency found on State 1:     -223.146
         It is turned real,                   
         which will cause artefacts.                                                                         
 

WARNING: An imaginary frequency found on State 2:     -223.146
         It is turned real,                   
         which will cause artefacts.                                                                         
 

WARNING: An imaginary frequency found on State 1:     -113.437
         It is turned real,                   
         which will cause artefacts.                                                                         
 

WARNING: An imaginary frequency found on State 2:     -113.437
         It is turned real,                   
         which will cause artefacts.                                                                         
 

NOTE: DE read from input:   5.501 (eV)                                                                    
 


 ===========================
  REORGANIZATION ENERGY
 ===========================
     0.039319  (Hartree)
     1.069931  (eV)


 ------------------------------------------------------
 Extrapolation form (generalized) vertical point:
 ------------------------------------------------------
 Extrapolated vertical energy:        5.50120  (eV)
 Extrapolated adiabatic energy:       5.50120  (eV)
 Extrapolated reorg. energy   :       0.00000  (eV)
 ------------------------------------------------------



 ===============================
  ZERO-POINT ENERGY CORRECTIONS 
 ===============================


                    ZERO POINT ENERGY IN CM-1
    E01=     24729.14    E02=     24729.14


                    0-0 ENERGY DIFFERENCE
       4.43127 eV


                    ADIABATIC ENERGY     
       4.43127 eV




 ====================

  TRANSITION DIPOLES 

 ====================
 Model for tr. dipoles: FC
 Reading electric dipole file: eldip_snap100.S1_fchk
 


 ================= 
  TRANSITION INFO  
 ================= 
            DATA FOR VERTICAL TRANSITION 
  electric transition dipoles (au) at initial GEO 1
           -1.18278822    0.39457879   -0.05352837
  electric transition dipoles (au) at initial GEO 2
           -1.18278822    0.39457879   -0.05352837
  Square tr dipoles: geo1  1.55754568  geo2   1.55754568  Diff (d1-d2)/d1    0.0000 %
   
 ------------------
  State2 -> State1
 ------------------
 Reorganization Energy (eV) on State1        1.069932
 Vertical emission energy (eV)               3.361339
 Fluorescence lifetime from minimum (ns)  1.590254E+01
 ********************************************** 
   
 ------------------
  State1 -> State2
 ------------------
 Reorganization Energy on State2 (eV)        1.069932
 Vertical absorption energy (eV)             5.501203
 Absorption oscillator strength           2.099212E-01
 ********************************************** 
   

NOTE: Spectra resolution set to:  0.00400                                                                 
 

NOTE: To ensure exact match of TI and TD resuls, final spectral range reset to:    4.0000-                
       9.0000(eV)                                                                                         
 

 ----------------------------------------
 Refined spectral range for simulations: 
  nene       =      1251
  From E(eV) =    4.0000
  To   E(eV) =    9.0000
 
 Related time-domain parameters
 (with energy shift & extended range):
  ntime =          652
  dt    =       0.7929
  tfin  =     516.5620
 Shift info (for external FT)
  dE_ext=  0.104000    
  Eshift=   3.89600    
 ----------------------------------------


NOTE: Changing Ead to optimize TD method before entering the spectrum calculation.Ead(original)=          
        4.431 (eV); Ead(shifted )=   0.535 (eV)                                                           
 


Computing RR 2D spectrum (TD)
-----------------------------

 SUMMARY OF CALCULATION OPTIONS
 -------------------------------
 Adiabatic Energy (eV)  :   4.4313
 Shifted Ad. Energy (eV):   0.5353

 Tipe of transition     : ABS-ECDNO

 Dipole aproximation    : FC-FC
 El. dipole at ref geom :    -1.18       0.395      -0.535E-01

 Numerical evaluation of xi(t)
         Total time (fs):   516.562
         Nr data points : 652
         Time step (fs) :  0.793    

 Broad. function        : LOR  
 Broad. exponent        :    1.470E-03
 Broad. order           : 1
 -------------------------------

 Computing correlation functions over 652 points



RAILEIGH BAND
-------------------

 Final osc. energy (cm-1) =     0.000


 ____________________________________________
  ============================================
  PROGRAM: td_rr_00
   RR 0->0 band at 0K with a harmonic 
   TD formulation                           
 ____________________________________________
  ============================================
 


* (rho,sigma = 1 1) *
 Calling FFT with 1304 points

 Fourie-Transform with: fft_calc subroutine (FFTW)
 =========== tdspectra finished ===========  
 Timing...
  CPU (s) for tdspectra :       0.211
 ==========================================
                                           

NOTE: FOUND POINT OF THE SCAN CLOSEST TO THE ABS MAX                                                      
 
 Ebest(eV) =     5.50
 Evert(eV) =     5.50



FUNDAMENTAL BANDS
-------------------



** Computing band for mode 1 **
 Final osc. energy (cm-1) =   223.146


 ____________________________________________
  ============================================
  PROGRAM: td_rr_1k
   RR fundamentals at 0K with a harmonic 
   TD formulation                           
 ____________________________________________
  ============================================
 


* (rho,sigma = 1 1) *
 Calling FFT with 1304 points

 Fourie-Transform with: fft_calc subroutine (FFTW)
 =========== tdspectra finished ===========  
 Timing...
  CPU (s) for tdspectra :       0.186
 ==========================================
                                           


** Computing band for mode 2 **
 Final osc. energy (cm-1) =   113.437


 ____________________________________________
  ============================================
  PROGRAM: td_rr_1k
   RR fundamentals at 0K with a harmonic 
   TD formulation                           
 ____________________________________________
  ============================================
 


* (rho,sigma = 1 1) *
 Calling FFT with 1304 points

 Fourie-Transform with: fft_calc subroutine (FFTW)
 =========== tdspectra finished ===========  
 Timing...
  CPU (s) for tdspectra :       0.187
 ==========================================
                                           


** Computing band for mode 3 **
 Final osc. energy (cm-1) =    78.236


 ____________________________________________
  ============================================
  PROGRAM: td_rr_1k
   RR fundamentals at 0K with a harmonic 
   TD formulation                           
 ____________________________________________
  ============================================
 


* (rho,sigma = 1 1) *
 Calling FFT with 1304 points

 Fourie-Transform with: fft_calc subroutine (FFTW)
 =========== tdspectra finished ===========  
 Timing...
  CPU (s) for tdspectra :       0.187
 ==========================================
                                           


** Computing band for mode 4 **
 Final osc. energy (cm-1) =   142.078


 ____________________________________________
  ============================================
  PROGRAM: td_rr_1k
   RR fundamentals at 0K with a harmonic 
   TD formulation                           
 ____________________________________________
  ============================================
 


* (rho,sigma = 1 1) *
 Calling FFT with 1304 points

 Fourie-Transform with: fft_calc subroutine (FFTW)
 =========== tdspectra finished ===========  
 Timing...
  CPU (s) for tdspectra :       0.187
 ==========================================
                                           


** Computing band for mode 5 **
 Final osc. energy (cm-1) =   176.873


 ____________________________________________
  ============================================
  PROGRAM: td_rr_1k
   RR fundamentals at 0K with a harmonic 
   TD formulation                           
 ____________________________________________
  ============================================
 


* (rho,sigma = 1 1) *
 Calling FFT with 1304 points

 Fourie-Transform with: fft_calc subroutine (FFTW)
 =========== tdspectra finished ===========  
 Timing...
  CPU (s) for tdspectra :       0.186
 ==========================================
                                           


** Computing band for mode 6 **
 Final osc. energy (cm-1) =   219.830


 ____________________________________________
  ============================================
  PROGRAM: td_rr_1k
   RR fundamentals at 0K with a harmonic 
   TD formulation                           
 ____________________________________________
  ============================================
 


* (rho,sigma = 1 1) *
 Calling FFT with 1304 points

 Fourie-Transform with: fft_calc subroutine (FFTW)
 =========== tdspectra finished ===========  
 Timing...
  CPU (s) for tdspectra :       0.187
 ==========================================
                                           


** Computing band for mode 7 **
 Final osc. energy (cm-1) =   266.706


 ____________________________________________
  ============================================
  PROGRAM: td_rr_1k
   RR fundamentals at 0K with a harmonic 
   TD formulation                           
 ____________________________________________
  ============================================
 


* (rho,sigma = 1 1) *
 Calling FFT with 1304 points

 Fourie-Transform with: fft_calc subroutine (FFTW)
 =========== tdspectra finished ===========  
 Timing...
  CPU (s) for tdspectra :       0.186
 ==========================================
                                           


** Computing band for mode 8 **
 Final osc. energy (cm-1) =   335.781


 ____________________________________________
  ============================================
  PROGRAM: td_rr_1k
   RR fundamentals at 0K with a harmonic 
   TD formulation                           
 ____________________________________________
  ============================================
 


* (rho,sigma = 1 1) *
 Calling FFT with 1304 points

 Fourie-Transform with: fft_calc subroutine (FFTW)
 =========== tdspectra finished ===========  
 Timing...
  CPU (s) for tdspectra :       0.187
 ==========================================
                                           


** Computing band for mode 9 **
 Final osc. energy (cm-1) =   419.916


 ____________________________________________
  ============================================
  PROGRAM: td_rr_1k
   RR fundamentals at 0K with a harmonic 
   TD formulation                           
 ____________________________________________
  ============================================
 


* (rho,sigma = 1 1) *
 Calling FFT with 1304 points

 Fourie-Transform with: fft_calc subroutine (FFTW)
 =========== tdspectra finished ===========  
 Timing...
  CPU (s) for tdspectra :       0.184
 ==========================================
                                           


** Computing band for mode 10 **
 Final osc. energy (cm-1) =   485.417


 ____________________________________________
  ============================================
  PROGRAM: td_rr_1k
   RR fundamentals at 0K with a harmonic 
   TD formulation                           
 ____________________________________________
  ============================================
 


* (rho,sigma = 1 1) *
 Calling FFT with 1304 points

 Fourie-Transform with: fft_calc subroutine (FFTW)
 =========== tdspectra finished ===========  
 Timing...
  CPU (s) for tdspectra :       0.168
 ==========================================
                                           


** Computing band for mode 11 **
 Final osc. energy (cm-1) =   486.739


 ____________________________________________
  ============================================
  PROGRAM: td_rr_1k
   RR fundamentals at 0K with a harmonic 
   TD formulation                           
 ____________________________________________
  ============================================
 


* (rho,sigma = 1 1) *
 Calling FFT with 1304 points

 Fourie-Transform with: fft_calc subroutine (FFTW)
 =========== tdspectra finished ===========  
 Timing...
  CPU (s) for tdspectra :       0.168
 ==========================================
                                           


** Computing band for mode 12 **
 Final osc. energy (cm-1) =   524.816


 ____________________________________________
  ============================================
  PROGRAM: td_rr_1k
   RR fundamentals at 0K with a harmonic 
   TD formulation                           
 ____________________________________________
  ============================================
 


* (rho,sigma = 1 1) *
 Calling FFT with 1304 points

 Fourie-Transform with: fft_calc subroutine (FFTW)
 =========== tdspectra finished ===========  
 Timing...
  CPU (s) for tdspectra :       0.168
 ==========================================
                                           


** Computing band for mode 13 **
 Final osc. energy (cm-1) =   567.407


 ____________________________________________
  ============================================
  PROGRAM: td_rr_1k
   RR fundamentals at 0K with a harmonic 
   TD formulation                           
 ____________________________________________
  ============================================
 


* (rho,sigma = 1 1) *
 Calling FFT with 1304 points

 Fourie-Transform with: fft_calc subroutine (FFTW)
 =========== tdspectra finished ===========  
 Timing...
  CPU (s) for tdspectra :       0.168
 ==========================================
                                           


** Computing band for mode 14 **
 Final osc. energy (cm-1) =   580.730


 ____________________________________________
  ============================================
  PROGRAM: td_rr_1k
   RR fundamentals at 0K with a harmonic 
   TD formulation                           
 ____________________________________________
  ============================================
 


* (rho,sigma = 1 1) *
 Calling FFT with 1304 points

 Fourie-Transform with: fft_calc subroutine (FFTW)
 =========== tdspectra finished ===========  
 Timing...
  CPU (s) for tdspectra :       0.168
 ==========================================
                                           


** Computing band for mode 15 **
 Final osc. energy (cm-1) =   704.508


 ____________________________________________
  ============================================
  PROGRAM: td_rr_1k
   RR fundamentals at 0K with a harmonic 
   TD formulation                           
 ____________________________________________
  ============================================
 


* (rho,sigma = 1 1) *
 Calling FFT with 1304 points

 Fourie-Transform with: fft_calc subroutine (FFTW)
 =========== tdspectra finished ===========  
 Timing...
  CPU (s) for tdspectra :       0.168
 ==========================================
                                           


** Computing band for mode 16 **
 Final osc. energy (cm-1) =   768.089


 ____________________________________________
  ============================================
  PROGRAM: td_rr_1k
   RR fundamentals at 0K with a harmonic 
   TD formulation                           
 ____________________________________________
  ============================================
 


* (rho,sigma = 1 1) *
 Calling FFT with 1304 points

 Fourie-Transform with: fft_calc subroutine (FFTW)
 =========== tdspectra finished ===========  
 Timing...
  CPU (s) for tdspectra :       0.168
 ==========================================
                                           


** Computing band for mode 17 **
 Final osc. energy (cm-1) =   776.233


 ____________________________________________
  ============================================
  PROGRAM: td_rr_1k
   RR fundamentals at 0K with a harmonic 
   TD formulation                           
 ____________________________________________
  ============================================
 


* (rho,sigma = 1 1) *
 Calling FFT with 1304 points

 Fourie-Transform with: fft_calc subroutine (FFTW)
 =========== tdspectra finished ===========  
 Timing...
  CPU (s) for tdspectra :       0.168
 ==========================================
                                           


** Computing band for mode 18 **
 Final osc. energy (cm-1) =   879.467


 ____________________________________________
  ============================================
  PROGRAM: td_rr_1k
   RR fundamentals at 0K with a harmonic 
   TD formulation                           
 ____________________________________________
  ============================================
 


* (rho,sigma = 1 1) *
 Calling FFT with 1304 points

 Fourie-Transform with: fft_calc subroutine (FFTW)
 =========== tdspectra finished ===========  
 Timing...
  CPU (s) for tdspectra :       0.168
 ==========================================
                                           


** Computing band for mode 19 **
 Final osc. energy (cm-1) =   888.848


 ____________________________________________
  ============================================
  PROGRAM: td_rr_1k
   RR fundamentals at 0K with a harmonic 
   TD formulation                           
 ____________________________________________
  ============================================
 


* (rho,sigma = 1 1) *
 Calling FFT with 1304 points

 Fourie-Transform with: fft_calc subroutine (FFTW)
 =========== tdspectra finished ===========  
 Timing...
  CPU (s) for tdspectra :       0.168
 ==========================================
                                           


** Computing band for mode 20 **
 Final osc. energy (cm-1) =   929.075


 ____________________________________________
  ============================================
  PROGRAM: td_rr_1k
   RR fundamentals at 0K with a harmonic 
   TD formulation                           
 ____________________________________________
  ============================================
 


* (rho,sigma = 1 1) *
 Calling FFT with 1304 points

 Fourie-Transform with: fft_calc subroutine (FFTW)
 =========== tdspectra finished ===========  
 Timing...
  CPU (s) for tdspectra :       0.168
 ==========================================
                                           


** Computing band for mode 21 **
 Final osc. energy (cm-1) =   989.691


 ____________________________________________
  ============================================
  PROGRAM: td_rr_1k
   RR fundamentals at 0K with a harmonic 
   TD formulation                           
 ____________________________________________
  ============================================
 


* (rho,sigma = 1 1) *
 Calling FFT with 1304 points

 Fourie-Transform with: fft_calc subroutine (FFTW)
 =========== tdspectra finished ===========  
 Timing...
  CPU (s) for tdspectra :       0.168
 ==========================================
                                           


** Computing band for mode 22 **
 Final osc. energy (cm-1) =  1043.530


 ____________________________________________
  ============================================
  PROGRAM: td_rr_1k
   RR fundamentals at 0K with a harmonic 
   TD formulation                           
 ____________________________________________
  ============================================
 


* (rho,sigma = 1 1) *
 Calling FFT with 1304 points

 Fourie-Transform with: fft_calc subroutine (FFTW)
 =========== tdspectra finished ===========  
 Timing...
  CPU (s) for tdspectra :       0.168
 ==========================================
                                           


** Computing band for mode 23 **
 Final osc. energy (cm-1) =  1068.603


 ____________________________________________
  ============================================
  PROGRAM: td_rr_1k
   RR fundamentals at 0K with a harmonic 
   TD formulation                           
 ____________________________________________
  ============================================
 


* (rho,sigma = 1 1) *
 Calling FFT with 1304 points

 Fourie-Transform with: fft_calc subroutine (FFTW)
 =========== tdspectra finished ===========  
 Timing...
  CPU (s) for tdspectra :       0.168
 ==========================================
                                           


** Computing band for mode 24 **
 Final osc. energy (cm-1) =  1118.641


 ____________________________________________
  ============================================
  PROGRAM: td_rr_1k
   RR fundamentals at 0K with a harmonic 
   TD formulation                           
 ____________________________________________
  ============================================
 


* (rho,sigma = 1 1) *
 Calling FFT with 1304 points

 Fourie-Transform with: fft_calc subroutine (FFTW)
 =========== tdspectra finished ===========  
 Timing...
  CPU (s) for tdspectra :       0.168
 ==========================================
                                           


** Computing band for mode 25 **
 Final osc. energy (cm-1) =  1246.635


 ____________________________________________
  ============================================
  PROGRAM: td_rr_1k
   RR fundamentals at 0K with a harmonic 
   TD formulation                           
 ____________________________________________
  ============================================
 


* (rho,sigma = 1 1) *
 Calling FFT with 1304 points

 Fourie-Transform with: fft_calc subroutine (FFTW)
 =========== tdspectra finished ===========  
 Timing...
  CPU (s) for tdspectra :       0.168
 ==========================================
                                           


** Computing band for mode 26 **
 Final osc. energy (cm-1) =  1340.037


 ____________________________________________
  ============================================
  PROGRAM: td_rr_1k
   RR fundamentals at 0K with a harmonic 
   TD formulation                           
 ____________________________________________
  ============================================
 


* (rho,sigma = 1 1) *
 Calling FFT with 1304 points

 Fourie-Transform with: fft_calc subroutine (FFTW)
 =========== tdspectra finished ===========  
 Timing...
  CPU (s) for tdspectra :       0.168
 ==========================================
                                           


** Computing band for mode 27 **
 Final osc. energy (cm-1) =  1390.907


 ____________________________________________
  ============================================
  PROGRAM: td_rr_1k
   RR fundamentals at 0K with a harmonic 
   TD formulation                           
 ____________________________________________
  ============================================
 


* (rho,sigma = 1 1) *
 Calling FFT with 1304 points

 Fourie-Transform with: fft_calc subroutine (FFTW)
 =========== tdspectra finished ===========  
 Timing...
  CPU (s) for tdspectra :       0.168
 ==========================================
                                           


** Computing band for mode 28 **
 Final osc. energy (cm-1) =  1480.113


 ____________________________________________
  ============================================
  PROGRAM: td_rr_1k
   RR fundamentals at 0K with a harmonic 
   TD formulation                           
 ____________________________________________
  ============================================
 


* (rho,sigma = 1 1) *
 Calling FFT with 1304 points

 Fourie-Transform with: fft_calc subroutine (FFTW)
 =========== tdspectra finished ===========  
 Timing...
  CPU (s) for tdspectra :       0.168
 ==========================================
                                           


** Computing band for mode 29 **
 Final osc. energy (cm-1) =  1567.252


 ____________________________________________
  ============================================
  PROGRAM: td_rr_1k
   RR fundamentals at 0K with a harmonic 
   TD formulation                           
 ____________________________________________
  ============================================
 


* (rho,sigma = 1 1) *
 Calling FFT with 1304 points

 Fourie-Transform with: fft_calc subroutine (FFTW)
 =========== tdspectra finished ===========  
 Timing...
  CPU (s) for tdspectra :       0.168
 ==========================================
                                           


** Computing band for mode 30 **
 Final osc. energy (cm-1) =  1643.822


 ____________________________________________
  ============================================
  PROGRAM: td_rr_1k
   RR fundamentals at 0K with a harmonic 
   TD formulation                           
 ____________________________________________
  ============================================
 


* (rho,sigma = 1 1) *
 Calling FFT with 1304 points

 Fourie-Transform with: fft_calc subroutine (FFTW)
 =========== tdspectra finished ===========  
 Timing...
  CPU (s) for tdspectra :       0.168
 ==========================================
                                           


** Computing band for mode 31 **
 Final osc. energy (cm-1) =  1672.995


 ____________________________________________
  ============================================
  PROGRAM: td_rr_1k
   RR fundamentals at 0K with a harmonic 
   TD formulation                           
 ____________________________________________
  ============================================
 


* (rho,sigma = 1 1) *
 Calling FFT with 1304 points

 Fourie-Transform with: fft_calc subroutine (FFTW)
 =========== tdspectra finished ===========  
 Timing...
  CPU (s) for tdspectra :       0.168
 ==========================================
                                           


** Computing band for mode 32 **
 Final osc. energy (cm-1) =  1882.576


 ____________________________________________
  ============================================
  PROGRAM: td_rr_1k
   RR fundamentals at 0K with a harmonic 
   TD formulation                           
 ____________________________________________
  ============================================
 


* (rho,sigma = 1 1) *
 Calling FFT with 1304 points

 Fourie-Transform with: fft_calc subroutine (FFTW)
 =========== tdspectra finished ===========  
 Timing...
  CPU (s) for tdspectra :       0.168
 ==========================================
                                           


** Computing band for mode 33 **
 Final osc. energy (cm-1) =  2078.915


 ____________________________________________
  ============================================
  PROGRAM: td_rr_1k
   RR fundamentals at 0K with a harmonic 
   TD formulation                           
 ____________________________________________
  ============================================
 


* (rho,sigma = 1 1) *
 Calling FFT with 1304 points

 Fourie-Transform with: fft_calc subroutine (FFTW)
 =========== tdspectra finished ===========  
 Timing...
  CPU (s) for tdspectra :       0.168
 ==========================================
                                           


** Computing band for mode 34 **
 Final osc. energy (cm-1) =  3148.323


 ____________________________________________
  ============================================
  PROGRAM: td_rr_1k
   RR fundamentals at 0K with a harmonic 
   TD formulation                           
 ____________________________________________
  ============================================
 


* (rho,sigma = 1 1) *
 Calling FFT with 1304 points

 Fourie-Transform with: fft_calc subroutine (FFTW)
 =========== tdspectra finished ===========  
 Timing...
  CPU (s) for tdspectra :       0.168
 ==========================================
                                           


** Computing band for mode 35 **
 Final osc. energy (cm-1) =  3186.196


 ____________________________________________
  ============================================
  PROGRAM: td_rr_1k
   RR fundamentals at 0K with a harmonic 
   TD formulation                           
 ____________________________________________
  ============================================
 


* (rho,sigma = 1 1) *
 Calling FFT with 1304 points

 Fourie-Transform with: fft_calc subroutine (FFTW)
 =========== tdspectra finished ===========  
 Timing...
  CPU (s) for tdspectra :       0.168
 ==========================================
                                           


** Computing band for mode 36 **
 Final osc. energy (cm-1) =  3299.986


 ____________________________________________
  ============================================
  PROGRAM: td_rr_1k
   RR fundamentals at 0K with a harmonic 
   TD formulation                           
 ____________________________________________
  ============================================
 


* (rho,sigma = 1 1) *
 Calling FFT with 1304 points

 Fourie-Transform with: fft_calc subroutine (FFTW)
 =========== tdspectra finished ===========  
 Timing...
  CPU (s) for tdspectra :       0.168
 ==========================================
                                           


** Computing band for mode 37 **
 Final osc. energy (cm-1) =  3782.561


 ____________________________________________
  ============================================
  PROGRAM: td_rr_1k
   RR fundamentals at 0K with a harmonic 
   TD formulation                           
 ____________________________________________
  ============================================
 


* (rho,sigma = 1 1) *
 Calling FFT with 1304 points

 Fourie-Transform with: fft_calc subroutine (FFTW)
 =========== tdspectra finished ===========  
 Timing...
  CPU (s) for tdspectra :       0.168
 ==========================================
                                           


** Computing band for mode 38 **
 Final osc. energy (cm-1) =  3937.456


 ____________________________________________
  ============================================
  PROGRAM: td_rr_1k
   RR fundamentals at 0K with a harmonic 
   TD formulation                           
 ____________________________________________
  ============================================
 


* (rho,sigma = 1 1) *
 Calling FFT with 1304 points

 Fourie-Transform with: fft_calc subroutine (FFTW)
 =========== tdspectra finished ===========  
 Timing...
  CPU (s) for tdspectra :       0.168
 ==========================================
                                           


** Computing band for mode 39 **
 Final osc. energy (cm-1) =  4012.713


 ____________________________________________
  ============================================
  PROGRAM: td_rr_1k
   RR fundamentals at 0K with a harmonic 
   TD formulation                           
 ____________________________________________
  ============================================
 


* (rho,sigma = 1 1) *
 Calling FFT with 1304 points

 Fourie-Transform with: fft_calc subroutine (FFTW)
 =========== tdspectra finished ===========  
 Timing...
  CPU (s) for tdspectra :       0.168
 ==========================================
                                           
 =========== compRR_TD finished ===========  
 Timing...
  CPU (s) for compRR_TD :       8.467
 ==========================================




===============================

 SUMMARY OF NOTES AND WARNINGS

===============================
 ---------------------------------
 8 notes raised along the run
 Look for NOTE in the output
 ---------------------------------

 ---------------------------------
 6 warnings raised along the run
 Look for WARNING in the output
 ---------------------------------

 
 ****************** FCclasses finished *******************
 Timing...   
  CPU (s)       8.489
 *********************************************************
 
 FCclasses finished with warnings
