 
                                                    \ /               
                                              ..-'''-*-               
                                              \.-'''\ \               
      _____ _____      _                             | |              
     |  ___/  __ \    | |                         __/ /               
     | |_  | /  \/ ___| | __ _ ___ ___  ___  ___ |_  '.               
     |  _| | |    / __| |/ _` / __/ __|/ _ \/ __|   `.  \             
     | |   | \__/\ (__| | (_| \__ \__ \  __/\__ \     \ '.            
     \_|    \____/\___|_|\__,_|___/___/\___||___/      , |            
                                                       | |            
                                                      / ,'            
                                              -....--'  /             
                                              `.. __..-'              
                                                                      
 ********************************************************* 
   FCCLASSES3:                                             
   A code for vibronic simulations                         
                                                           
                                                           
  References:                                              
   J. Chem. Phys., 
   Comput. Theor. Chem., 
 ********************************************************* 


 GIT VERSION INFO
  Commit id  : 76a0924
  Commit date: 2021-07-08 17:04:19 +0200

 CURRENT RUN INFO
  Date&Time  : 2023-06-22, 17:51:38
  Input file : STDIN
  Input type : NEW



 INPUT OPTIONS:
-------------------------------
$$$
;GENERAL OPTIONS:
; NAT        = (read from structure files)
; NVIB       = (determined vibrational analysis)
PROPERTY     =   OPA   
MODEL        =   VG   
DIPOLE       =   FC   
DIPDER_COORD =   CARTESIAN  
NR0_COUPL    =   0.00000
TEMP         =     0.00
DE           =   5.03890 ; If DE<0, read from state files
BROADFUN     =   VOI  
HWHM         =   0.1200
HWHM2        =   0.0400
RESOL        =   0.0120  ; (default: HWHM/10)
METHOD       =   TD   
ROT          =   1
SPCMIN       =   4.000
SPCMAX       =   9.000
;VIBRATIONAL ANALYSIS
NORMALMODES  =   COMPUTE  
RM_COORD     =   NONE    
COORDS       =   CARTESIAN  
FORCE_REAL   =   YES  
;INPUT DATA FILES
STATE1_FILE  =   ../opt_grdt.fcc
STATE2_FILE  =   ../hessian_2.fcc
MASS_FILE    =   
ELDIP_FILE   =   ../elecdip.txt
MAGDIP_FILE  =   ../magdip_Thymine6311-es2_fchk
NAC_FILE     =   
HESS1_FILE   =   ../opt_grdt.fcc
HESS2_FILE   =   ../opt_grdt.fcc
GRAD1_FILE   =   ../opt_grdt.fcc
GRAD2_COORD  =   CARTESIAN
GRAD2_FILE   =   ../hessian_2.fcc
;VERBOSE LEVEL
VERBOSE      =   1
  
-------------------------------



 ==> State 1 <==

 Geometry file: ../opt_grdt.fcc


 Gradient file: ../opt_grdt.fcc

NOTE: The calculation for this State will assume stationary point since the gradient is                   
      small (maximum atomic gradient:   0.000177 a.u.)                                                    
 
 Hessian file: ../opt_grdt.fcc



 ---------------------------------------
  Check effect of symmetry operations
  on Hessian elements (or gs^t\beta)
 ---------------------------------------

 Using input geometry instead of rotating to principal axis of intertia to detect symmetry


NOTE: Cannot determine symmetry. Set to C1 (no symmetric atoms)                                           
 
 
 ---------------------------------------



 =========================
  ANALYSIS OF DOFs
 =========================

 => STATE 1 <=
 Geometry (Angstroms)
 15    # Nr. of atoms
   Atom       X         Y         Z      Mass
N         -0.7280    1.0201    1.4541   14.0031
N         -1.1151   -1.2455    1.4685   14.0031
C         -1.6799    0.0181    1.5030   12.0000
C          0.2461   -1.4833    1.4889   12.0000
C          1.1573   -0.4838    1.4826   12.0000
C          2.6381   -0.6999    1.5031   12.0000
C          0.6747    0.8976    1.4924   12.0000
O          1.3871    1.8974    1.5260   15.9949
O         -2.8878    0.2149    1.5552   15.9949
H          0.5282   -2.5270    1.5033    1.0078
H         -1.0894    1.9658    1.4847    1.0078
H         -1.7763   -2.0056    1.5150    1.0078
H          2.8760   -1.7621    1.4956    1.0078
H          3.0773   -0.2461    2.3898    1.0078
H          3.1019   -0.2291    0.6379    1.0078
 

 ---------------------------------------------
   INERTIA TENSOR
 ---------------------------------------------

             1           2           3
  
    1288897.45765-15702.07756  2323.71343
    2-15702.07756660208.59784 -1797.67877
    3  2323.71343 -1797.67877943067.50593
 ---------------------------------------------


 ------------------------------------------------
   ROTATIONAL CONSTANTS (AND ROTATION MATRIX)
 ------------------------------------------------

 ROOT NO.    1           2           3

    ************************************
  
    1    -0.99911    -0.04216     0.00343
    2    -0.04213     0.99909     0.00671
    3     0.00371    -0.00656     0.99997
 ------------------------------------------------

  Rotational constants (GHz)
     3.19626     1.39402     0.97684
  Rotational temperatures (K)
     0.15340     0.06690     0.04688


 -------------------
  DOF   Dimension
 -------------------
  Vib    39
  Rot    3
  Tra    3
 -------------------


 Translating State1 to its Center of Mass
 Initial COM:      -0.0524      0.0379      1.4991


 ================================
  VIBRATIONAL ANALYSIS ON STATE1
 ================================

 ----------------------------------
   Redundant Frequencies (cm-1)
 ----------------------------------
     1    -0.00003
     2    -0.00002
     3    -0.00001
     4     0.00001
     5     0.00001
     6     0.00002
 ----------------------------------


 ------------------------
   FREQUENCIES (cm-1)
 ------------------------
     1   103.04342
     2   116.07733
     3   142.15959
     4   276.33083
     5   282.07417
     6   351.15832
     7   387.36461
     8   458.56898
     9   541.16424
    10   561.56068
    11   604.60187
    12   654.15557
    13   702.90015
    14   738.47192
    15   748.38080
    16   811.34899
    17   878.67937
    18   983.16447
    19  1043.43774
    20  1082.96669
    21  1177.82320
    22  1225.18062
    23  1281.14789
    24  1402.44514
    25  1414.70811
    26  1443.58020
    27  1468.56446
    28  1523.50310
    29  1528.44042
    30  1554.89264
    31  1728.55790
    32  1773.85625
    33  1832.66568
    34  3135.49702
    35  3229.91797
    36  3237.14859
    37  3289.28563
    38  3664.95526
    39  3714.59076
 ------------------------

 =====================
  THERMOCHEMISTRY     
 =====================
  Temperature (K):    0.00
  Pressure (atm) :    1.00
 
  Rotational constants (GHz)
     3.19626     1.39402     0.97684
  Rotational temperatures (K)
     0.15340     0.06690     0.04688
 
  Partition Functions
  qt =      0.000    
  qr =      0.000    
  qv =      0.000    
 
  Contributions to entropy
  St (cm-1/K) = -Infinity
  Sr (cm-1/K) = -Infinity
  Sv (cm-1/K) =       NaN
 
  Thermal corrections (AU)
  Zero Point Energy =   0.116402    
  Internal Energy   =   0.116402    
  Enthalpy          =   0.116402    
  Gibbs Free Energy =            NaN
 
  Thermal corrections (AU) - vibrational only
  Number of vibrations:      39
  V-internal Energy   =   0.116402    
  V-enthalpy          =   0.116402    
  V-gibbs Free Energy =            NaN


 ==> State 2 <==

 Geometry file: ../hessian_2.fcc


 Gradient file: ../hessian_2.fcc

NOTE: The calculation for this State will assume non-stationary point since the gradient                  
      is not negligible (maximum atomic gradient:   0.094569 a.u.)                                        
 
 Hessian file: ../opt_grdt.fcc


 Combination abs/ECDNO
 A standard one-photon absorption calculation  will be performed


 =========================
  ANALYSIS OF DOFs
 =========================

 => STATE 2 <=
 Geometry (Angstroms)
 15    # Nr. of atoms
   Atom       X         Y         Z      Mass
N         -0.7280    1.0201    1.4541   14.0031
N         -1.1151   -1.2455    1.4685   14.0031
C         -1.6799    0.0181    1.5030   12.0000
C          0.2461   -1.4833    1.4889   12.0000
C          1.1573   -0.4838    1.4826   12.0000
C          2.6381   -0.6999    1.5031   12.0000
C          0.6747    0.8976    1.4924   12.0000
O          1.3871    1.8974    1.5260   15.9949
O         -2.8878    0.2149    1.5552   15.9949
H          0.5282   -2.5270    1.5033    1.0078
H         -1.0894    1.9658    1.4847    1.0078
H         -1.7763   -2.0056    1.5150    1.0078
H          2.8760   -1.7621    1.4956    1.0078
H          3.0773   -0.2461    2.3898    1.0078
H          3.1019   -0.2291    0.6379    1.0078
 

 ---------------------------------------------
   INERTIA TENSOR
 ---------------------------------------------

             1           2           3
  
    1288897.45765-15702.07756  2323.71343
    2-15702.07756660208.59784 -1797.67877
    3  2323.71343 -1797.67877943067.50593
 ---------------------------------------------


 ------------------------------------------------
   ROTATIONAL CONSTANTS (AND ROTATION MATRIX)
 ------------------------------------------------

 ROOT NO.    1           2           3

    ************************************
  
    1    -0.99911    -0.04216     0.00343
    2    -0.04213     0.99909     0.00671
    3     0.00371    -0.00656     0.99997
 ------------------------------------------------

  Rotational constants (GHz)
     3.19626     1.39402     0.97684
  Rotational temperatures (K)
     0.15340     0.06690     0.04688


 -------------------
  DOF   Dimension
 -------------------
  Vib    39
  Rot    3
  Tra    3
 -------------------


 Translating State2 to its Center of Mass
 Initial COM:      -0.0524      0.0379      1.4991


 ================================
  VIBRATIONAL ANALYSIS ON STATE2
 ================================

 ------------------------
   FREQUENCIES (cm-1)
 ------------------------
     1   103.04342
     2   116.07733
     3   142.15959
     4   276.33083
     5   282.07417
     6   351.15832
     7   387.36461
     8   458.56898
     9   541.16424
    10   561.56068
    11   604.60187
    12   654.15557
    13   702.90015
    14   738.47192
    15   748.38080
    16   811.34899
    17   878.67937
    18   983.16447
    19  1043.43774
    20  1082.96669
    21  1177.82320
    22  1225.18062
    23  1281.14789
    24  1402.44514
    25  1414.70811
    26  1443.58020
    27  1468.56446
    28  1523.50310
    29  1528.44042
    30  1554.89264
    31  1728.55790
    32  1773.85625
    33  1832.66568
    34  3135.49702
    35  3229.91797
    36  3237.14859
    37  3289.28563
    38  3664.95526
    39  3714.59076
 ------------------------


 -------------------------------------
   State2 Gradient (Q1-space) x1e5
 -------------------------------------
     1     0.42177
     2    -0.38203
     3     0.45004
     4    -0.91747
     5    -0.18528
     6    -0.14953
     7     5.56994
     8     0.59982
     9     8.52128
    10     0.63814
    11   -10.32275
    12     1.50624
    13    -2.20478
    14    -0.16681
    15   -13.71916
    16    15.33308
    17     0.05566
    18   -13.17368
    19    13.25091
    20    -0.91637
    21   -14.93891
    22    21.71862
    23   -31.01559
    24    26.67792
    25   -51.41107
    26     7.99169
    27     4.07720
    28    18.49218
    29    -2.96556
    30    -1.63014
    31    52.53119
    32    53.28376
    33    -9.62821
    34     3.64664
    35     0.21943
    36    -1.98525
    37    15.02113
    38    -4.49454
    39   -15.96716
 -------------------------------------




                 ASSIGNMENTS AND ANALYSIS OF 1 WITH RESPECT TO 2
 STATE 1                              MODES STATE 2
IND DEF    FREQUENCY     SHIFT    I21 C21  I22 C22   I23 C23     FR(I21)  I90 I95 I99
   1  P      103.04   -19.13377    1 1.00    2 0.00    5 0.00       0.00   1   1   1
   2  P      116.08    13.65746    2 1.00    1 0.00    3 0.00       0.00   1   1   1
   3  P      142.16   -10.72678    3 1.00    2 0.00    4 0.00       0.00   1   1   1
   4  P      276.33     5.78764    4 1.00    5 0.00    3 0.00      -0.00   1   1   1
   5  P      282.07     1.12166    5 1.00    4 0.00    1 0.00      -0.00   1   1   1
   6  P      351.16     0.58412    6 1.00    5 0.00    4 0.00      -0.00   1   1   1
   7  P      387.36   -17.88047    7 1.00    5 0.00    4 0.00      -0.00   1   1   1
   8  P      458.57    -1.37398    8 1.00    5 0.00    2 0.00       0.00   1   1   1
   9  P      541.16   -14.01572    9 1.00   10 0.00    5 0.00       0.00   1   1   1
  10  P      561.56    -0.97474   10 1.00   11 0.00    9 0.00      -0.00   1   1   1
  11  P      604.60    13.60271   11 1.00   10 0.00    9 0.00       0.00   1   1   1
  12  P      654.16    -1.69551   12 1.00   13 0.00    5 0.00       0.00   1   1   1
  13  P      702.90     2.14954   13 1.00   15 0.00   12 0.00      -0.00   1   1   1
  14  P      738.47     0.14734   14 1.00   15 0.00   13 0.00      -0.00   1   1   1
  15  P      748.38    11.79915   15 1.00   14 0.00   13 0.00      -0.00   1   1   1
  16  P      811.35   -11.21973   16 1.00   17 0.00    9 0.00       0.00   1   1   1
  17  P      878.68    -0.03472   17 1.00   18 0.00   16 0.00      -0.00   1   1   1
  18  P      983.16     6.56483   18 1.00   17 0.00   12 0.00      -0.00   1   1   1
  19  P     1043.44    -5.86248   19 1.00   20 0.00    5 0.00      -0.00   1   1   1
  20  P     1082.97     0.37637   20 1.00   19 0.00    5 0.00      -0.00   1   1   1
  21  P     1177.82     5.18713   21 1.00   26 0.00   25 0.00       0.00   1   1   1
  22  P     1225.18    -6.96948   22 1.00   23 0.00   27 0.00       0.00   1   1   1
  23  P     1281.15     9.10228   23 1.00   24 0.00   27 0.00       0.00   1   1   1
  24  P     1402.45    -6.53355   24 1.00   25 0.00   23 0.00       0.00   1   1   1
  25  P     1414.71    12.37347   25 1.00   24 0.00   26 0.00       0.00   1   1   1
  26  P     1443.58    -1.84725   26 1.00   25 0.00   24 0.00       0.00   1   1   1
  27  P     1468.56    -0.91063   27 1.00   29 0.00   30 0.00       0.00   1   1   1
  28  P     1523.50    -3.83769   28 1.00   29 0.00   27 0.00       0.00   1   1   1
  29  P     1528.44     0.61147   29 1.00   28 0.00   27 0.00       0.00   1   1   1
  30  P     1554.89     0.32478   30 1.00   27 0.00   29 0.00       0.00   1   1   1
  31  P     1728.56    -8.46872   31 1.00   32 0.00   33 0.00       0.00   1   1   1
  32  P     1773.86    -8.15693   32 1.00   31 0.00   33 0.00      -0.00   1   1   1
  33  P     1832.67     1.38085   33 1.00   31 0.00   32 0.00      -0.00   1   1   1
  34  P     3135.50    -0.17867   34 1.00   35 0.00   37 0.00      -0.00   1   1   1
  35  P     3229.92    -0.01013   35 1.00   36 0.00   34 0.00      -0.00   1   1   1
  36  P     3237.15     0.09126   36 1.00   35 0.00   37 0.00      -0.00   1   1   1
  37  P     3289.29    -0.66876   37 1.00   36 0.00   34 0.00      -0.00   1   1   1
  38  P     3664.96     0.16118   38 1.00   36 0.00   37 0.00      -0.00   1   1   1
  39  P     3714.59     0.55741   39 1.00   36 0.00   37 0.00      -0.00   1   1   1
   
 *********************************************************** 
  
  AVERAGE MAX PROJECTION     1.000000    St Dev   0.000000
  AVERAGE FREQ DIFF         -0.000000    St Dev   0.000000
  AVERAGE ABS FREQ DIFF      0.000000    St Dev   0.000000
  AVERAGE ABS DISPLACE      -0.895361    St Dev   7.579205
  SUM DISPL**2            2271.594748
  
 *********************************************************** 
  



                 ASSIGNMENTS AND ANALYSIS OF 2 WITH RESPECT TO 1
 STATE 2                              MODES STATE 1
IND DEF    FREQUENCY     SHIFT    I11 C11  I12 C12   I13 C13     FR(I11)  I90 I95 I99
   1  P      103.04    19.13377    1 1.00    2 0.00    5 0.00      -0.00   1   1   1
   2  P      116.08   -13.65746    2 1.00    1 0.00    3 0.00      -0.00   1   1   1
   3  P      142.16    10.72678    3 1.00    2 0.00    4 0.00      -0.00   1   1   1
   4  P      276.33     5.78764    4 1.00    5 0.00    3 0.00       0.00   1   1   1
   5  P      282.07     1.12166    5 1.00    4 0.00    1 0.00       0.00   1   1   1
   6  P      351.16     0.58412    6 1.00    5 0.00    4 0.00       0.00   1   1   1
   7  P      387.36   -17.88047    7 1.00    5 0.00    4 0.00       0.00   1   1   1
   8  P      458.57    -1.37398    8 1.00    2 0.00   15 0.00      -0.00   1   1   1
   9  P      541.16   -14.01572    9 1.00   10 0.00    5 0.00       0.00   1   1   1
  10  P      561.56     0.97474   10 1.00   11 0.00    9 0.00       0.00   1   1   1
  11  P      604.60   -13.60271   11 1.00   10 0.00    9 0.00      -0.00   1   1   1
  12  P      654.16    -1.69551   12 1.00   13 0.00    9 0.00      -0.00   1   1   1
  13  P      702.90     2.14954   13 1.00   15 0.00   12 0.00       0.00   1   1   1
  14  P      738.47    -0.14734   14 1.00   15 0.00   13 0.00       0.00   1   1   1
  15  P      748.38   -11.79915   15 1.00   14 0.00   13 0.00       0.00   1   1   1
  16  P      811.35    11.21973   16 1.00   17 0.00    9 0.00      -0.00   1   1   1
  17  P      878.68     0.03472   17 1.00   18 0.00   16 0.00       0.00   1   1   1
  18  P      983.16     6.56483   18 1.00   17 0.00   12 0.00       0.00   1   1   1
  19  P     1043.44    -5.86248   19 1.00   20 0.00    5 0.00       0.00   1   1   1
  20  P     1082.97     0.37637   20 1.00   19 0.00    5 0.00       0.00   1   1   1
  21  P     1177.82    -5.18713   21 1.00   26 0.00   25 0.00      -0.00   1   1   1
  22  P     1225.18    -6.96948   22 1.00   23 0.00   27 0.00       0.00   1   1   1
  23  P     1281.15     9.10228   23 1.00   24 0.00   27 0.00      -0.00   1   1   1
  24  P     1402.45    -6.53355   24 1.00   25 0.00   23 0.00      -0.00   1   1   1
  25  P     1414.71    12.37347   25 1.00   24 0.00   26 0.00      -0.00   1   1   1
  26  P     1443.58     1.84725   26 1.00   25 0.00   24 0.00      -0.00   1   1   1
  27  P     1468.56     0.91063   27 1.00   29 0.00   30 0.00      -0.00   1   1   1
  28  P     1523.50     3.83769   28 1.00   29 0.00   27 0.00      -0.00   1   1   1
  29  P     1528.44    -0.61147   29 1.00   28 0.00   27 0.00      -0.00   1   1   1
  30  P     1554.89     0.32478   30 1.00   27 0.00   29 0.00      -0.00   1   1   1
  31  P     1728.56    -8.46872   31 1.00   32 0.00   33 0.00      -0.00   1   1   1
  32  P     1773.86     8.15693   32 1.00   31 0.00   33 0.00       0.00   1   1   1
  33  P     1832.67     1.38085   33 1.00   31 0.00   32 0.00       0.00   1   1   1
  34  P     3135.50     0.17867   34 1.00   35 0.00   37 0.00       0.00   1   1   1
  35  P     3229.92     0.01013   35 1.00   36 0.00   34 0.00       0.00   1   1   1
  36  P     3237.15    -0.09126   36 1.00   35 0.00   37 0.00       0.00   1   1   1
  37  P     3289.29    -0.66876   37 1.00   36 0.00   34 0.00       0.00   1   1   1
  38  P     3664.96     0.16118   38 1.00   36 0.00   34 0.00       0.00   1   1   1
  39  P     3714.59    -0.55741   39 1.00   36 0.00   37 0.00       0.00   1   1   1
   
 *********************************************************** 
  
  AVERAGE MAX PROJECTION     1.000000    St Dev   0.000000
  AVERAGE FREQ DIFF          0.000000    St Dev   0.000000
  AVERAGE ABS FREQ DIFF      0.000000    St Dev   0.000000
  AVERAGE ABS DISPLACE      -0.311919    St Dev   7.625531
  SUM DISPL**2            2271.594748
  
 *********************************************************** 
  

 ADDITIONAL ANALYSIS ON DUSCHINSKY MATRIX
 ----------------------------------------
  Determinant:     1.0000

  ** A = GM·GMT **
  Det(A)     :     1.0000
  Trace(A)   :    39.0000
  Det(A-I)   :     0.0000
  Trace(A-I) :     0.0000
 ----------------------------------------

   
   
 STATE1 MODES SORTED BY DECREASING DIMENSIONLESS SHIFT
   IND    MODE    FREQUENCY DIMENSIONLESS SHIFT
     1      25    1414.70811       0.99342E+00
     2      31    1728.55790      -0.75157E+00
     3       7     387.36461      -0.75118E+00
     4      32    1773.85625      -0.73332E+00
     5      11     604.60187       0.71395E+00
     6       9     541.16424      -0.69597E+00
     7      23    1281.14789       0.69544E+00
     8      15     748.38080       0.68900E+00
     9      16     811.34899      -0.68217E+00
    10      24    1402.44514      -0.52228E+00
    11      22    1225.18062      -0.52073E+00
    12      18     983.16447       0.43938E+00
    13       1     103.04342      -0.41459E+00
    14      19    1043.43774      -0.40422E+00
    15      21    1177.82320       0.37999E+00
    16      28    1523.50310      -0.31974E+00
    17       2     116.07733       0.31409E+00
    18       3     142.15959      -0.27300E+00
    19       4     276.33083       0.20536E+00
    20      26    1443.58020      -0.14981E+00
    21      33    1832.66568       0.12618E+00
    22      13     702.90015       0.12165E+00
    23      12     654.15557      -0.92566E-01
    24      37    3289.28563      -0.81870E-01
    25      27    1468.56446      -0.74490E-01
    26      39    3714.59076       0.72517E-01
    27       8     458.56898      -0.62804E-01
    28      29    1528.44042       0.51028E-01
    29      10     561.56068      -0.49305E-01
    30       5     282.07417       0.40211E-01
    31      30    1554.89264       0.27337E-01
    32      20    1082.96669       0.26438E-01
    33       6     351.15832       0.23365E-01
    34      34    3135.49702      -0.21356E-01
    35      38    3664.95526       0.20829E-01
    36      36    3237.14859       0.11083E-01
    37      14     738.47192       0.85465E-02
    38      17     878.67937      -0.21971E-02
    39      35    3229.91797      -0.12291E-02
   
   
 MODES OF STATE1 IN ORDER OF DECREASING FR COUPL
 ESTIMATED BY THE MAGNITUDE OF THE 0-0 INTEGRAL
   IND    MODE1  FREQ   MODE2 FR    FR. SHIFT INV0-0
     1     1   103.04342         1   103.04342         0.00000         1.00000
     2     2   116.07733         2   116.07733         0.00000         1.00000
     3     3   142.15959         3   142.15959         0.00000         1.00000
     4     4   276.33083         4   276.33083        -0.00000         1.00000
     5     5   282.07417         5   282.07417        -0.00000         1.00000
     6     6   351.15832         6   351.15832        -0.00000         1.00000
     7     7   387.36461         7   387.36461        -0.00000         1.00000
     8     8   458.56898         8   458.56898         0.00000         1.00000
     9     9   541.16424         9   541.16424         0.00000         1.00000
    10    10   561.56068        10   561.56068        -0.00000         1.00000
    11    11   604.60187        11   604.60187         0.00000         1.00000
    12    13   702.90015        13   702.90015        -0.00000         1.00000
    13    16   811.34899        16   811.34899         0.00000         1.00000
    14    18   983.16447        18   983.16447        -0.00000         1.00000
    15    19  1043.43774        19  1043.43774        -0.00000         1.00000
    16    21  1177.82320        21  1177.82320         0.00000         1.00000
    17    22  1225.18062        22  1225.18062         0.00000         1.00000
    18    24  1402.44514        24  1402.44514         0.00000         1.00000
    19    25  1414.70811        25  1414.70811         0.00000         1.00000
    20    26  1443.58020        26  1443.58020         0.00000         1.00000
    21    27  1468.56446        27  1468.56446         0.00000         1.00000
    22    28  1523.50310        28  1523.50310         0.00000         1.00000
    23    29  1528.44042        29  1528.44042         0.00000         1.00000
    24    32  1773.85625        32  1773.85625        -0.00000         1.00000
    25    33  1832.66568        33  1832.66568        -0.00000         1.00000
    26    34  3135.49702        34  3135.49702        -0.00000         1.00000
    27    38  3664.95526        38  3664.95526        -0.00000         1.00000
    28    39  3714.59076        39  3714.59076        -0.00000         1.00000
    29    23  1281.14789        23  1281.14789         0.00000         1.00000
    30    30  1554.89264        30  1554.89264         0.00000         1.00000
    31    31  1728.55790        31  1728.55790         0.00000         1.00000
    32    14   738.47192        14   738.47192        -0.00000         1.00000
    33    15   748.38080        15   748.38080        -0.00000         1.00000
    34    20  1082.96669        20  1082.96669        -0.00000         1.00000
    35    35  3229.91797        35  3229.91797        -0.00000         1.00000
    36    36  3237.14859        36  3237.14859        -0.00000         1.00000
    37    37  3289.28563        37  3289.28563        -0.00000         1.00000
    38    12   654.15557        12   654.15557         0.00000         1.00000
    39    17   878.67937        17   878.67937        -0.00000         1.00000
   
   
   
   
 STATE2 MODES SORTED BY DECREASING DIMENSIONLESS SHIFT
   IND    MODE    FREQUENCY DIMENSIONLESS SHIFT
     1      25    1414.70811       0.99342E+00
     2      31    1728.55790      -0.75157E+00
     3       7     387.36461      -0.75118E+00
     4      32    1773.85625       0.73332E+00
     5      11     604.60187      -0.71395E+00
     6       9     541.16424      -0.69597E+00
     7      23    1281.14789       0.69544E+00
     8      15     748.38080      -0.68900E+00
     9      16     811.34899       0.68217E+00
    10      24    1402.44514      -0.52228E+00
    11      22    1225.18062      -0.52073E+00
    12      18     983.16447       0.43938E+00
    13       1     103.04342       0.41459E+00
    14      19    1043.43774      -0.40422E+00
    15      21    1177.82320      -0.37999E+00
    16      28    1523.50310       0.31974E+00
    17       2     116.07733      -0.31409E+00
    18       3     142.15959       0.27300E+00
    19       4     276.33083       0.20536E+00
    20      26    1443.58020       0.14981E+00
    21      33    1832.66568       0.12618E+00
    22      13     702.90015       0.12165E+00
    23      12     654.15557      -0.92566E-01
    24      37    3289.28563      -0.81870E-01
    25      27    1468.56446       0.74490E-01
    26      39    3714.59076      -0.72517E-01
    27       8     458.56898      -0.62804E-01
    28      29    1528.44042      -0.51028E-01
    29      10     561.56068       0.49305E-01
    30       5     282.07417       0.40211E-01
    31      30    1554.89264       0.27337E-01
    32      20    1082.96669       0.26438E-01
    33       6     351.15832       0.23365E-01
    34      34    3135.49702       0.21356E-01
    35      38    3664.95526       0.20829E-01
    36      36    3237.14859      -0.11083E-01
    37      14     738.47192      -0.85465E-02
    38      17     878.67937       0.21971E-02
    39      35    3229.91797       0.12291E-02
   
   
 MODES OF STATE2 IN ORDER OF DECREASING FR COUPL
 ESTIMATED BY THE MAGNITUDE OF THE 0-0 INTEGRAL
   IND    MODE2  FREQ   MODE1 FR    FR. SHIFT INV0-0
     1     1   103.04342         1   103.04342        -0.00000         1.00000
     2     2   116.07733         2   116.07733        -0.00000         1.00000
     3     3   142.15959         3   142.15959        -0.00000         1.00000
     4     4   276.33083         4   276.33083         0.00000         1.00000
     5     5   282.07417         5   282.07417         0.00000         1.00000
     6     6   351.15832         6   351.15832         0.00000         1.00000
     7     7   387.36461         7   387.36461         0.00000         1.00000
     8     8   458.56898         8   458.56898        -0.00000         1.00000
     9     9   541.16424         9   541.16424         0.00000         1.00000
    10    10   561.56068        10   561.56068         0.00000         1.00000
    11    11   604.60187        11   604.60187        -0.00000         1.00000
    12    13   702.90015        13   702.90015         0.00000         1.00000
    13    16   811.34899        16   811.34899        -0.00000         1.00000
    14    18   983.16447        18   983.16447         0.00000         1.00000
    15    19  1043.43774        19  1043.43774         0.00000         1.00000
    16    21  1177.82320        21  1177.82320        -0.00000         1.00000
    17    22  1225.18062        22  1225.18062         0.00000         1.00000
    18    24  1402.44514        24  1402.44514        -0.00000         1.00000
    19    25  1414.70811        25  1414.70811        -0.00000         1.00000
    20    26  1443.58020        26  1443.58020        -0.00000         1.00000
    21    27  1468.56446        27  1468.56446        -0.00000         1.00000
    22    28  1523.50310        28  1523.50310        -0.00000         1.00000
    23    29  1528.44042        29  1528.44042        -0.00000         1.00000
    24    32  1773.85625        32  1773.85625         0.00000         1.00000
    25    33  1832.66568        33  1832.66568         0.00000         1.00000
    26    34  3135.49702        34  3135.49702         0.00000         1.00000
    27    38  3664.95526        38  3664.95526         0.00000         1.00000
    28    39  3714.59076        39  3714.59076         0.00000         1.00000
    29    23  1281.14789        23  1281.14789        -0.00000         1.00000
    30    30  1554.89264        30  1554.89264        -0.00000         1.00000
    31    31  1728.55790        31  1728.55790        -0.00000         1.00000
    32    14   738.47192        14   738.47192         0.00000         1.00000
    33    15   748.38080        15   748.38080         0.00000         1.00000
    34    20  1082.96669        20  1082.96669         0.00000         1.00000
    35    35  3229.91797        35  3229.91797         0.00000         1.00000
    36    36  3237.14859        36  3237.14859         0.00000         1.00000
    37    37  3289.28563        37  3289.28563         0.00000         1.00000
    38    12   654.15557        12   654.15557        -0.00000         1.00000
    39    17   878.67937        17   878.67937         0.00000         1.00000
   
   
  
  
 DIMENSIONLESS SHIFTS 
   IND     STATE1       STATE2
     1    -0.41459E+00     0.41459E+00
     2     0.31409E+00    -0.31409E+00
     3    -0.27300E+00     0.27300E+00
     4     0.20536E+00     0.20536E+00
     5     0.40211E-01     0.40211E-01
     6     0.23365E-01     0.23365E-01
     7    -0.75118E+00    -0.75118E+00
     8    -0.62804E-01    -0.62804E-01
     9    -0.69597E+00    -0.69597E+00
    10    -0.49305E-01     0.49305E-01
    11     0.71395E+00    -0.71395E+00
    12    -0.92566E-01    -0.92566E-01
    13     0.12165E+00     0.12165E+00
    14     0.85465E-02    -0.85465E-02
    15     0.68900E+00    -0.68900E+00
    16    -0.68217E+00     0.68217E+00
    17    -0.21971E-02     0.21971E-02
    18     0.43938E+00     0.43938E+00
    19    -0.40422E+00    -0.40422E+00
    20     0.26438E-01     0.26438E-01
    21     0.37999E+00    -0.37999E+00
    22    -0.52073E+00    -0.52073E+00
    23     0.69544E+00     0.69544E+00
    24    -0.52228E+00    -0.52228E+00
    25     0.99342E+00     0.99342E+00
    26    -0.14981E+00     0.14981E+00
    27    -0.74490E-01     0.74490E-01
    28    -0.31974E+00     0.31974E+00
    29     0.51028E-01    -0.51028E-01
    30     0.27337E-01     0.27337E-01
    31    -0.75157E+00    -0.75157E+00
    32    -0.73332E+00     0.73332E+00
    33     0.12618E+00     0.12618E+00
    34    -0.21356E-01     0.21356E-01
    35    -0.12291E-02     0.12291E-02
    36     0.11083E-01    -0.11083E-01
    37    -0.81870E-01    -0.81870E-01
    38     0.20829E-01     0.20829E-01
    39     0.72517E-01    -0.72517E-01
  SUM SQUARED DIMENSIONLESS DISPL STATE1        6.6988
  SUM SQUARED DIMENSIONLESS DISPL STATE2        6.6988
  VALUE STATE1 GROUND VIB WAVEFUN AT GEO2       0.0351
  VALUE STATE2 GROUND VIB WAVEFUN AT GEO1       0.0351
  VALUE STATE1 GROUND VIB WAVEFUN AT (GEO1+GEO2)/2      0.4329
  VALUE STATE2 GROUND VIB WAVEFUN AT (GEO1+GEO2)/2      0.4329

 Printing Duschinski matrix to 'duschinsky.dat'


 Printing Shift vector to 'displacement.dat'


NOTE: DE read from input:   5.039 (eV)                                                                    
 


 ===========================
  REORGANIZATION ENERGY
 ===========================
     0.016085  (Hartree)
     0.437701  (eV)



 ===============================
  ZERO-POINT ENERGY CORRECTIONS 
 ===============================


                    ZERO POINT ENERGY IN CM-1
    E01=     25547.19    E02=     25547.19


                    0-0 ENERGY DIFFERENCE
       4.60120 eV


                    ADIABATIC ENERGY     
       4.60120 eV




 ====================

  TRANSITION DIPOLES 

 ====================
 Model for tr. dipoles: FC
 Reading electric dipole file: ../elecdip.txt
 


 ================= 
  TRANSITION INFO  
 ================= 
            DATA FOR VERTICAL TRANSITION 
  electric transition dipoles (au) at initial GEO 1
            0.02657448    0.01228786   -0.05753216
  electric transition dipoles (au) at initial GEO 2
           -1.10286852   -0.90358600   -0.01156283
  Square tr dipoles: geo1  0.00416714  geo2   2.03292033  Diff (d1-d2)/d1 ********* %
   
 ------------------
  State2 -> State1
 ------------------
 Reorganization Energy (eV) on State1        0.437701
 Vertical emission energy (eV)               4.163500
 Fluorescence lifetime from minimum (ns)  6.411330E+00
 ********************************************** 
   
 ------------------
  State1 -> State2
 ------------------
 Reorganization Energy on State2 (eV)        0.437701
 Vertical absorption energy (eV)             5.038902
 Absorption oscillator strength           5.144372E-04
 ********************************************** 
   

NOTE: Spectra resolution set to:    0.012                                                                 
 

NOTE: To ensure exact match of TI and TD resuls, final spectral range reset to:    4.0000-                
       9.0040(eV)                                                                                         
 

 ----------------------------------------
 Refined spectral range for simulations: 
  nene       =       418
  From E(eV) =    4.0000
  To   E(eV) =    9.0040
 
 Related time-domain parameters
 (with energy shift & extended range):
  ntime =          218
  dt    =       0.7905
  tfin  =     171.9242
 Shift info (for external FT)
  dE_ext=  0.108000    
  Eshift=   3.89200    
 ----------------------------------------


NOTE: Changing Ead to optimize TD method before entering the spectrum calculation.Ead(original)=          
        4.601 (eV); Ead(shifted )=   0.709 (eV)                                                           
 


 ____________________________________________
  ============================================
  PROGRAM: td_onephoton
   Compute vibronic spectra with a harmonic 
   TD formulation                           
                                            
  References:                               
   Comput Theoret Chem, 1040--1041, 186-194 (2014)
 ____________________________________________
  ============================================
 
 SUMMARY OF CALCULATION OPTIONS
 -------------------------------
 Adiabatic Energy (eV)  :   0.7092

 Tipe of transition     : ABS-ECDNO

 Dipole aproximation    : FC-FC
 El. dipole at ref geom :    0.266E-01   0.123E-01  -0.575E-01

 Numerical evaluation of xi(t)
         Total time (fs):   171.924
         Nr data points : 218
         Time step (fs) :  0.790    

 Broad. function        : VOI  
 Broad. exponent (Gau)  :    7.014E-06
 Broad. order (Gau)     : 2
 Broad. exponent (Lor)  :    1.470E-03
 Broad. order (Lor)     : 1
 -------------------------------

 Computing correlation functions over 218 points

 Calling FFT with 436 points


 Entering in fft_calc subroutine (FFTW)
 Ndata: 436
 tini and tfin  -171.924     171.924

 df  2.901587352099123E-003
 dt  0.790456292826101     
 =========== tdspectra finished ===========  
 Timing...
  CPU (s) for tdspectra :       0.095
 ==========================================
                                           



===============================

 SUMMARY OF NOTES AND WARNINGS

===============================
 ---------------------------------
 7 notes raised along the run
 Look for NOTE in the output
 ---------------------------------

 
 ****************** FCclasses finished *******************
 Timing...   
  CPU (s)       0.122
 *********************************************************
 
 FCclasses finished successfully
