4.0 168.654731398
4.01197129187 171.511691424
4.02394258373 174.388497273
4.0359138756 177.284411407
4.04788516746 180.198673048
4.05985645933 183.130487753
4.0718277512 186.079048239
4.08379904306 189.043510609
4.09577033493 192.023010277
4.10774162679 195.016659158
4.11971291866 198.023543709
4.13168421053 201.042729768
4.14365550239 204.073251946
4.15562679426 207.114135266
4.16759808612 210.164372558
4.17956937799 213.2229372
4.19154066986 216.288786686
4.20351196172 219.360854052
4.21548325359 222.438057474
4.22745454545 225.519291877
4.23942583732 228.603435686
4.25139712919 231.689351604
4.26336842105 234.775888361
4.27533971292 237.861878896
4.28731100478 240.946135076
4.29928229665 244.027464648
4.31125358852 247.104660317
4.32322488038 250.176497696
4.33519617225 253.241752186
4.34716746411 256.299178893
4.35913875598 259.347532438
4.37111004785 262.385558831
4.38308133971 265.411996279
4.39505263158 268.425573625
4.40702392344 271.425021005
4.41899521531 274.409068386
4.43096650718 277.376434496
4.44293779904 280.32584354
4.45490909091 283.25601949
4.46688038278 286.165685999
4.47885167464 289.053569561
4.49082296651 291.918400526
4.50279425837 294.758917219
4.51476555024 297.573853078
4.52673684211 300.361960114
4.53870813397 303.121997324
4.55067942584 305.852724905
4.5626507177 308.552918924
4.57462200957 311.22136575
4.58659330144 313.856867361
4.5985645933 316.458231278
4.61053588517 319.024285245
4.62250717703 321.553875316
4.6344784689 324.045856725
4.64644976077 326.499103911
4.65842105263 328.912520638
4.6703923445 331.285010992
4.68236363636 333.615515489
4.69433492823 335.902987093
4.7063062201 338.146404777
4.71827751196 340.344773637
4.73024880383 342.497116274
4.74222009569 344.602483364
4.75419138756 346.659948136
4.76616267943 348.668616385
4.77813397129 350.627613691
4.79010526316 352.536096842
4.80207655502 354.393252176
4.81404784689 356.198292273
4.82601913876 357.950461706
4.83799043062 359.649029495
4.84996172249 361.293305022
4.86193301435 362.882622313
4.87390430622 364.41634412
4.88587559809 365.893870255
4.89784688995 367.314634167
4.90981818182 368.678101048
4.92178947368 369.983761061
4.93376076555 371.231148713
4.94573205742 372.419826373
4.95770334928 373.549390348
4.96967464115 374.619475488
4.98164593301 375.629739615
4.99361722488 376.579886162
5.00558851675 377.469647588
5.01755980861 378.298793884
5.02953110048 379.067122375
5.04150239234 379.774472529
5.05347368421 380.420711221
5.06544497608 381.005746601
5.07741626794 381.529510362
5.08938755981 381.99197768
5.10135885167 382.393153134
5.11333014354 382.73307347
5.12530143541 383.011804926
5.13727272727 383.229459153
5.14924401914 383.38616467
5.161215311 383.482090669
5.17318660287 383.517437894
5.18515789474 383.492435162
5.1971291866 383.407340617
5.20910047847 383.262448476
5.22107177033 383.0580749
5.2330430622 382.7945708
5.24501435407 382.472315652
5.25698564593 382.091713986
5.2689569378 381.653200757
5.28092822967 381.157235541
5.29289952153 380.604304543
5.3048708134 379.994919163
5.31684210526 379.32962203
5.32881339713 378.60896753
5.340784689 377.833542364
5.35275598086 377.003956609
5.36472727273 376.120840097
5.37669856459 375.184845652
5.38866985646 374.196644358
5.40064114833 373.156928374
5.41261244019 372.066412119
5.42458373206 370.925825078
5.43655502392 369.735913663
5.44852631579 368.497444067
5.46049760766 367.211196777
5.47246889952 365.877970745
5.48444019139 364.498577053
5.49641148325 363.073842296
5.50838277512 361.604603112
5.52035406699 360.091710018
5.53232535885 358.536027042
5.54429665072 356.938428917
5.55626794258 355.299797023
5.56823923445 353.621024104
5.58021052632 351.903014928
5.59218181818 350.146675857
5.60415311005 348.352921591
5.61612440191 346.522674966
5.62809569378 344.656865762
5.64006698565 342.756425209
5.65203827751 340.822289998
5.66400956938 338.855402276
5.67598086124 336.85670015
5.68795215311 334.827130534
5.69992344498 332.767640099
5.71189473684 330.679175547
5.72386602871 328.562681591
5.73583732057 326.419103852
5.74780861244 324.24938849
5.75977990431 322.054475788
5.77175119617 319.835306717
5.78372248804 317.592815101
5.7956937799 315.32793731
5.80766507177 313.041598481
5.81963636364 310.734723782
5.8316076555 308.408231613
5.84357894737 306.06303329
5.85555023923 303.700035238
5.8675215311 301.320135651
5.87949282297 298.924226844
5.89146411483 296.513191344
5.9034354067 294.087904256
5.91540669856 291.649232582
5.92737799043 289.198032978
5.9393492823 286.735152565
5.95132057416 284.261429698
5.96329186603 281.777692441
5.97526315789 279.284757616
5.98723444976 276.783430828
5.99920574163 274.274506795
6.01117703349 271.758767191
6.02314832536 269.236983852
6.03511961722 266.709916537
6.04709090909 264.178309861
6.05906220096 261.642899722
6.07103349282 259.104407672
6.08300478469 256.563539876
6.09497607656 254.02099256
6.10694736842 251.47744549
6.11891866029 248.933565665
6.13088995215 246.390009492
6.14286124402 243.847418075
6.15483253589 241.306414377
6.16680382775 238.767610749
6.17877511962 236.23160617
6.19074641148 233.698985471
6.20271770335 231.170316274
6.21468899522 228.646152412
6.22666028708 226.127036036
6.23863157895 223.613493028
6.25060287081 221.106033744
6.26257416268 218.605155285
6.27454545455 216.11134019
6.28651674641 213.625056316
6.29848803828 211.146757616
6.31045933014 208.67688261
6.32243062201 206.215857142
6.33440191388 203.764090403
6.34637320574 201.321977867
6.35834449761 198.889902193
6.37031578947 196.46823105
6.38228708134 194.05731914
6.39425837321 191.657504351
6.40622966507 189.269113162
6.41820095694 186.892458389
6.4301722488 184.527838172
6.44214354067 182.175537135
6.45411483254 179.835826672
6.4660861244 177.508966726
6.47805741627 175.195201246
6.49002870813 172.894762934
6.502 170.607871763
6.51397129187 168.334734891
6.52594258373 166.075545526
6.5379138756 163.830485372
6.54988516746 161.599727127
6.56185645933 159.383426712
6.5738277512 157.181729033
6.58579904306 154.994770212
6.59777033493 152.822673233
6.60974162679 150.665548693
6.62171291866 148.523497858
6.63368421053 146.396610475
6.64565550239 144.284964139
6.65762679426 142.188627519
6.66959808612 140.107658632
6.68156937799 138.042104706
6.69354066986 135.992004124
6.70551196172 133.9573838
6.71748325359 131.938260644
6.72945454545 129.934645782
6.74142583732 127.946537668
6.75339712919 125.973924992
6.76536842105 124.016790262
6.77733971292 122.07510578
6.78931100478 120.148835922
6.80128229665 118.237936069
6.81325358852 116.342353511
6.82522488038 114.462026987
6.83719617225 112.596888548
6.84916746411 110.746862762
6.86113875598 108.911865332
6.87311004785 107.091804693
6.88508133971 105.286583424
6.89705263158 103.496096557
6.90902392345 101.720230793
6.92099521531 99.9588680901
6.93296650718 98.2118832846
6.94493779904 96.4791443627
6.95690909091 94.7605129929
6.96888038278 93.0558456388
6.98085167464 91.3649920212
6.99282296651 89.6877956277
7.00479425837 88.0240952346
7.01676555024 86.3737234688
7.02873684211 84.7365075097
7.04070813397 83.1122692585
7.05267942584 81.5008252151
7.0646507177 79.9019868227
7.07662200957 78.3155607529
7.08859330144 76.741348282
7.1005645933 75.1791463641
7.11253588517 73.628747114
7.12450717703 72.0899372909
7.1364784689 70.5624998704
7.14844976077 69.046213279
7.16042105263 67.5408512393
7.1723923445 66.0461833878
7.18436363636 64.5619745815
7.19633492823 63.0879862051
7.2083062201 61.6239749198
7.22027751196 60.1696934425
7.23224880383 58.724890557
7.24422009569 57.2893105388
7.25619138756 55.8626943095
7.26816267943 54.4447785151
7.28013397129 53.0352957089
7.29210526316 51.6339748978
7.30407655502 50.2405409884
7.31604784689 48.854714764
7.32801913876 47.4762137346
7.33999043062 46.1047511454
7.35196172249 44.7400363335
7.36393301435 43.3817749009
7.37590430622 42.0296686054
7.38787559809 40.6834150098
7.39984688995 39.3427080826
7.41181818182 38.0072378524
7.42378947368 36.6766902026
7.43576076555 35.3507470813
7.44773205742 34.0290862527
7.45970334928 32.7113817158
7.47167464115 31.3973030849
7.48364593301 30.0865160549
7.49561722488 28.7786820235
7.50758851675 27.4734579124
7.51955980861 26.1704963626
7.53153110048 24.8694457709
7.54350239234 23.5699501684
7.55547368421 22.2716486787
7.56744497608 20.9741762168
7.57941626794 19.6771626666
7.59138755981 18.3802335753
7.60335885167 17.083009496
7.61533014354 15.78510589
7.62730143541 14.486133252
7.63927272727 13.1856972858
7.65124401914 11.8833982253
7.663215311 10.578831175
7.67518660287 9.2715858801
7.68715789474 7.96124663278
7.6991291866 6.64739214042
7.71110047847 5.32959555017
7.72307177034 4.00742419285
7.7350430622 2.68043974438
7.74701435407 1.34819778758
7.75898564593 0.0102480309662
7.7709569378 -1.33386598427
7.78292822967 -2.68460691229
7.79489952153 -4.04244368554
7.8068708134 -5.40785157398
7.81884210526 -6.78131233203
7.83081339713 -8.16331436839
7.842784689 -9.55435246472
7.85475598086 -10.9549281375
7.86672727273 -12.3655500251
7.87869856459 -13.786733348
7.89066985646 -15.2190000824
7.90264114833 -16.6628795192
7.91461244019 -18.1189077947
7.92658373206 -19.5876279634
7.93855502392 -21.0695906166
7.95052631579 -22.5653529244
7.96249760766 -24.0754797565
7.97446889952 -25.600542982
7.98644019139 -27.1411217625
7.99841148325 -28.6978019433
8.01038277512 -30.2711774029
8.02235406699 -31.8618487251
8.03432535885 -33.4704237443
8.04629665072 -35.0975172596
8.05826794258 -36.7437513904
8.07023923445 -38.4097548647
8.08221052632 -40.0961637084
8.09418181818 -41.8036206893
8.10615311005 -43.5327750267
8.11812440191 -45.284283149
8.13009569378 -47.0588065083
8.14206698565 -48.8570147152
8.15403827751 -50.6795823053
8.16600956938 -52.527189956
8.17798086124 -54.4005240386
8.18995215311 -56.3002769585
8.20192344498 -58.2271453717
8.21389473684 -60.1818316724
8.22586602871 -62.165042525
8.23783732057 -64.1774894016
8.24980861244 -66.2198877126
8.26177990431 -68.2929557254
8.27375119617 -70.3974163061
8.28572248804 -72.5339941666
8.2976937799 -74.7034173053
8.30966507177 -76.9064153747
8.32163636364 -79.1437194776
8.3336076555 -81.4160619889
8.34557894737 -83.7241757046
8.35755023923 -86.0687941158
8.3695215311 -88.4506489036
8.38149282297 -90.870471756
8.39346411483 -93.3289914576
8.4054354067 -95.8269348425
8.41740669856 -98.3650270482
8.42937799043 -100.943987297
8.4413492823 -103.564530805
8.45332057416 -106.227368317
8.46529186603 -108.933203752
8.47726315789 -111.682734327
8.48923444976 -114.476649754
8.50120574163 -117.31563171
8.51317703349 -120.200350548
8.52514832536 -123.131469943
8.53711961723 -126.109637746
8.54909090909 -129.135492164
8.56106220096 -132.20965945
8.57303349282 -135.332750361
8.58500478469 -138.505358394
8.59697607656 -141.728066365
8.60894736842 -145.001433608
8.62091866029 -148.326004644
8.63288995215 -151.702306429
8.64486124402 -155.130839533
8.65683253589 -158.61209168
8.66880382775 -162.146519234
8.68077511962 -165.7345604
8.69274641148 -169.376626076
8.70471770335 -173.073104854
8.71668899522 -176.824351948
8.72866028708 -180.630699368
8.74063157895 -184.492448685
8.75260287081 -188.409870036
8.76457416268 -192.383202347
8.77654545455 -196.41265197
8.78851674641 -200.498390362
8.80048803828 -204.640557636
8.81245933014 -208.839251602
8.82443062201 -213.094538569
8.83640191388 -217.406442747
8.84837320574 -221.774951539
8.86034449761 -226.200011422
8.87231578947 -230.681524604
8.88428708134 -235.219356492
8.89625837321 -239.813323979
8.90822966507 -244.463202834
8.92020095694 -249.168722327
8.9321722488 -253.929565462
8.94414354067 -258.745369403
8.95611483254 -263.615722198
8.9680861244 -268.540165079
8.98005741627 -273.518189875
8.99202870813 -278.549237271
