4.0 514.201967967
4.01197129187 530.694272615
4.02394258373 547.509625853
4.0359138756 564.645108392
4.04788516746 582.097352268
4.05985645933 599.862536458
4.0718277512 617.936380589
4.08379904306 636.314139627
4.09577033493 654.990601601
4.10774162679 673.96008287
4.11971291866 693.216430017
4.13168421053 712.753014483
4.14365550239 732.562736288
4.15562679426 752.638017758
4.16759808612 772.970821632
4.17956937799 793.552633866
4.19154066986 814.374478227
4.20351196172 835.426918985
4.21548325359 856.700074325
4.22745454545 878.183604502
4.23942583732 899.866738262
4.25139712919 921.738271548
4.26336842105 943.786593373
4.27533971292 965.999647205
4.28731100478 988.36501955
4.29928229665 1010.86988885
4.31125358852 1033.50107046
4.32322488038 1056.24501915
4.33519617225 1079.08784311
4.34716746411 1102.01531941
4.35913875598 1125.01292899
4.37111004785 1148.06585809
4.38308133971 1171.15900384
4.39505263158 1194.27702769
4.40702392344 1217.40435318
4.41899521531 1240.52516747
4.43096650718 1263.62349096
4.44293779904 1286.6831585
4.45490909091 1309.68784351
4.46688038278 1332.62111311
4.47885167464 1355.4664148
4.49082296651 1378.20710992
4.50279425837 1400.82650256
4.51476555024 1423.30786662
4.52673684211 1445.63445294
4.53870813397 1467.78953707
4.55067942584 1489.75640127
4.5626507177 1511.51841624
4.57462200957 1533.05902568
4.58659330144 1554.36177159
4.5985645933 1575.41031583
4.61053588517 1596.18851294
4.62250717703 1616.6803457
4.6344784689 1636.87001481
4.64644976077 1656.74194699
4.65842105263 1676.28080301
4.6703923445 1695.47151205
4.68236363636 1714.29928855
4.69433492823 1732.74964887
4.7063062201 1750.80842932
4.71827751196 1768.46182441
4.73024880383 1785.69638933
4.74222009569 1802.49905894
4.75419138756 1818.8571539
4.76616267943 1834.7584287
4.77813397129 1850.19106312
4.79010526316 1865.1436791
4.80207655502 1879.60537156
4.81404784689 1893.56567771
4.82601913876 1907.01465221
4.83799043062 1919.94283401
4.84996172249 1932.34127397
4.86193301435 1944.20152924
4.87390430622 1955.51569708
4.88587559809 1966.27640429
4.89784688995 1976.47680796
4.90981818182 1986.11062584
4.92178947368 1995.17211581
4.93376076555 2003.65609407
4.94573205742 2011.55794345
4.95770334928 2018.87360153
4.96967464115 2025.59955564
4.98164593301 2031.73287762
4.99361722488 2037.27118111
5.00558851675 2042.21265271
5.01755980861 2046.55602762
5.02953110048 2050.30060193
5.04150239234 2053.44620096
5.05347368421 2055.99322298
5.06544497608 2057.94259358
5.07741626794 2059.29578
5.08938755981 2060.05475365
5.10135885167 2060.2220221
5.11333014354 2059.80059071
5.12530143541 2058.79397437
5.13727272727 2057.20616914
5.14924401914 2055.04165593
5.161215311 2052.30539184
5.17318660287 2049.00276246
5.18515789474 2045.13962447
5.1971291866 2040.72225843
5.20910047847 2035.75735553
5.22107177033 2030.25202283
5.2330430622 2024.21375646
5.24501435407 2017.65042171
5.25698564593 2010.5702508
5.2689569378 2002.98182973
5.28092822967 1994.89407092
5.29289952153 1986.31619408
5.3048708134 1977.25773697
5.31684210526 1967.72852475
5.32881339713 1957.73863054
5.340784689 1947.29841173
5.35275598086 1936.4184411
5.36472727273 1925.10951427
5.37669856459 1913.38265735
5.38866985646 1901.24905944
5.40064114833 1888.72010123
5.41261244019 1875.80731615
5.42458373206 1862.52238221
5.43655502392 1848.87710476
5.44852631579 1834.88339741
5.46049760766 1820.5532864
5.47246889952 1805.89886183
5.48444019139 1790.93229239
5.49641148325 1775.66579509
5.50838277512 1760.11162264
5.52035406699 1744.28205295
5.53232535885 1728.1893885
5.54429665072 1711.8459114
5.55626794258 1695.26388932
5.56823923445 1678.45556547
5.58021052632 1661.4331489
5.59218181818 1644.20877998
5.60415311005 1626.79454416
5.61612440191 1609.20244802
5.62809569378 1591.44440339
5.64006698565 1573.53223605
5.65203827751 1555.47765573
5.66400956938 1537.29224995
5.67598086124 1518.98748551
5.68795215311 1500.57469283
5.69992344498 1482.06505176
5.71189473684 1463.46958855
5.72386602871 1444.79917055
5.73583732057 1426.06449054
5.74780861244 1407.27607418
5.75977990431 1388.44426003
5.77175119617 1369.57919939
5.78372248804 1350.69084456
5.7956937799 1331.78895469
5.80766507177 1312.88307631
5.81963636364 1293.98255711
5.8316076555 1275.09652221
5.84357894737 1256.23388242
5.85555023923 1237.40333563
5.8675215311 1218.61334586
5.87949282297 1199.87215274
5.89146411483 1181.1877719
5.9034354067 1162.56798701
5.91540669856 1144.02034919
5.92737799043 1125.55217947
5.9393492823 1107.17055932
5.95132057416 1088.88233328
5.96329186603 1070.69412307
5.97526315789 1052.61230494
5.98723444976 1034.64302448
5.99920574163 1016.79218759
6.01117703349 999.065475179
6.02314832536 981.468333438
6.03511961722 964.005971283
6.04709090909 946.683371931
6.05906220096 929.505292899
6.07103349282 912.476268217
6.08300478469 895.600601362
6.09497607656 878.882376306
6.10694736842 862.325461168
6.11891866029 845.933512306
6.13088995215 829.709962737
6.14286124402 813.658038124
6.15483253589 797.780763816
6.16680382775 782.080960585
6.17877511962 766.56124841
6.19074641148 751.224044516
6.20271770335 736.071580445
6.21468899522 721.10590379
6.22666028708 706.328868032
6.23863157895 691.742147965
6.25060287081 677.347244404
6.26257416268 663.145485929
6.27454545455 649.138030048
6.28651674641 635.325870365
6.29848803828 621.709843768
6.31045933014 608.290628774
6.32243062201 595.068753107
6.33440191388 582.044597301
6.34637320574 569.218400874
6.35834449761 556.590265048
6.37031578947 544.160155322
6.38228708134 531.927909614
6.39425837321 519.893240317
6.40622966507 508.055738611
6.41820095694 496.414879866
6.4301722488 484.970027431
6.44214354067 473.720436588
6.45411483254 462.665259509
6.4660861244 451.803548282
6.47805741627 441.134260133
6.49002870813 430.656261432
6.502 420.36833081
6.51397129187 410.269164537
6.52594258373 400.357379213
6.5379138756 390.631516173
6.54988516746 381.090045956
6.56185645933 371.731370744
6.5738277512 362.55382832
6.58579904306 353.555697393
6.59777033493 344.735198892
6.60974162679 336.090499808
6.62171291866 327.619718667
6.63368421053 319.320926604
6.64565550239 311.192150684
6.65762679426 303.231378271
6.66959808612 295.436559761
6.68156937799 287.805611236
6.69354066986 280.336417384
6.70551196172 273.026834266
6.71748325359 265.874692857
6.72945454545 258.877800673
6.74142583732 252.03394513
6.75339712919 245.340896171
6.76536842105 238.796407207
6.77733971292 232.398219487
6.78931100478 226.144063521
6.80128229665 220.031661118
6.81325358852 214.058727255
6.82522488038 208.22297269
6.83719617225 202.522105968
6.84916746411 196.953835036
6.86113875598 191.515868988
6.87311004785 186.205919528
6.88508133971 181.021703413
6.89705263158 175.960943885
6.90902392345 171.021370975
6.92099521531 166.200724574
6.93296650718 161.496755322
6.94493779904 156.90722487
6.95690909091 152.429908369
6.96888038278 148.062595817
6.98085167464 143.803091462
6.99282296651 139.649216464
7.00479425837 135.598809729
7.01676555024 131.649727729
7.02873684211 127.799846099
7.04070813397 124.047061486
7.05267942584 120.389289671
7.0646507177 116.824468591
7.07662200957 113.350558011
7.08859330144 109.965540637
7.1005645933 106.667421982
7.11253588517 103.454230567
7.12450717703 100.324019738
7.1364784689 97.2748663235
7.14844976077 94.3048727756
7.16042105263 91.412165916
7.1723923445 88.594897964
7.18436363636 85.8512462843
7.19633492823 83.1794135794
7.2083062201 80.577628852
7.22027751196 78.0441466743
7.23224880383 75.5772468253
7.24422009569 73.1752351951
7.25619138756 70.8364433497
7.26816267943 68.5592283676
7.28013397129 66.3419726638
7.29210526316 64.1830841061
7.30407655502 62.0809952395
7.31604784689 60.034164245
7.32801913876 58.0410734794
7.33999043062 56.1002291897
7.35196172249 54.2101622191
7.36393301435 52.369426644
7.37590430622 50.5765998091
7.38787559809 48.8302817453
7.39984688995 47.1290948534
7.41181818182 45.4716833431
7.42378947368 43.8567125289
7.43576076555 42.2828683949
7.44773205742 40.7488570703
7.45970334928 39.2534040828
7.47167464115 37.7952536765
7.48364593301 36.3731681926
7.49561722488 34.9859272438
7.50758851675 33.6323269544
7.51955980861 32.3111791755
7.53153110048 31.0213105859
7.54350239234 29.7615618144
7.55547368421 28.5307865489
7.56744497608 27.327850474
7.57941626794 26.1516303087
7.59138755981 25.0010127171
7.60335885167 23.8748933488
7.61533014354 22.772175359
7.62730143541 21.6917685129
7.63927272727 20.6325877972
7.65124401914 19.5935521757
7.663215311 18.5735832648
7.67518660287 17.5716037674
7.68715789474 16.5865360645
7.6991291866 15.6173008316
7.71110047847 14.662815334
7.72307177034 13.7219918014
7.7350430622 12.7937356592
7.74701435407 11.8769438899
7.75898564593 10.970502948
7.7709569378 10.0732872016
7.78292822967 9.1841565257
7.79489952153 8.30195459044
7.8068708134 7.42550647642
7.81884210526 6.5536165824
7.83081339713 5.6850662726
7.842784689 4.81861147611
7.85475598086 3.95298027775
7.86672727273 3.08687028785
7.87869856459 2.21894603464
7.89066985646 1.34783621313
7.90264114833 0.4721308528
7.91461244019 -0.409621578613
7.92658373206 -1.29891722802
7.93855502392 -2.19729994107
7.95052631579 -3.10636445785
7.96249760766 -4.02775974726
7.97446889952 -4.96319240462
7.98644019139 -5.91443006874
7.99841148325 -6.88330510805
8.01038277512 -7.87171824146
8.02235406699 -8.88164227767
8.03432535885 -9.9151261196
8.04629665072 -10.97429859
8.05826794258 -12.0613724762
8.07023923445 -13.1786485991
8.08221052632 -14.3285202645
8.09418181818 -15.5134773067
8.10615311005 -16.7361104618
8.11812440191 -17.9991158075
8.13009569378 -19.3052993399
8.14206698565 -20.6575812975
8.15403827751 -22.0590009136
8.16600956938 -23.5127208915
8.17798086124 -25.0220322761
8.18995215311 -26.5903585788
8.20192344498 -28.2212611737
8.21389473684 -29.918443421
8.22586602871 -31.6857554593
8.23783732057 -33.5271988335
8.24980861244 -35.4469312433
8.26177990431 -37.4492708028
8.27375119617 -39.5387006371
8.28572248804 -41.7198732121
8.2976937799 -43.9976147069
8.30966507177 -46.3769289338
8.32163636364 -48.8630018425
8.3336076555 -51.4612047512
8.34557894737 -54.177097984
8.35755023923 -57.0164351619
8.3695215311 -59.9851660264
8.38149282297 -63.0894388927
8.39346411483 -66.3356040422
8.4054354067 -69.7302160642
8.41740669856 -73.2800359949
8.42937799043 -76.9920326376
8.4413492823 -80.8733850158
8.45332057416 -84.9314823574
8.46529186603 -89.1739253369
8.47726315789 -93.608525656
8.48923444976 -98.2433065258
8.50120574163 -103.086501201
8.51317703349 -108.14655286
8.52514832536 -113.432110379
8.53711961723 -118.952029251
8.54909090909 -124.715364318
8.56106220096 -130.731371051
8.57303349282 -137.009496516
8.58500478469 -143.559377945
8.59697607656 -150.390835309
8.60894736842 -157.513865363
8.62091866029 -164.938633431
8.63288995215 -172.675468335
8.64486124402 -180.73485045
8.65683253589 -189.127404312
8.66880382775 -197.863887887
8.68077511962 -206.955181557
8.69274641148 -216.412274958
8.70471770335 -226.246256521
8.71668899522 -236.468298511
8.72866028708 -247.089641574
8.74063157895 -258.121581581
8.75260287081 -269.575453883
8.76457416268 -281.462611388
8.77654545455 -293.794413567
8.78851674641 -306.582202709
8.80048803828 -319.837288123
8.81245933014 -333.570921514
8.82443062201 -347.794280691
8.83640191388 -362.518444415
8.84837320574 -377.754371554
8.86034449761 -393.512877416
8.87231578947 -409.804608831
8.88428708134 -426.640021349
8.89625837321 -444.029353612
8.90822966507 -461.982601138
8.92020095694 -480.509489414
8.9321722488 -499.619450915
8.94414354067 -519.321593103
8.95611483254 -539.624674101
8.9680861244 -560.537075496
8.98005741627 -582.066772455
8.99202870813 -604.221309391
