 
                                                    \ /               
                                              ..-'''-*-               
                                              \.-'''\ \               
      _____ _____      _                             | |              
     |  ___/  __ \    | |                         __/ /               
     | |_  | /  \/ ___| | __ _ ___ ___  ___  ___ |_  '.               
     |  _| | |    / __| |/ _` / __/ __|/ _ \/ __|   `.  \             
     | |   | \__/\ (__| | (_| \__ \__ \  __/\__ \     \ '.            
     \_|    \____/\___|_|\__,_|___/___/\___||___/      , |            
                                                       | |            
                                                      / ,'            
                                              -....--'  /             
                                              `.. __..-'              
                                                                      
 ********************************************************* 
   FCCLASSES3:                                             
   A code for vibronic simulations                         
                                                           
                                                           
 ********************************************************* 


 GIT VERSION INFO
  Commit id  : v3-1.0-2-g78ec1d1-dirty
  Commit date: 2022-07-22 10:24:13 +0200

 CURRENT RUN INFO
  Date&Time  : 2023-06-26, 15:24:36
  Input file : STDIN
  Input type : NEW



 INPUT OPTIONS:
-------------------------------
$$$
;GENERAL OPTIONS:
; NAT        = (read from structure files)
; NVIB       = (determined vibrational analysis)
PROPERTY     =   OPA   
MODEL        =   VG   
DIPOLE       =   FC   
DIPDER_COORD =   CARTESIAN  
TEMP         =     0.00
DE           =   5.31440
BROADFUN     =   GAU  
HWHM         =   0.0400
RESOL        =   0.0040  ; (default: HWHM/10)
METHOD       =   TD   
ROT          =   1
SPCMIN       =     4.000
SPCMAX       =     9.000
;VIBRATIONAL ANALYSIS
NORMALMODES  =   COMPUTE  
RM_COORD     =   NONE    
COORDS       =   CARTESIAN  
FORCE_REAL   =   YES  
;INPUT DATA FILES
STATE1_FILE  =   ../../Thymine6311-freq.fcc
STATE2_FILE  =   ../../Thymine6311-es2.fcc
MASS_FILE    =   
ELDIP_FILE   =   ../../eldip_Thymine6311-es2_fchk
MAGDIP_FILE  =   ../../magdip_Thymine6311-es2_fchk
NAC_FILE     =   
NRCOUP_FILE  =   ../../eldip_Thymine6311-es2_fchk
HESS1_FILE   =   ../../Thymine6311-freq.fcc
HESS2_FILE   =   ../../Thymine6311-freq.fcc
GRAD1_FILE   =   ../../Thymine6311-freq.fcc
GRAD2_COORD  =   CARTESIAN
GRAD2_FILE   =   ../../Thymine6311-es2.fcc
;VERBOSE LEVEL
VERBOSE      =   1
  
-------------------------------



 ==> State 1 <==

 Geometry file: ../../Thymine6311-freq.fcc


 Gradient file: ../../Thymine6311-freq.fcc

NOTE: The calculation for this State will assume stationary point since the gradient is                   
      small (maximum atomic gradient:   0.000082 a.u.)                                                    
 
 Hessian file: ../../Thymine6311-freq.fcc



 ---------------------------------------
  Check effect of symmetry operations
  on Hessian elements (or gs^t\beta)
 ---------------------------------------

 Using input geometry instead of rotating to principal axis of intertia to detect symmetry

 
 Sigma(xy) symmetry element found
 
 Symmetry operation  : 1
 Max abs difference  :   0.000000
    original value   :   0.000001
    transformed value:   0.000001
    Rel difference(%):   0.000000

 ---------------------------------------



 =========================
  ANALYSIS OF DOFs
 =========================

 => STATE 1 <=
 Geometry (Angstroms)
 15    # Nr. of atoms
   Atom       X         Y         Z      Mass
N          0.1557   -1.6591    0.0000   14.0031
C          1.3560   -0.9789    0.0000   12.0000
N          1.1960    0.3911    0.0000   14.0031
C          0.0000    1.1154    0.0000   12.0000
C         -1.2143    0.2959    0.0000   12.0000
C         -1.0736   -1.0373    0.0000   12.0000
O          2.4311   -1.5306    0.0000   15.9949
O          0.0176    2.3262    0.0000   15.9949
H          0.2303   -2.6642    0.0000    1.0078
H          2.0498    0.9339    0.0000    1.0078
C         -2.5334    1.0003    0.0000   12.0000
H         -1.9250   -1.7061    0.0000    1.0078
H         -3.3581    0.2865    0.0000    1.0078
H         -2.6281    1.6447    0.8761    1.0078
H         -2.6281    1.6447   -0.8761    1.0078
 

 ------------------------------------------------
   INERTIA TENSOR (to be multiplied by 10**5)
 ------------------------------------------------

             1           2           3
  
    1     4.28660     1.79131     0.00000
    2     1.79131     5.10120     0.00000
    3     0.00000     0.00000     9.33139
 ------------------------------------------------


 ------------------------------------------------
   ROTATIONAL CONSTANTS (AND ROTATION MATRIX)
 ------------------------------------------------

 ROOT NO.    1           2           3

    ************************************
  
    1    -0.78157     0.62381     0.00000
    2     0.62381     0.78157     0.00000
    3     0.00000     0.00000     1.00000
 ------------------------------------------------

  Rotational constants (GHz)
     3.22468     1.41060     0.98726
  Rotational temperatures (K)
     0.15476     0.06770     0.04738


 -------------------
  DOF   Dimension
 -------------------
  Vib    39
  Rot    3
  Tra    3
 -------------------


 Translating State1 to its Center of Mass
 Initial COM:       0.0649     -0.0012      0.0000


 ================================
  VIBRATIONAL ANALYSIS ON STATE1
 ================================

 ----------------------------------
   Redundant Frequencies (cm-1)
 ----------------------------------
     1    -0.00003
     2    -0.00002
     3    -0.00001
     4     0.00001
     5     0.00002
     6     0.00002
 ----------------------------------


 ------------------------
   FREQUENCIES (cm-1)
 ------------------------
     1   108.57705
     2   147.35940
     3   151.64402
     4   280.12801
     5   296.02786
     6   396.84793
     7   400.11563
     8   466.30408
     9   554.35596
    10   554.84763
    11   615.30215
    12   671.02835
    13   744.60520
    14   773.56315
    15   779.88785
    16   816.25979
    17   928.47159
    18   980.69450
    19  1033.75068
    20  1079.14556
    21  1172.72192
    22  1216.27150
    23  1248.90316
    24  1390.60174
    25  1424.55890
    26  1435.11683
    27  1448.09392
    28  1476.81320
    29  1501.54376
    30  1524.18193
    31  1740.45362
    32  1797.57259
    33  1836.22777
    34  3060.43265
    35  3120.42538
    36  3138.36607
    37  3217.67255
    38  3623.81582
    39  3667.32725
 ------------------------

 =====================
  THERMOCHEMISTRY     
 =====================
  Temperature (K):    0.00
  Pressure (atm) :    1.00
 
  Rotational constants (GHz)
     3.22468     1.41060     0.98726
  Rotational temperatures (K)
     0.15476     0.06770     0.04738
 
  Partition Functions
  qt =      0.000    
  qr =      0.000    
  qv =      0.000    
 
  Contributions to entropy
  St (cm-1/K) = -Infinity
  Sr (cm-1/K) = -Infinity
  Sv (cm-1/K) =       NaN
 
  Thermal corrections (AU)
  Zero Point Energy =   0.115777    
  Internal Energy   =   0.115777    
  Enthalpy          =   0.115777    
  Gibbs Free Energy =            NaN
 
  Thermal corrections (AU) - vibrational only
  Number of vibrations:      39
  V-internal Energy   =   0.115777    
  V-enthalpy          =   0.115777    
  V-gibbs Free Energy =            NaN


 ==> State 2 <==

 Geometry file: ../../Thymine6311-es2.fcc


 Gradient file: ../../Thymine6311-es2.fcc

NOTE: The calculation for this State will assume non-stationary point since the gradient                  
      is not negligible (maximum atomic gradient:   0.101315 a.u.)                                        
 
 Hessian file: ../../Thymine6311-freq.fcc


 Combination abs/ECDNO
 A standard one-photon absorption calculation  will be performed


 =========================
  ANALYSIS OF DOFs
 =========================

 => STATE 2 <=
 Geometry (Angstroms)
 15    # Nr. of atoms
   Atom       X         Y         Z      Mass
N          0.1557   -1.6591    0.0000   14.0031
C          1.3560   -0.9789    0.0000   12.0000
N          1.1960    0.3911    0.0000   14.0031
C          0.0000    1.1154    0.0000   12.0000
C         -1.2143    0.2959    0.0000   12.0000
C         -1.0736   -1.0373    0.0000   12.0000
O          2.4311   -1.5306    0.0000   15.9949
O          0.0176    2.3262    0.0000   15.9949
H          0.2303   -2.6642    0.0000    1.0078
H          2.0498    0.9339    0.0000    1.0078
C         -2.5334    1.0003    0.0000   12.0000
H         -1.9250   -1.7061    0.0000    1.0078
H         -3.3581    0.2865    0.0000    1.0078
H         -2.6281    1.6447    0.8761    1.0078
H         -2.6281    1.6447   -0.8761    1.0078
 

 ------------------------------------------------
   INERTIA TENSOR (to be multiplied by 10**5)
 ------------------------------------------------

             1           2           3
  
    1     4.28660     1.79131     0.00000
    2     1.79131     5.10120     0.00000
    3     0.00000     0.00000     9.33139
 ------------------------------------------------


 ------------------------------------------------
   ROTATIONAL CONSTANTS (AND ROTATION MATRIX)
 ------------------------------------------------

 ROOT NO.    1           2           3

    ************************************
  
    1    -0.78157     0.62381     0.00000
    2     0.62381     0.78157     0.00000
    3     0.00000     0.00000     1.00000
 ------------------------------------------------

  Rotational constants (GHz)
     3.22468     1.41060     0.98726
  Rotational temperatures (K)
     0.15476     0.06770     0.04738


 -------------------
  DOF   Dimension
 -------------------
  Vib    39
  Rot    3
  Tra    3
 -------------------


 Translating State2 to its Center of Mass
 Initial COM:       0.0649     -0.0012      0.0000


 ================================
  VIBRATIONAL ANALYSIS ON STATE2
 ================================

Normal modes read from State1 for VG


 ------------------------
   FREQUENCIES (cm-1)
 ------------------------
     1   108.57705
     2   147.35940
     3   151.64402
     4   280.12801
     5   296.02786
     6   396.84793
     7   400.11563
     8   466.30408
     9   554.35596
    10   554.84763
    11   615.30215
    12   671.02835
    13   744.60520
    14   773.56315
    15   779.88785
    16   816.25979
    17   928.47159
    18   980.69450
    19  1033.75068
    20  1079.14556
    21  1172.72192
    22  1216.27150
    23  1248.90316
    24  1390.60174
    25  1424.55890
    26  1435.11683
    27  1448.09392
    28  1476.81320
    29  1501.54376
    30  1524.18193
    31  1740.45362
    32  1797.57259
    33  1836.22777
    34  3060.43265
    35  3120.42538
    36  3138.36607
    37  3217.67255
    38  3623.81582
    39  3667.32725
 ------------------------


 -------------------------------------
   State2 Gradient (Q1-space) x1e5
 -------------------------------------
     1    -0.00000
     2     0.00000
     3     0.00000
     4     0.50205
     5     0.00000
     6    -4.82698
     7     0.00000
     8    -5.23616
     9     8.40658
    10     0.00000
    11    -7.79922
    12    -0.00000
    13    -9.55907
    14    -0.00000
    15     0.00000
    16    13.11724
    17     0.00000
    18    -7.96342
    19    12.08380
    20    -0.00000
    21    11.33449
    22   -19.21355
    23   -25.11768
    24    48.68544
    25     6.93317
    26     1.21915
    27    -7.33288
    28     0.00000
    29   -10.84125
    30   -19.07079
    31    68.10944
    32    41.99049
    33   -20.96464
    34     8.23960
    35     0.00000
    36     3.50288
    37    18.72494
    38     5.60851
    39    -9.25738
 -------------------------------------




                 ASSIGNMENTS AND ANALYSIS OF 1 WITH RESPECT TO 2
 STATE 1                              MODES STATE 2
IND DEF    FREQUENCY     SHIFT    I21 C21  I22 C22   I23 C23     FR(I21)  I90 I95 I99
   1  P      108.58     0.00000    1 1.00    2 0.00    3 0.00       0.00   1   1   1
   2  P      147.36    -0.00000    2 1.00    1 0.00    3 0.00       0.00   1   1   1
   3  P      151.64    -0.00000    3 1.00    2 0.00    1 0.00       0.00   1   1   1
   4  P      280.13    -3.08177    4 1.00    2 0.00    3 0.00       0.00   1   1   1
   5  P      296.03    -0.00000    5 1.00    2 0.00    3 0.00       0.00   1   1   1
   6  P      396.85    14.76374    6 1.00    2 0.00    3 0.00       0.00   1   1   1
   7  P      400.12    -0.00000    7 1.00    2 0.00    3 0.00       0.00   1   1   1
   8  P      466.30    11.59960    8 1.00    2 0.00    3 0.00       0.00   1   1   1
   9  P      554.36   -13.17682    9 1.00    2 0.00    3 0.00       0.00   1   1   1
  10  P      554.85    -0.00000   10 1.00    2 0.00    3 0.00       0.00   1   1   1
  11  P      615.30     9.92300   11 1.00    2 0.00    3 0.00       0.00   1   1   1
  12  P      671.03     0.00000   12 1.00    2 0.00    3 0.00       0.00   1   1   1
  13  P      744.61     8.30486   13 1.00    2 0.00    3 0.00       0.00   1   1   1
  14  P      773.56     0.00000   14 1.00    2 0.00    3 0.00       0.00   1   1   1
  15  P      779.89    -0.00000   15 1.00    2 0.00    3 0.00       0.00   1   1   1
  16  P      816.26    -9.48319   16 1.00    2 0.00    3 0.00       0.00   1   1   1
  17  P      928.47    -0.00000   17 1.00    2 0.00    3 0.00       0.00   1   1   1
  18  P      980.69     3.98842   18 1.00    2 0.00    3 0.00       0.00   1   1   1
  19  P     1033.75    -5.44679   19 1.00    2 0.00    3 0.00       0.00   1   1   1
  20  P     1079.15     0.00000   20 1.00    2 0.00    3 0.00       0.00   1   1   1
  21  P     1172.72    -3.96991   21 1.00    2 0.00    3 0.00       0.00   1   1   1
  22  P     1216.27     6.25627   22 1.00    2 0.00    3 0.00       0.00   1   1   1
  23  P     1248.90     7.75694   23 1.00    2 0.00    3 0.00       0.00   1   1   1
  24  P     1390.60   -12.12725   24 1.00    2 0.00    3 0.00       0.00   1   1   1
  25  P     1424.56    -1.64566   25 1.00    2 0.00    3 0.00       0.00   1   1   1
  26  P     1435.12    -0.28514   26 1.00    2 0.00    3 0.00       0.00   1   1   1
  27  P     1448.09     1.68442   27 1.00    2 0.00    3 0.00       0.00   1   1   1
  28  P     1476.81    -0.00000   28 1.00    2 0.00    3 0.00       0.00   1   1   1
  29  P     1501.54     2.31618   29 1.00    2 0.00    3 0.00       0.00   1   1   1
  30  P     1524.18     3.95425   30 1.00    2 0.00    3 0.00       0.00   1   1   1
  31  P     1740.45   -10.83056   31 1.00    2 0.00    3 0.00       0.00   1   1   1
  32  P     1797.57    -6.25960   32 1.00    2 0.00    3 0.00       0.00   1   1   1
  33  P     1836.23     2.99504   33 1.00    2 0.00    3 0.00       0.00   1   1   1
  34  P     3060.43    -0.42375   34 1.00    2 0.00    3 0.00       0.00   1   1   1
  35  P     3120.43    -0.00000   35 1.00    2 0.00    3 0.00       0.00   1   1   1
  36  P     3138.37    -0.17131   36 1.00    2 0.00    3 0.00       0.00   1   1   1
  37  P     3217.67    -0.87117   37 1.00    2 0.00    3 0.00       0.00   1   1   1
  38  P     3623.82    -0.20572   38 1.00    2 0.00    3 0.00       0.00   1   1   1
  39  P     3667.33     0.33156   39 1.00    2 0.00    3 0.00       0.00   1   1   1
   
 *********************************************************** 
  
  AVERAGE MAX PROJECTION     1.000000    St Dev   0.000000
  AVERAGE FREQ DIFF          0.000000    St Dev   0.000000
  AVERAGE ABS FREQ DIFF      0.000000    St Dev   0.000000
  AVERAGE ABS DISPLACE       0.151170    St Dev   5.758024
  SUM DISPL**2            1293.930021
  
 *********************************************************** 
  



                 ASSIGNMENTS AND ANALYSIS OF 2 WITH RESPECT TO 1
 STATE 2                              MODES STATE 1
IND DEF    FREQUENCY     SHIFT    I11 C11  I12 C12   I13 C13     FR(I11)  I90 I95 I99
   1  P      108.58    -0.00000    1 1.00    2 0.00    3 0.00       0.00   1   1   1
   2  P      147.36     0.00000    2 1.00    1 0.00    3 0.00       0.00   1   1   1
   3  P      151.64     0.00000    3 1.00    2 0.00    1 0.00       0.00   1   1   1
   4  P      280.13     3.08177    4 1.00    2 0.00    3 0.00       0.00   1   1   1
   5  P      296.03     0.00000    5 1.00    2 0.00    3 0.00       0.00   1   1   1
   6  P      396.85   -14.76374    6 1.00    2 0.00    3 0.00       0.00   1   1   1
   7  P      400.12     0.00000    7 1.00    2 0.00    3 0.00       0.00   1   1   1
   8  P      466.30   -11.59960    8 1.00    2 0.00    3 0.00       0.00   1   1   1
   9  P      554.36    13.17682    9 1.00    2 0.00    3 0.00       0.00   1   1   1
  10  P      554.85     0.00000   10 1.00    2 0.00    3 0.00       0.00   1   1   1
  11  P      615.30    -9.92300   11 1.00    2 0.00    3 0.00       0.00   1   1   1
  12  P      671.03    -0.00000   12 1.00    2 0.00    3 0.00       0.00   1   1   1
  13  P      744.61    -8.30486   13 1.00    2 0.00    3 0.00       0.00   1   1   1
  14  P      773.56    -0.00000   14 1.00    2 0.00    3 0.00       0.00   1   1   1
  15  P      779.89     0.00000   15 1.00    2 0.00    3 0.00       0.00   1   1   1
  16  P      816.26     9.48319   16 1.00    2 0.00    3 0.00       0.00   1   1   1
  17  P      928.47     0.00000   17 1.00    2 0.00    3 0.00       0.00   1   1   1
  18  P      980.69    -3.98842   18 1.00    2 0.00    3 0.00       0.00   1   1   1
  19  P     1033.75     5.44679   19 1.00    2 0.00    3 0.00       0.00   1   1   1
  20  P     1079.15    -0.00000   20 1.00    2 0.00    3 0.00       0.00   1   1   1
  21  P     1172.72     3.96991   21 1.00    2 0.00    3 0.00       0.00   1   1   1
  22  P     1216.27    -6.25627   22 1.00    2 0.00    3 0.00       0.00   1   1   1
  23  P     1248.90    -7.75694   23 1.00    2 0.00    3 0.00       0.00   1   1   1
  24  P     1390.60    12.12725   24 1.00    2 0.00    3 0.00       0.00   1   1   1
  25  P     1424.56     1.64566   25 1.00    2 0.00    3 0.00       0.00   1   1   1
  26  P     1435.12     0.28514   26 1.00    2 0.00    3 0.00       0.00   1   1   1
  27  P     1448.09    -1.68442   27 1.00    2 0.00    3 0.00       0.00   1   1   1
  28  P     1476.81     0.00000   28 1.00    2 0.00    3 0.00       0.00   1   1   1
  29  P     1501.54    -2.31618   29 1.00    2 0.00    3 0.00       0.00   1   1   1
  30  P     1524.18    -3.95425   30 1.00    2 0.00    3 0.00       0.00   1   1   1
  31  P     1740.45    10.83056   31 1.00    2 0.00    3 0.00       0.00   1   1   1
  32  P     1797.57     6.25960   32 1.00    2 0.00    3 0.00       0.00   1   1   1
  33  P     1836.23    -2.99504   33 1.00    2 0.00    3 0.00       0.00   1   1   1
  34  P     3060.43     0.42375   34 1.00    2 0.00    3 0.00       0.00   1   1   1
  35  P     3120.43     0.00000   35 1.00    2 0.00    3 0.00       0.00   1   1   1
  36  P     3138.37     0.17131   36 1.00    2 0.00    3 0.00       0.00   1   1   1
  37  P     3217.67     0.87117   37 1.00    2 0.00    3 0.00       0.00   1   1   1
  38  P     3623.82     0.20572   38 1.00    2 0.00    3 0.00       0.00   1   1   1
  39  P     3667.33    -0.33156   39 1.00    2 0.00    3 0.00       0.00   1   1   1
   
 *********************************************************** 
  
  AVERAGE MAX PROJECTION     1.000000    St Dev   0.000000
  AVERAGE FREQ DIFF          0.000000    St Dev   0.000000
  AVERAGE ABS FREQ DIFF      0.000000    St Dev   0.000000
  AVERAGE ABS DISPLACE      -0.151170    St Dev   5.758024
  SUM DISPL**2            1293.930021
  
 *********************************************************** 
  

 ADDITIONAL ANALYSIS ON DUSCHINSKY MATRIX
 ----------------------------------------
  Determinant:     1.0000

  ** A = GM·GMT **
  Det(A)     :     1.0000
  Trace(A)   :    39.0000
  Det(A-I)   :     0.0000
  Trace(A-I) :     0.0000
 ----------------------------------------

   
   
 STATE1 MODES SORTED BY DECREASING DIMENSIONLESS SHIFT
   IND    MODE    FREQUENCY DIMENSIONLESS SHIFT
     1      24    1390.60174      -0.96532E+00
     2      31    1740.45362      -0.96447E+00
     3       9     554.35596      -0.66224E+00
     4       6     396.84793       0.62779E+00
     5      23    1248.90316       0.58514E+00
     6      16     816.25979      -0.57833E+00
     7      32    1797.57259      -0.56650E+00
     8       8     466.30408       0.53467E+00
     9      11     615.30215       0.52541E+00
    10      13     744.60520       0.48373E+00
    11      22    1216.27150       0.46573E+00
    12      19    1033.75068      -0.37381E+00
    13      30    1524.18193       0.32953E+00
    14      21    1172.72192      -0.29019E+00
    15      33    1836.22777       0.27395E+00
    16      18     980.69450       0.26661E+00
    17      29    1501.54376       0.19158E+00
    18      27    1448.09392       0.13682E+00
    19      25    1424.55890      -0.13258E+00
    20       4     280.12801      -0.11010E+00
    21      37    3217.67255      -0.10548E+00
    22      34    3060.43265      -0.50039E-01
    23      39    3667.32725       0.42859E-01
    24      38    3623.81582      -0.26435E-01
    25      26    1435.11683      -0.23057E-01
    26      36    3138.36607      -0.20485E-01
    27       3     151.64402      -0.27697E-09
    28       2     147.35940      -0.14064E-09
    29       7     400.11563      -0.11701E-09
    30       1     108.57705       0.92576E-10
    31      10     554.84763      -0.56122E-10
    32       5     296.02786      -0.22173E-10
    33      28    1476.81320      -0.95440E-11
    34      17     928.47159      -0.87327E-11
    35      20    1079.14556       0.86165E-11
    36      15     779.88785      -0.55675E-11
    37      14     773.56315       0.14407E-11
    38      12     671.02835       0.62561E-12
    39      35    3120.42538      -0.31650E-12
   
   
 MODES OF STATE1 IN ORDER OF DECREASING FR COUPL
 ESTIMATED BY THE MAGNITUDE OF THE 0-0 INTEGRAL
   IND    MODE1  FREQ   MODE2 FR    FR. SHIFT INV0-0
     1     1   108.57705         1   108.57705         0.00000         1.00000
     2     2   147.35940         2   147.35940         0.00000         1.00000
     3     3   151.64402         3   151.64402         0.00000         1.00000
     4     4   280.12801         4   280.12801         0.00000         1.00000
     5     5   296.02786         5   296.02786         0.00000         1.00000
     6     6   396.84793         6   396.84793         0.00000         1.00000
     7     7   400.11563         7   400.11563         0.00000         1.00000
     8     8   466.30408         8   466.30408         0.00000         1.00000
     9     9   554.35596         9   554.35596         0.00000         1.00000
    10    10   554.84763        10   554.84763         0.00000         1.00000
    11    11   615.30215        11   615.30215         0.00000         1.00000
    12    12   671.02835        12   671.02835         0.00000         1.00000
    13    13   744.60520        13   744.60520         0.00000         1.00000
    14    14   773.56315        14   773.56315         0.00000         1.00000
    15    15   779.88785        15   779.88785         0.00000         1.00000
    16    16   816.25979        16   816.25979         0.00000         1.00000
    17    17   928.47159        17   928.47159         0.00000         1.00000
    18    18   980.69450        18   980.69450         0.00000         1.00000
    19    19  1033.75068        19  1033.75068         0.00000         1.00000
    20    20  1079.14556        20  1079.14556         0.00000         1.00000
    21    21  1172.72192        21  1172.72192         0.00000         1.00000
    22    22  1216.27150        22  1216.27150         0.00000         1.00000
    23    23  1248.90316        23  1248.90316         0.00000         1.00000
    24    24  1390.60174        24  1390.60174         0.00000         1.00000
    25    25  1424.55890        25  1424.55890         0.00000         1.00000
    26    26  1435.11683        26  1435.11683         0.00000         1.00000
    27    27  1448.09392        27  1448.09392         0.00000         1.00000
    28    28  1476.81320        28  1476.81320         0.00000         1.00000
    29    29  1501.54376        29  1501.54376         0.00000         1.00000
    30    30  1524.18193        30  1524.18193         0.00000         1.00000
    31    31  1740.45362        31  1740.45362         0.00000         1.00000
    32    32  1797.57259        32  1797.57259         0.00000         1.00000
    33    33  1836.22777        33  1836.22777         0.00000         1.00000
    34    34  3060.43265        34  3060.43265         0.00000         1.00000
    35    35  3120.42538        35  3120.42538         0.00000         1.00000
    36    36  3138.36607        36  3138.36607         0.00000         1.00000
    37    37  3217.67255        37  3217.67255         0.00000         1.00000
    38    38  3623.81582        38  3623.81582         0.00000         1.00000
    39    39  3667.32725        39  3667.32725         0.00000         1.00000
   
   
   
   
 STATE2 MODES SORTED BY DECREASING DIMENSIONLESS SHIFT
   IND    MODE    FREQUENCY DIMENSIONLESS SHIFT
     1      24    1390.60174       0.96532E+00
     2      31    1740.45362       0.96447E+00
     3       9     554.35596       0.66224E+00
     4       6     396.84793      -0.62779E+00
     5      23    1248.90316      -0.58514E+00
     6      16     816.25979       0.57833E+00
     7      32    1797.57259       0.56650E+00
     8       8     466.30408      -0.53467E+00
     9      11     615.30215      -0.52541E+00
    10      13     744.60520      -0.48373E+00
    11      22    1216.27150      -0.46573E+00
    12      19    1033.75068       0.37381E+00
    13      30    1524.18193      -0.32953E+00
    14      21    1172.72192       0.29019E+00
    15      33    1836.22777      -0.27395E+00
    16      18     980.69450      -0.26661E+00
    17      29    1501.54376      -0.19158E+00
    18      27    1448.09392      -0.13682E+00
    19      25    1424.55890       0.13258E+00
    20       4     280.12801       0.11010E+00
    21      37    3217.67255       0.10548E+00
    22      34    3060.43265       0.50039E-01
    23      39    3667.32725      -0.42859E-01
    24      38    3623.81582       0.26435E-01
    25      26    1435.11683       0.23057E-01
    26      36    3138.36607       0.20485E-01
    27       3     151.64402       0.27697E-09
    28       2     147.35940       0.14064E-09
    29       7     400.11563       0.11701E-09
    30       1     108.57705      -0.92576E-10
    31      10     554.84763       0.56122E-10
    32       5     296.02786       0.22173E-10
    33      28    1476.81320       0.95440E-11
    34      17     928.47159       0.87327E-11
    35      20    1079.14556      -0.86165E-11
    36      15     779.88785       0.55675E-11
    37      14     773.56315      -0.14407E-11
    38      12     671.02835      -0.62561E-12
    39      35    3120.42538       0.31650E-12
   
   
 MODES OF STATE2 IN ORDER OF DECREASING FR COUPL
 ESTIMATED BY THE MAGNITUDE OF THE 0-0 INTEGRAL
   IND    MODE2  FREQ   MODE1 FR    FR. SHIFT INV0-0
     1     1   108.57705         1   108.57705         0.00000         1.00000
     2     2   147.35940         2   147.35940         0.00000         1.00000
     3     3   151.64402         3   151.64402         0.00000         1.00000
     4     4   280.12801         4   280.12801         0.00000         1.00000
     5     5   296.02786         5   296.02786         0.00000         1.00000
     6     6   396.84793         6   396.84793         0.00000         1.00000
     7     7   400.11563         7   400.11563         0.00000         1.00000
     8     8   466.30408         8   466.30408         0.00000         1.00000
     9     9   554.35596         9   554.35596         0.00000         1.00000
    10    10   554.84763        10   554.84763         0.00000         1.00000
    11    11   615.30215        11   615.30215         0.00000         1.00000
    12    12   671.02835        12   671.02835         0.00000         1.00000
    13    13   744.60520        13   744.60520         0.00000         1.00000
    14    14   773.56315        14   773.56315         0.00000         1.00000
    15    15   779.88785        15   779.88785         0.00000         1.00000
    16    16   816.25979        16   816.25979         0.00000         1.00000
    17    17   928.47159        17   928.47159         0.00000         1.00000
    18    18   980.69450        18   980.69450         0.00000         1.00000
    19    19  1033.75068        19  1033.75068         0.00000         1.00000
    20    20  1079.14556        20  1079.14556         0.00000         1.00000
    21    21  1172.72192        21  1172.72192         0.00000         1.00000
    22    22  1216.27150        22  1216.27150         0.00000         1.00000
    23    23  1248.90316        23  1248.90316         0.00000         1.00000
    24    24  1390.60174        24  1390.60174         0.00000         1.00000
    25    25  1424.55890        25  1424.55890         0.00000         1.00000
    26    26  1435.11683        26  1435.11683         0.00000         1.00000
    27    27  1448.09392        27  1448.09392         0.00000         1.00000
    28    28  1476.81320        28  1476.81320         0.00000         1.00000
    29    29  1501.54376        29  1501.54376         0.00000         1.00000
    30    30  1524.18193        30  1524.18193         0.00000         1.00000
    31    31  1740.45362        31  1740.45362         0.00000         1.00000
    32    32  1797.57259        32  1797.57259         0.00000         1.00000
    33    33  1836.22777        33  1836.22777         0.00000         1.00000
    34    34  3060.43265        34  3060.43265         0.00000         1.00000
    35    35  3120.42538        35  3120.42538         0.00000         1.00000
    36    36  3138.36607        36  3138.36607         0.00000         1.00000
    37    37  3217.67255        37  3217.67255         0.00000         1.00000
    38    38  3623.81582        38  3623.81582         0.00000         1.00000
    39    39  3667.32725        39  3667.32725         0.00000         1.00000
   
   
  
  
 DIMENSIONLESS SHIFTS 
   IND     STATE1       STATE2
     1     0.92576E-10    -0.92576E-10
     2    -0.14064E-09     0.14064E-09
     3    -0.27697E-09     0.27697E-09
     4    -0.11010E+00     0.11010E+00
     5    -0.22173E-10     0.22173E-10
     6     0.62779E+00    -0.62779E+00
     7    -0.11701E-09     0.11701E-09
     8     0.53467E+00    -0.53467E+00
     9    -0.66224E+00     0.66224E+00
    10    -0.56122E-10     0.56122E-10
    11     0.52541E+00    -0.52541E+00
    12     0.62561E-12    -0.62561E-12
    13     0.48373E+00    -0.48373E+00
    14     0.14407E-11    -0.14407E-11
    15    -0.55675E-11     0.55675E-11
    16    -0.57833E+00     0.57833E+00
    17    -0.87327E-11     0.87327E-11
    18     0.26661E+00    -0.26661E+00
    19    -0.37381E+00     0.37381E+00
    20     0.86165E-11    -0.86165E-11
    21    -0.29019E+00     0.29019E+00
    22     0.46573E+00    -0.46573E+00
    23     0.58514E+00    -0.58514E+00
    24    -0.96532E+00     0.96532E+00
    25    -0.13258E+00     0.13258E+00
    26    -0.23057E-01     0.23057E-01
    27     0.13682E+00    -0.13682E+00
    28    -0.95440E-11     0.95440E-11
    29     0.19158E+00    -0.19158E+00
    30     0.32953E+00    -0.32953E+00
    31    -0.96447E+00     0.96447E+00
    32    -0.56650E+00     0.56650E+00
    33     0.27395E+00    -0.27395E+00
    34    -0.50039E-01     0.50039E-01
    35    -0.31650E-12     0.31650E-12
    36    -0.20485E-01     0.20485E-01
    37    -0.10548E+00     0.10548E+00
    38    -0.26435E-01     0.26435E-01
    39     0.42859E-01    -0.42859E-01
  SUM SQUARED DIMENSIONLESS DISPL STATE1        5.2862
  SUM SQUARED DIMENSIONLESS DISPL STATE2        5.2862
  VALUE STATE1 GROUND VIB WAVEFUN AT GEO2       0.0711
  VALUE STATE2 GROUND VIB WAVEFUN AT GEO1       0.0711
  VALUE STATE1 GROUND VIB WAVEFUN AT (GEO1+GEO2)/2      0.5164
  VALUE STATE2 GROUND VIB WAVEFUN AT (GEO1+GEO2)/2      0.5164

 Printing Duschinski matrix to 'duschinsky.dat'


 Printing Shift vector to 'displacement.dat'


NOTE: DE read from input:   5.314 (eV)                                                                    
 


 ===========================
  REORGANIZATION ENERGY
 ===========================
     0.013930  (Hartree)
     0.379066  (eV)


 ------------------------------------------------------
 Extrapolation form (generalized) vertical point:
 ------------------------------------------------------
 Extrapolated vertical energy:        5.31440  (eV)
 Extrapolated adiabatic energy:       5.31440  (eV)
 Extrapolated reorg. energy   :       0.00000  (eV)
 ------------------------------------------------------



 ===============================
  ZERO-POINT ENERGY CORRECTIONS 
 ===============================


                    ZERO POINT ENERGY IN CM-1
    E01=     25410.01    E02=     25410.01


                    0-0 ENERGY DIFFERENCE
       4.93534 eV


                    ADIABATIC ENERGY     
       4.93534 eV




 ====================

  TRANSITION DIPOLES 

 ====================
 Model for tr. dipoles: FC
 Reading electric dipole file: ../../eldip_Thymine6311-es2_fchk
 


 ================= 
  TRANSITION INFO  
 ================= 
            DATA FOR VERTICAL TRANSITION 
  electric transition dipoles (au) at initial GEO 1
           -0.25649736    1.18446218    0.00000000
  electric transition dipoles (au) at initial GEO 2
           -0.25649736    1.18446218    0.00000000
  Square tr dipoles: geo1  1.46874155  geo2   1.46874155  Diff (d1-d2)/d1    0.0000 %
   
 ------------------
  State2 -> State1
 ------------------
 Reorganization Energy (eV) on State1        0.379066
 Vertical emission energy (eV)               4.556270
 Fluorescence lifetime from minimum (ns)  6.771278E+00
 ********************************************** 
   
 ------------------
  State1 -> State2
 ------------------
 Reorganization Energy on State2 (eV)        0.379066
 Vertical absorption energy (eV)             5.314403
 Absorption oscillator strength           1.912308E-01
 ********************************************** 
   

NOTE: Spectra resolution set to:  0.00400                                                                 
 

NOTE: To ensure exact match of TI and TD resuls, final spectral range reset to:    4.0000-                
       9.0000(eV)                                                                                         
 

 ----------------------------------------
 Refined spectral range for simulations: 
  nene       =      1251
  From E(eV) =    4.0000
  To   E(eV) =    9.0000
 
 Related time-domain parameters
 (with energy shift & extended range):
  ntime =          652
  dt    =       0.7929
  tfin  =     516.5620
 Shift info (for external FT)
  dE_ext=  0.104000    
  Eshift=   3.89600    
 ----------------------------------------


NOTE: Changing Ead to optimize TD method before entering the spectrum calculation.Ead(original)=          
        4.935 (eV); Ead(shifted )=   1.039 (eV)                                                           
 


 ____________________________________________
  ============================================
  PROGRAM: td_onephoton
   Compute vibronic spectra with a harmonic 
   TD formulation                           
                                            
  References:                               
   Comput Theoret Chem, 1040--1041, 186-194 (2014)
 ____________________________________________
  ============================================
 
 SUMMARY OF CALCULATION OPTIONS
 -------------------------------
 Adiabatic Energy (eV)  :   1.0393

 Tipe of transition     : ABS-ECDNO

 Dipole aproximation    : FC-FC
 El. dipole at ref geom :   -0.256        1.18       0.120E-14

 Numerical evaluation of xi(t)
         Total time (fs):   516.562
         Nr data points : 652
         Time step (fs) :  0.793    

 Broad. function        : GAU  
 Broad. exponent        :    7.794E-07
 Broad. order           : 2
 -------------------------------

 Computing correlation functions over 652 points

 Calling FFT with 1304 points


 Entering in fft_calc subroutine (FFTW)
 Ndata: 1304
 tini and tfin  -516.562     516.562

 df  9.671957840330411E-004
 dt  0.792881005380783     
 =========== tdspectra finished ===========  
 Timing...
  CPU (s) for tdspectra :       0.183
 ==========================================
                                           



===============================

 SUMMARY OF NOTES AND WARNINGS

===============================
 ---------------------------------
 6 notes raised along the run
 Look for NOTE in the output
 ---------------------------------

 
 ****************** FCclasses finished *******************
 Timing...   
  CPU (s)       0.218
 *********************************************************
 
 FCclasses finished successfully
