 
                                                    \ /               
                                              ..-'''-*-               
                                              \.-'''\ \               
      _____ _____      _                             | |              
     |  ___/  __ \    | |                         __/ /               
     | |_  | /  \/ ___| | __ _ ___ ___  ___  ___ |_  '.               
     |  _| | |    / __| |/ _` / __/ __|/ _ \/ __|   `.  \             
     | |   | \__/\ (__| | (_| \__ \__ \  __/\__ \     \ '.            
     \_|    \____/\___|_|\__,_|___/___/\___||___/      , |            
                                                       | |            
                                                      / ,'            
                                              -....--'  /             
                                              `.. __..-'              
                                                                      
 ********************************************************* 
   FCCLASSES3:                                             
   A code for vibronic simulations                         
                                                           
                                                           
 ********************************************************* 


 GIT VERSION INFO
  Commit id  : v3-1.0-2-g78ec1d1-dirty
  Commit date: 2022-07-22 10:24:13 +0200

 CURRENT RUN INFO
  Date&Time  : 2023-06-12, 15:39:43
  Input file : STDIN
  Input type : NEW



 INPUT OPTIONS:
-------------------------------
$$$
;GENERAL OPTIONS:
; NAT        = (read from structure files)
; NVIB       = (determined vibrational analysis)
PROPERTY     =   RR    
MODEL        =   VG   
DIPOLE       =   FC   
DIPDER_COORD =   CARTESIAN  
TEMP         =     0.00
DE           =   5.03680
BROADFUN     =   GAU  
HWHM         =   0.0400
RESOL        =   0.0040  ; (default: HWHM/10)
METHOD       =   TD   
ROT          =   1
SPCMIN       =     4.000
SPCMAX       =     9.000
;RESONANCE RAMAN
RR_NFIELD        =   -1
RR_FIELDMIN      =   4.000
RR_FIELDMAX      =   9.000
RR_POLAR         =   W
RR_SPEED         =   Y
RR_SINGLE_MAXEXC =   1
RR_DOUBLE_MAXEXC =   1
;VIBRATIONAL ANALYSIS
NORMALMODES  =   COMPUTE  
RM_COORD     =   NONE    
COORDS       =   CARTESIAN  
FORCE_REAL   =   YES  
;INPUT DATA FILES
STATE1_FILE  =   opt_xfield.fcc
STATE2_FILE  =   hessian_2.fcc
MASS_FILE    =   
ELDIP_FILE   =   edipole_fchk
MAGDIP_FILE  =   
NAC_FILE     =   
NRCOUP_FILE  =   edipole_fchk
HESS1_FILE   =   opt_xfield.fcc
HESS2_FILE   =   opt_xfield.fcc
GRAD1_FILE   =   opt_xfield.fcc
GRAD2_COORD  =   CARTESIAN
GRAD2_FILE   =   hessian_2.fcc
;VERBOSE LEVEL
VERBOSE      =   1
  
-------------------------------



 ==> State 1 <==

 Geometry file: opt_xfield.fcc


 Gradient file: opt_xfield.fcc

NOTE: The calculation for this State will assume stationary point since the gradient is                   
      small (maximum atomic gradient:   0.000139 a.u.)                                                    
 
 Hessian file: opt_xfield.fcc



 ---------------------------------------
  Check effect of symmetry operations
  on Hessian elements (or gs^t\beta)
 ---------------------------------------

 Using input geometry instead of rotating to principal axis of intertia to detect symmetry


NOTE: Cannot determine symmetry. Set to C1 (no symmetric atoms)                                           
 
 
 ---------------------------------------



 =========================
  ANALYSIS OF DOFs
 =========================

 => STATE 1 <=
 Geometry (Angstroms)
 15    # Nr. of atoms
   Atom       X         Y         Z      Mass
N         -0.7279    1.0202    1.4541   14.0031
N         -1.1152   -1.2455    1.4682   14.0031
C         -1.6799    0.0182    1.5029   12.0000
C          0.2459   -1.4833    1.4888   12.0000
C          1.1573   -0.4838    1.4828   12.0000
C          2.6380   -0.7003    1.5032   12.0000
C          0.6749    0.8976    1.4924   12.0000
O          1.3872    1.8975    1.5261   15.9949
O         -2.8877    0.2153    1.5553   15.9949
H          0.5280   -2.5270    1.5031    1.0078
H         -1.0893    1.9658    1.4847    1.0078
H         -1.7764   -2.0055    1.5149    1.0078
H          2.8757   -1.7626    1.4952    1.0078
H          3.0773   -0.2471    2.3901    1.0078
H          3.1019   -0.2293    0.6382    1.0078
 

 ------------------------------------------------
   INERTIA TENSOR (to be multiplied by 10**5)
 ------------------------------------------------

             1           2           3
  
    1     2.88925    -0.15665     0.02299
    2    -0.15665     6.60194    -0.01813
    3     0.02299    -0.01813     9.43079
 ------------------------------------------------


 ------------------------------------------------
   ROTATIONAL CONSTANTS (AND ROTATION MATRIX)
 ------------------------------------------------

 ROOT NO.    1           2           3

    ************************************
  
    1    -0.99911    -0.04206     0.00339
    2    -0.04204     0.99909     0.00676
    3     0.00367    -0.00661     0.99997
 ------------------------------------------------

  Rotational constants (GHz)
     3.19592     1.39406     0.97683
  Rotational temperatures (K)
     0.15338     0.06690     0.04688


 -------------------
  DOF   Dimension
 -------------------
  Vib    39
  Rot    3
  Tra    3
 -------------------


 Translating State1 to its Center of Mass
 Initial COM:      -0.0524      0.0379      1.4990


 ================================
  VIBRATIONAL ANALYSIS ON STATE1
 ================================

 ----------------------------------
   Redundant Frequencies (cm-1)
 ----------------------------------
     1    -0.00004
     2    -0.00001
     3     0.00001
     4     0.00001
     5     0.00002
     6     0.00002
 ----------------------------------


 ------------------------
   FREQUENCIES (cm-1)
 ------------------------
     1   111.58506
     2   139.64336
     3   146.44379
     4   276.81635
     5   283.44217
     6   354.37288
     7   387.89978
     8   458.27873
     9   540.55360
    10   563.19713
    11   604.84978
    12   653.70200
    13   703.25447
    14   736.94406
    15   748.04122
    16   812.30764
    17   877.41916
    18   983.59011
    19  1043.36504
    20  1081.29231
    21  1177.53928
    22  1224.96369
    23  1281.22157
    24  1403.30103
    25  1414.35117
    26  1444.00180
    27  1469.09679
    28  1523.82088
    29  1528.75583
    30  1554.98422
    31  1728.81097
    32  1773.43855
    33  1831.40920
    34  3135.03826
    35  3229.82046
    36  3237.06424
    37  3289.50898
    38  3665.32661
    39  3714.34928
 ------------------------

 =====================
  THERMOCHEMISTRY     
 =====================
  Temperature (K):    0.00
  Pressure (atm) :    1.00
 
  Rotational constants (GHz)
     3.19592     1.39406     0.97683
  Rotational temperatures (K)
     0.15338     0.06690     0.04688
 
  Partition Functions
  qt =      0.000    
  qr =      0.000    
  qv =      0.000    
 
  Contributions to entropy
  St (cm-1/K) = -Infinity
  Sr (cm-1/K) = -Infinity
  Sv (cm-1/K) =       NaN
 
  Thermal corrections (AU)
  Zero Point Energy =   0.116491    
  Internal Energy   =   0.116491    
  Enthalpy          =   0.116491    
  Gibbs Free Energy =            NaN
 
  Thermal corrections (AU) - vibrational only
  Number of vibrations:      39
  V-internal Energy   =   0.116491    
  V-enthalpy          =   0.116491    
  V-gibbs Free Energy =            NaN


 ==> State 2 <==

 Geometry file: hessian_2.fcc


 Gradient file: hessian_2.fcc

NOTE: The calculation for this State will assume non-stationary point since the gradient                  
      is not negligible (maximum atomic gradient:   0.094445 a.u.)                                        
 
 Hessian file: opt_xfield.fcc


 A RR calculation  will be performed
 RESETTING OPTRANS TO ABS
 RESETTING OPTRANS1 TO ECDNO


 =========================
  ANALYSIS OF DOFs
 =========================

 => STATE 2 <=
 Geometry (Angstroms)
 15    # Nr. of atoms
   Atom       X         Y         Z      Mass
N         -0.7279    1.0202    1.4541   14.0031
N         -1.1152   -1.2455    1.4682   14.0031
C         -1.6799    0.0182    1.5029   12.0000
C          0.2459   -1.4833    1.4888   12.0000
C          1.1573   -0.4838    1.4828   12.0000
C          2.6380   -0.7003    1.5032   12.0000
C          0.6749    0.8976    1.4924   12.0000
O          1.3872    1.8975    1.5261   15.9949
O         -2.8877    0.2153    1.5553   15.9949
H          0.5280   -2.5270    1.5031    1.0078
H         -1.0893    1.9658    1.4847    1.0078
H         -1.7764   -2.0055    1.5149    1.0078
H          2.8757   -1.7626    1.4952    1.0078
H          3.0773   -0.2471    2.3901    1.0078
H          3.1019   -0.2293    0.6382    1.0078
 

 ------------------------------------------------
   INERTIA TENSOR (to be multiplied by 10**5)
 ------------------------------------------------

             1           2           3
  
    1     2.88925    -0.15665     0.02299
    2    -0.15665     6.60194    -0.01813
    3     0.02299    -0.01813     9.43079
 ------------------------------------------------


 ------------------------------------------------
   ROTATIONAL CONSTANTS (AND ROTATION MATRIX)
 ------------------------------------------------

 ROOT NO.    1           2           3

    ************************************
  
    1    -0.99911    -0.04206     0.00339
    2    -0.04204     0.99909     0.00676
    3     0.00367    -0.00661     0.99997
 ------------------------------------------------

  Rotational constants (GHz)
     3.19592     1.39406     0.97683
  Rotational temperatures (K)
     0.15338     0.06690     0.04688


 -------------------
  DOF   Dimension
 -------------------
  Vib    39
  Rot    3
  Tra    3
 -------------------


 Translating State2 to its Center of Mass
 Initial COM:      -0.0524      0.0379      1.4990


 ================================
  VIBRATIONAL ANALYSIS ON STATE2
 ================================

Normal modes read from State1 for VG


 ------------------------
   FREQUENCIES (cm-1)
 ------------------------
     1   111.58506
     2   139.64336
     3   146.44379
     4   276.81635
     5   283.44217
     6   354.37288
     7   387.89978
     8   458.27873
     9   540.55360
    10   563.19713
    11   604.84978
    12   653.70200
    13   703.25447
    14   736.94406
    15   748.04122
    16   812.30764
    17   877.41916
    18   983.59011
    19  1043.36504
    20  1081.29231
    21  1177.53928
    22  1224.96369
    23  1281.22157
    24  1403.30103
    25  1414.35117
    26  1444.00180
    27  1469.09679
    28  1523.82088
    29  1528.75583
    30  1554.98422
    31  1728.81097
    32  1773.43855
    33  1831.40920
    34  3135.03826
    35  3229.82046
    36  3237.06424
    37  3289.50898
    38  3665.32661
    39  3714.34928
 ------------------------


 -------------------------------------
   State2 Gradient (Q1-space) x1e5
 -------------------------------------
     1    -0.05162
     2     0.71053
     3     0.15110
     4    -0.91965
     5     0.37708
     6     0.40800
     7     5.48374
     8     0.63456
     9     8.59155
    10     0.12605
    11   -10.36026
    12     1.57765
    13    -2.40828
    14    -0.17032
    15   -13.73551
    16    15.35725
    17    -0.15785
    18   -12.95596
    19    13.35367
    20    -0.79558
    21   -15.09074
    22    21.28868
    23   -31.21211
    24    25.51954
    25   -52.22123
    26     7.85407
    27     3.98125
    28    18.83114
    29    -1.09670
    30    -1.90470
    31    51.98299
    32    53.63636
    33    -8.36072
    34     3.62258
    35     0.04749
    36    -1.99305
    37    14.99390
    38    -4.65845
    39   -15.89653
 -------------------------------------




                 ASSIGNMENTS AND ANALYSIS OF 1 WITH RESPECT TO 2
 STATE 1                              MODES STATE 2
IND DEF    FREQUENCY     SHIFT    I21 C21  I22 C22   I23 C23     FR(I21)  I90 I95 I99
   1  P      111.59     1.99703    1 1.00    2 0.00    3 0.00       0.00   1   1   1
   2  P      139.64   -17.55126    2 1.00    1 0.00    3 0.00       0.00   1   1   1
   3  P      146.44    -3.39395    3 1.00    2 0.00    1 0.00       0.00   1   1   1
   4  P      276.82     5.78108    4 1.00    2 0.00    3 0.00       0.00   1   1   1
   5  P      283.44    -2.26086    5 1.00    2 0.00    3 0.00       0.00   1   1   1
   6  P      354.37    -1.56496    6 1.00    2 0.00    3 0.00       0.00   1   1   1
   7  P      387.90   -17.55522    7 1.00    2 0.00    3 0.00       0.00   1   1   1
   8  P      458.28    -1.45540    8 1.00    2 0.00    3 0.00       0.00   1   1   1
   9  P      540.55   -14.16324    9 1.00    2 0.00    3 0.00       0.00   1   1   1
  10  P      563.20    -0.19142   10 1.00    2 0.00    3 0.00       0.00   1   1   1
  11  P      604.85    13.64094   11 1.00    2 0.00    3 0.00       0.00   1   1   1
  12  P      653.70    -1.77836   12 1.00    2 0.00    3 0.00       0.00   1   1   1
  13  P      703.25     2.34558   13 1.00    2 0.00    3 0.00       0.00   1   1   1
  14  P      736.94     0.15106   14 1.00    2 0.00    3 0.00       0.00   1   1   1
  15  P      748.04    11.82395   15 1.00    2 0.00    3 0.00       0.00   1   1   1
  16  P      812.31   -11.21091   16 1.00    2 0.00    3 0.00       0.00   1   1   1
  17  P      877.42     0.09876   17 1.00    2 0.00    3 0.00       0.00   1   1   1
  18  P      983.59     6.45074   18 1.00    2 0.00    3 0.00       0.00   1   1   1
  19  P     1043.37    -5.90877   19 1.00    2 0.00    3 0.00       0.00   1   1   1
  20  P     1081.29     0.32777   20 1.00    2 0.00    3 0.00       0.00   1   1   1
  21  P     1177.54     5.24238   21 1.00    2 0.00    3 0.00       0.00   1   1   1
  22  P     1224.96    -6.83394   22 1.00    2 0.00    3 0.00       0.00   1   1   1
  23  P     1281.22     9.15890   23 1.00    2 0.00    3 0.00       0.00   1   1   1
  24  P     1403.30    -6.24223   24 1.00    2 0.00    3 0.00       0.00   1   1   1
  25  P     1414.35    12.57480   25 1.00    2 0.00    3 0.00       0.00   1   1   1
  26  P     1444.00    -1.81438   26 1.00    2 0.00    3 0.00       0.00   1   1   1
  27  P     1469.10    -0.88856   27 1.00    2 0.00    3 0.00       0.00   1   1   1
  28  P     1523.82    -3.90641   28 1.00    2 0.00    3 0.00       0.00   1   1   1
  29  P     1528.76     0.22604   29 1.00    2 0.00    3 0.00       0.00   1   1   1
  30  P     1554.98     0.37944   30 1.00    2 0.00    3 0.00       0.00   1   1   1
  31  P     1728.81    -8.37789   31 1.00    2 0.00    3 0.00       0.00   1   1   1
  32  P     1773.44    -8.21477   32 1.00    2 0.00    3 0.00       0.00   1   1   1
  33  P     1831.41     1.20072   33 1.00    2 0.00    3 0.00       0.00   1   1   1
  34  P     3135.04    -0.17754   34 1.00    2 0.00    3 0.00       0.00   1   1   1
  35  P     3229.82    -0.00219   35 1.00    2 0.00    3 0.00       0.00   1   1   1
  36  P     3237.06     0.09162   36 1.00    2 0.00    3 0.00       0.00   1   1   1
  37  P     3289.51    -0.66745   37 1.00    2 0.00    3 0.00       0.00   1   1   1
  38  P     3665.33     0.16703   38 1.00    2 0.00    3 0.00       0.00   1   1   1
  39  P     3714.35     0.55502   39 1.00    2 0.00    3 0.00       0.00   1   1   1
   
 *********************************************************** 
  
  AVERAGE MAX PROJECTION     1.000000    St Dev   0.000000
  AVERAGE FREQ DIFF          0.000000    St Dev   0.000000
  AVERAGE ABS FREQ DIFF      0.000000    St Dev   0.000000
  AVERAGE ABS DISPLACE      -1.075561    St Dev   6.946472
  SUM DISPL**2            1927.001983
  
 *********************************************************** 
  



                 ASSIGNMENTS AND ANALYSIS OF 2 WITH RESPECT TO 1
 STATE 2                              MODES STATE 1
IND DEF    FREQUENCY     SHIFT    I11 C11  I12 C12   I13 C13     FR(I11)  I90 I95 I99
   1  P      111.59    -1.99703    1 1.00    2 0.00    3 0.00       0.00   1   1   1
   2  P      139.64    17.55126    2 1.00    1 0.00    3 0.00       0.00   1   1   1
   3  P      146.44     3.39395    3 1.00    2 0.00    1 0.00       0.00   1   1   1
   4  P      276.82    -5.78108    4 1.00    2 0.00    3 0.00       0.00   1   1   1
   5  P      283.44     2.26086    5 1.00    2 0.00    3 0.00       0.00   1   1   1
   6  P      354.37     1.56496    6 1.00    2 0.00    3 0.00       0.00   1   1   1
   7  P      387.90    17.55522    7 1.00    2 0.00    3 0.00       0.00   1   1   1
   8  P      458.28     1.45540    8 1.00    2 0.00    3 0.00       0.00   1   1   1
   9  P      540.55    14.16324    9 1.00    2 0.00    3 0.00       0.00   1   1   1
  10  P      563.20     0.19142   10 1.00    2 0.00    3 0.00       0.00   1   1   1
  11  P      604.85   -13.64094   11 1.00    2 0.00    3 0.00       0.00   1   1   1
  12  P      653.70     1.77836   12 1.00    2 0.00    3 0.00       0.00   1   1   1
  13  P      703.25    -2.34558   13 1.00    2 0.00    3 0.00       0.00   1   1   1
  14  P      736.94    -0.15106   14 1.00    2 0.00    3 0.00       0.00   1   1   1
  15  P      748.04   -11.82395   15 1.00    2 0.00    3 0.00       0.00   1   1   1
  16  P      812.31    11.21091   16 1.00    2 0.00    3 0.00       0.00   1   1   1
  17  P      877.42    -0.09876   17 1.00    2 0.00    3 0.00       0.00   1   1   1
  18  P      983.59    -6.45074   18 1.00    2 0.00    3 0.00       0.00   1   1   1
  19  P     1043.37     5.90877   19 1.00    2 0.00    3 0.00       0.00   1   1   1
  20  P     1081.29    -0.32777   20 1.00    2 0.00    3 0.00       0.00   1   1   1
  21  P     1177.54    -5.24238   21 1.00    2 0.00    3 0.00       0.00   1   1   1
  22  P     1224.96     6.83394   22 1.00    2 0.00    3 0.00       0.00   1   1   1
  23  P     1281.22    -9.15890   23 1.00    2 0.00    3 0.00       0.00   1   1   1
  24  P     1403.30     6.24223   24 1.00    2 0.00    3 0.00       0.00   1   1   1
  25  P     1414.35   -12.57480   25 1.00    2 0.00    3 0.00       0.00   1   1   1
  26  P     1444.00     1.81438   26 1.00    2 0.00    3 0.00       0.00   1   1   1
  27  P     1469.10     0.88856   27 1.00    2 0.00    3 0.00       0.00   1   1   1
  28  P     1523.82     3.90641   28 1.00    2 0.00    3 0.00       0.00   1   1   1
  29  P     1528.76    -0.22604   29 1.00    2 0.00    3 0.00       0.00   1   1   1
  30  P     1554.98    -0.37944   30 1.00    2 0.00    3 0.00       0.00   1   1   1
  31  P     1728.81     8.37789   31 1.00    2 0.00    3 0.00       0.00   1   1   1
  32  P     1773.44     8.21477   32 1.00    2 0.00    3 0.00       0.00   1   1   1
  33  P     1831.41    -1.20072   33 1.00    2 0.00    3 0.00       0.00   1   1   1
  34  P     3135.04     0.17754   34 1.00    2 0.00    3 0.00       0.00   1   1   1
  35  P     3229.82     0.00219   35 1.00    2 0.00    3 0.00       0.00   1   1   1
  36  P     3237.06    -0.09162   36 1.00    2 0.00    3 0.00       0.00   1   1   1
  37  P     3289.51     0.66745   37 1.00    2 0.00    3 0.00       0.00   1   1   1
  38  P     3665.33    -0.16703   38 1.00    2 0.00    3 0.00       0.00   1   1   1
  39  P     3714.35    -0.55502   39 1.00    2 0.00    3 0.00       0.00   1   1   1
   
 *********************************************************** 
  
  AVERAGE MAX PROJECTION     1.000000    St Dev   0.000000
  AVERAGE FREQ DIFF          0.000000    St Dev   0.000000
  AVERAGE ABS FREQ DIFF      0.000000    St Dev   0.000000
  AVERAGE ABS DISPLACE       1.075561    St Dev   6.946472
  SUM DISPL**2            1927.001983
  
 *********************************************************** 
  

 ADDITIONAL ANALYSIS ON DUSCHINSKY MATRIX
 ----------------------------------------
  Determinant:     1.0000

  ** A = GM·GMT **
  Det(A)     :     1.0000
  Trace(A)   :    39.0000
  Det(A-I)   :     0.0000
  Trace(A-I) :     0.0000
 ----------------------------------------

   
   
 STATE1 MODES SORTED BY DECREASING DIMENSIONLESS SHIFT
   IND    MODE    FREQUENCY DIMENSIONLESS SHIFT
     1      25    1414.35117       0.10095E+01
     2      31    1728.81097      -0.74356E+00
     3      32    1773.43855      -0.73843E+00
     4       7     387.89978      -0.73803E+00
     5      11     604.84978       0.71610E+00
     6       9     540.55360      -0.70289E+00
     7      23    1281.22157       0.69978E+00
     8      15     748.04122       0.69029E+00
     9      16     812.30764      -0.68204E+00
    10      22    1224.96369      -0.51055E+00
    11      24    1403.30103      -0.49914E+00
    12       2     139.64336      -0.44272E+00
    13      18     983.59011       0.43184E+00
    14      19    1043.36504      -0.40740E+00
    15      21    1177.53928       0.38399E+00
    16      28    1523.82088      -0.32550E+00
    17       4     276.81635       0.20531E+00
    18      26    1444.00180      -0.14717E+00
    19      13     703.25447       0.13277E+00
    20      33    1831.40920       0.10968E+00
    21      12     653.70200      -0.97055E-01
    22       3     146.44379      -0.87670E-01
    23      37    3289.50898      -0.81714E-01
    24       5     283.44217      -0.81248E-01
    25      27    1469.09679      -0.72698E-01
    26      39    3714.34928       0.72203E-01
    27       8     458.27873      -0.66505E-01
    28       6     354.37288      -0.62884E-01
    29       1     111.58506       0.45029E-01
    30      30    1554.98422       0.31939E-01
    31      20    1081.29231       0.23006E-01
    32      38    3665.32661       0.21585E-01
    33      34    3135.03826      -0.21219E-01
    34      29    1528.75583       0.18865E-01
    35      36    3237.06424       0.11127E-01
    36      10     563.19713      -0.96967E-02
    37      14     736.94406       0.87535E-02
    38      17     877.41916       0.62446E-02
    39      35    3229.82046      -0.26603E-03
   
   
 MODES OF STATE1 IN ORDER OF DECREASING FR COUPL
 ESTIMATED BY THE MAGNITUDE OF THE 0-0 INTEGRAL
   IND    MODE1  FREQ   MODE2 FR    FR. SHIFT INV0-0
     1     1   111.58506         1   111.58506         0.00000         1.00000
     2     2   139.64336         2   139.64336         0.00000         1.00000
     3     3   146.44379         3   146.44379         0.00000         1.00000
     4     4   276.81635         4   276.81635         0.00000         1.00000
     5     5   283.44217         5   283.44217         0.00000         1.00000
     6     6   354.37288         6   354.37288         0.00000         1.00000
     7     7   387.89978         7   387.89978         0.00000         1.00000
     8     8   458.27873         8   458.27873         0.00000         1.00000
     9     9   540.55360         9   540.55360         0.00000         1.00000
    10    10   563.19713        10   563.19713         0.00000         1.00000
    11    11   604.84978        11   604.84978         0.00000         1.00000
    12    12   653.70200        12   653.70200         0.00000         1.00000
    13    13   703.25447        13   703.25447         0.00000         1.00000
    14    14   736.94406        14   736.94406         0.00000         1.00000
    15    15   748.04122        15   748.04122         0.00000         1.00000
    16    16   812.30764        16   812.30764         0.00000         1.00000
    17    17   877.41916        17   877.41916         0.00000         1.00000
    18    18   983.59011        18   983.59011         0.00000         1.00000
    19    19  1043.36504        19  1043.36504         0.00000         1.00000
    20    20  1081.29231        20  1081.29231         0.00000         1.00000
    21    21  1177.53928        21  1177.53928         0.00000         1.00000
    22    22  1224.96369        22  1224.96369         0.00000         1.00000
    23    23  1281.22157        23  1281.22157         0.00000         1.00000
    24    24  1403.30103        24  1403.30103         0.00000         1.00000
    25    25  1414.35117        25  1414.35117         0.00000         1.00000
    26    26  1444.00180        26  1444.00180         0.00000         1.00000
    27    27  1469.09679        27  1469.09679         0.00000         1.00000
    28    28  1523.82088        28  1523.82088         0.00000         1.00000
    29    29  1528.75583        29  1528.75583         0.00000         1.00000
    30    30  1554.98422        30  1554.98422         0.00000         1.00000
    31    31  1728.81097        31  1728.81097         0.00000         1.00000
    32    32  1773.43855        32  1773.43855         0.00000         1.00000
    33    33  1831.40920        33  1831.40920         0.00000         1.00000
    34    34  3135.03826        34  3135.03826         0.00000         1.00000
    35    35  3229.82046        35  3229.82046         0.00000         1.00000
    36    36  3237.06424        36  3237.06424         0.00000         1.00000
    37    37  3289.50898        37  3289.50898         0.00000         1.00000
    38    38  3665.32661        38  3665.32661         0.00000         1.00000
    39    39  3714.34928        39  3714.34928         0.00000         1.00000
   
   
   
   
 STATE2 MODES SORTED BY DECREASING DIMENSIONLESS SHIFT
   IND    MODE    FREQUENCY DIMENSIONLESS SHIFT
     1      25    1414.35117      -0.10095E+01
     2      31    1728.81097       0.74356E+00
     3      32    1773.43855       0.73843E+00
     4       7     387.89978       0.73803E+00
     5      11     604.84978      -0.71610E+00
     6       9     540.55360       0.70289E+00
     7      23    1281.22157      -0.69978E+00
     8      15     748.04122      -0.69029E+00
     9      16     812.30764       0.68204E+00
    10      22    1224.96369       0.51055E+00
    11      24    1403.30103       0.49914E+00
    12       2     139.64336       0.44272E+00
    13      18     983.59011      -0.43184E+00
    14      19    1043.36504       0.40740E+00
    15      21    1177.53928      -0.38399E+00
    16      28    1523.82088       0.32550E+00
    17       4     276.81635      -0.20531E+00
    18      26    1444.00180       0.14717E+00
    19      13     703.25447      -0.13277E+00
    20      33    1831.40920      -0.10968E+00
    21      12     653.70200       0.97055E-01
    22       3     146.44379       0.87670E-01
    23      37    3289.50898       0.81714E-01
    24       5     283.44217       0.81248E-01
    25      27    1469.09679       0.72698E-01
    26      39    3714.34928      -0.72203E-01
    27       8     458.27873       0.66505E-01
    28       6     354.37288       0.62884E-01
    29       1     111.58506      -0.45029E-01
    30      30    1554.98422      -0.31939E-01
    31      20    1081.29231      -0.23006E-01
    32      38    3665.32661      -0.21585E-01
    33      34    3135.03826       0.21219E-01
    34      29    1528.75583      -0.18865E-01
    35      36    3237.06424      -0.11127E-01
    36      10     563.19713       0.96967E-02
    37      14     736.94406      -0.87535E-02
    38      17     877.41916      -0.62446E-02
    39      35    3229.82046       0.26603E-03
   
   
 MODES OF STATE2 IN ORDER OF DECREASING FR COUPL
 ESTIMATED BY THE MAGNITUDE OF THE 0-0 INTEGRAL
   IND    MODE2  FREQ   MODE1 FR    FR. SHIFT INV0-0
     1     1   111.58506         1   111.58506         0.00000         1.00000
     2     2   139.64336         2   139.64336         0.00000         1.00000
     3     3   146.44379         3   146.44379         0.00000         1.00000
     4     4   276.81635         4   276.81635         0.00000         1.00000
     5     5   283.44217         5   283.44217         0.00000         1.00000
     6     6   354.37288         6   354.37288         0.00000         1.00000
     7     7   387.89978         7   387.89978         0.00000         1.00000
     8     8   458.27873         8   458.27873         0.00000         1.00000
     9     9   540.55360         9   540.55360         0.00000         1.00000
    10    10   563.19713        10   563.19713         0.00000         1.00000
    11    11   604.84978        11   604.84978         0.00000         1.00000
    12    12   653.70200        12   653.70200         0.00000         1.00000
    13    13   703.25447        13   703.25447         0.00000         1.00000
    14    14   736.94406        14   736.94406         0.00000         1.00000
    15    15   748.04122        15   748.04122         0.00000         1.00000
    16    16   812.30764        16   812.30764         0.00000         1.00000
    17    17   877.41916        17   877.41916         0.00000         1.00000
    18    18   983.59011        18   983.59011         0.00000         1.00000
    19    19  1043.36504        19  1043.36504         0.00000         1.00000
    20    20  1081.29231        20  1081.29231         0.00000         1.00000
    21    21  1177.53928        21  1177.53928         0.00000         1.00000
    22    22  1224.96369        22  1224.96369         0.00000         1.00000
    23    23  1281.22157        23  1281.22157         0.00000         1.00000
    24    24  1403.30103        24  1403.30103         0.00000         1.00000
    25    25  1414.35117        25  1414.35117         0.00000         1.00000
    26    26  1444.00180        26  1444.00180         0.00000         1.00000
    27    27  1469.09679        27  1469.09679         0.00000         1.00000
    28    28  1523.82088        28  1523.82088         0.00000         1.00000
    29    29  1528.75583        29  1528.75583         0.00000         1.00000
    30    30  1554.98422        30  1554.98422         0.00000         1.00000
    31    31  1728.81097        31  1728.81097         0.00000         1.00000
    32    32  1773.43855        32  1773.43855         0.00000         1.00000
    33    33  1831.40920        33  1831.40920         0.00000         1.00000
    34    34  3135.03826        34  3135.03826         0.00000         1.00000
    35    35  3229.82046        35  3229.82046         0.00000         1.00000
    36    36  3237.06424        36  3237.06424         0.00000         1.00000
    37    37  3289.50898        37  3289.50898         0.00000         1.00000
    38    38  3665.32661        38  3665.32661         0.00000         1.00000
    39    39  3714.34928        39  3714.34928         0.00000         1.00000
   
   
  
  
 DIMENSIONLESS SHIFTS 
   IND     STATE1       STATE2
     1     0.45029E-01    -0.45029E-01
     2    -0.44272E+00     0.44272E+00
     3    -0.87670E-01     0.87670E-01
     4     0.20531E+00    -0.20531E+00
     5    -0.81248E-01     0.81248E-01
     6    -0.62884E-01     0.62884E-01
     7    -0.73803E+00     0.73803E+00
     8    -0.66505E-01     0.66505E-01
     9    -0.70289E+00     0.70289E+00
    10    -0.96967E-02     0.96967E-02
    11     0.71610E+00    -0.71610E+00
    12    -0.97055E-01     0.97055E-01
    13     0.13277E+00    -0.13277E+00
    14     0.87535E-02    -0.87535E-02
    15     0.69029E+00    -0.69029E+00
    16    -0.68204E+00     0.68204E+00
    17     0.62446E-02    -0.62446E-02
    18     0.43184E+00    -0.43184E+00
    19    -0.40740E+00     0.40740E+00
    20     0.23006E-01    -0.23006E-01
    21     0.38399E+00    -0.38399E+00
    22    -0.51055E+00     0.51055E+00
    23     0.69978E+00    -0.69978E+00
    24    -0.49914E+00     0.49914E+00
    25     0.10095E+01    -0.10095E+01
    26    -0.14717E+00     0.14717E+00
    27    -0.72698E-01     0.72698E-01
    28    -0.32550E+00     0.32550E+00
    29     0.18865E-01    -0.18865E-01
    30     0.31939E-01    -0.31939E-01
    31    -0.74356E+00     0.74356E+00
    32    -0.73843E+00     0.73843E+00
    33     0.10968E+00    -0.10968E+00
    34    -0.21219E-01     0.21219E-01
    35    -0.26603E-03     0.26603E-03
    36     0.11127E-01    -0.11127E-01
    37    -0.81714E-01     0.81714E-01
    38     0.21585E-01    -0.21585E-01
    39     0.72203E-01    -0.72203E-01
  SUM SQUARED DIMENSIONLESS DISPL STATE1        6.5597
  SUM SQUARED DIMENSIONLESS DISPL STATE2        6.5597
  VALUE STATE1 GROUND VIB WAVEFUN AT GEO2       0.0376
  VALUE STATE2 GROUND VIB WAVEFUN AT GEO1       0.0376
  VALUE STATE1 GROUND VIB WAVEFUN AT (GEO1+GEO2)/2      0.4404
  VALUE STATE2 GROUND VIB WAVEFUN AT (GEO1+GEO2)/2      0.4404

 Printing Duschinski matrix to 'duschinsky.dat'


 Printing Shift vector to 'displacement.dat'


NOTE: DE read from input:   5.037 (eV)                                                                    
 


 ===========================
  REORGANIZATION ENERGY
 ===========================
     0.016056  (Hartree)
     0.436917  (eV)


 ------------------------------------------------------
 Extrapolation form (generalized) vertical point:
 ------------------------------------------------------
 Extrapolated vertical energy:        5.03680  (eV)
 Extrapolated adiabatic energy:       5.03680  (eV)
 Extrapolated reorg. energy   :       0.00000  (eV)
 ------------------------------------------------------



 ===============================
  ZERO-POINT ENERGY CORRECTIONS 
 ===============================


                    ZERO POINT ENERGY IN CM-1
    E01=     25566.90    E02=     25566.90


                    0-0 ENERGY DIFFERENCE
       4.59989 eV


                    ADIABATIC ENERGY     
       4.59989 eV




 ====================

  TRANSITION DIPOLES 

 ====================
 Model for tr. dipoles: FC
 Reading electric dipole file: edipole_fchk
 


 ================= 
  TRANSITION INFO  
 ================= 
            DATA FOR VERTICAL TRANSITION 
  electric transition dipoles (au) at initial GEO 1
            0.03228856    0.01657269   -0.05733762
  electric transition dipoles (au) at initial GEO 2
            1.10204392    0.90477526    0.00642231
  Square tr dipoles: geo1  0.00460481  geo2   2.03316031  Diff (d1-d2)/d1 ********* %
   
 ------------------
  State2 -> State1
 ------------------
 Reorganization Energy (eV) on State1        0.436917
 Vertical emission energy (eV)               4.162969
 Fluorescence lifetime from minimum (ns)  6.413031E+00
 ********************************************** 
   
 ------------------
  State1 -> State2
 ------------------
 Reorganization Energy on State2 (eV)        0.436917
 Vertical absorption energy (eV)             5.036802
 Absorption oscillator strength           5.682303E-04
 ********************************************** 
   

NOTE: Spectra resolution set to:  0.00400                                                                 
 

NOTE: To ensure exact match of TI and TD resuls, final spectral range reset to:    4.0000-                
       9.0000(eV)                                                                                         
 

 ----------------------------------------
 Refined spectral range for simulations: 
  nene       =      1251
  From E(eV) =    4.0000
  To   E(eV) =    9.0000
 
 Related time-domain parameters
 (with energy shift & extended range):
  ntime =          652
  dt    =       0.7929
  tfin  =     516.5620
 Shift info (for external FT)
  dE_ext=  0.104000    
  Eshift=   3.89600    
 ----------------------------------------


NOTE: Changing Ead to optimize TD method before entering the spectrum calculation.Ead(original)=          
        4.600 (eV); Ead(shifted )=   0.704 (eV)                                                           
 


Computing RR 2D spectrum (TD)
-----------------------------

 SUMMARY OF CALCULATION OPTIONS
 -------------------------------
 Adiabatic Energy (eV)  :   4.5999
 Shifted Ad. Energy (eV):   0.7039

 Tipe of transition     : ABS-ECDNO

 Dipole aproximation    : FC-FC
 El. dipole at ref geom :    0.323E-01   0.166E-01  -0.573E-01

 Numerical evaluation of xi(t)
         Total time (fs):   516.562
         Nr data points : 652
         Time step (fs) :  0.793    

 Broad. function        : LOR  
 Broad. exponent        :    1.470E-03
 Broad. order           : 1
 -------------------------------

 Computing correlation functions over 652 points



RAILEIGH BAND
-------------------

 Final osc. energy (cm-1) =     0.000


 ____________________________________________
  ============================================
  PROGRAM: td_rr_00
   RR 0->0 band at 0K with a harmonic 
   TD formulation                           
 ____________________________________________
  ============================================
 


* (rho,sigma = 1 1) *
 Calling FFT with 1304 points

 Fourie-Transform with: fft_calc subroutine (FFTW)
 =========== tdspectra finished ===========  
 Timing...
  CPU (s) for tdspectra :       0.204
 ==========================================
                                           

NOTE: FOUND POINT OF THE SCAN CLOSEST TO THE ABS MAX                                                      
 
 Ebest(eV) =     5.04
 Evert(eV) =     5.04



FUNDAMENTAL BANDS
-------------------



** Computing band for mode 1 **
 Final osc. energy (cm-1) =   111.585


 ____________________________________________
  ============================================
  PROGRAM: td_rr_1k
   RR fundamentals at 0K with a harmonic 
   TD formulation                           
 ____________________________________________
  ============================================
 


* (rho,sigma = 1 1) *
 Calling FFT with 1304 points

 Fourie-Transform with: fft_calc subroutine (FFTW)
 =========== tdspectra finished ===========  
 Timing...
  CPU (s) for tdspectra :       0.189
 ==========================================
                                           


** Computing band for mode 2 **
 Final osc. energy (cm-1) =   139.643


 ____________________________________________
  ============================================
  PROGRAM: td_rr_1k
   RR fundamentals at 0K with a harmonic 
   TD formulation                           
 ____________________________________________
  ============================================
 


* (rho,sigma = 1 1) *
 Calling FFT with 1304 points

 Fourie-Transform with: fft_calc subroutine (FFTW)
 =========== tdspectra finished ===========  
 Timing...
  CPU (s) for tdspectra :       0.187
 ==========================================
                                           


** Computing band for mode 3 **
 Final osc. energy (cm-1) =   146.444


 ____________________________________________
  ============================================
  PROGRAM: td_rr_1k
   RR fundamentals at 0K with a harmonic 
   TD formulation                           
 ____________________________________________
  ============================================
 


* (rho,sigma = 1 1) *
 Calling FFT with 1304 points

 Fourie-Transform with: fft_calc subroutine (FFTW)
 =========== tdspectra finished ===========  
 Timing...
  CPU (s) for tdspectra :       0.187
 ==========================================
                                           


** Computing band for mode 4 **
 Final osc. energy (cm-1) =   276.816


 ____________________________________________
  ============================================
  PROGRAM: td_rr_1k
   RR fundamentals at 0K with a harmonic 
   TD formulation                           
 ____________________________________________
  ============================================
 


* (rho,sigma = 1 1) *
 Calling FFT with 1304 points

 Fourie-Transform with: fft_calc subroutine (FFTW)
 =========== tdspectra finished ===========  
 Timing...
  CPU (s) for tdspectra :       0.187
 ==========================================
                                           


** Computing band for mode 5 **
 Final osc. energy (cm-1) =   283.442


 ____________________________________________
  ============================================
  PROGRAM: td_rr_1k
   RR fundamentals at 0K with a harmonic 
   TD formulation                           
 ____________________________________________
  ============================================
 


* (rho,sigma = 1 1) *
 Calling FFT with 1304 points

 Fourie-Transform with: fft_calc subroutine (FFTW)
 =========== tdspectra finished ===========  
 Timing...
  CPU (s) for tdspectra :       0.187
 ==========================================
                                           


** Computing band for mode 6 **
 Final osc. energy (cm-1) =   354.373


 ____________________________________________
  ============================================
  PROGRAM: td_rr_1k
   RR fundamentals at 0K with a harmonic 
   TD formulation                           
 ____________________________________________
  ============================================
 


* (rho,sigma = 1 1) *
 Calling FFT with 1304 points

 Fourie-Transform with: fft_calc subroutine (FFTW)
 =========== tdspectra finished ===========  
 Timing...
  CPU (s) for tdspectra :       0.187
 ==========================================
                                           


** Computing band for mode 7 **
 Final osc. energy (cm-1) =   387.900


 ____________________________________________
  ============================================
  PROGRAM: td_rr_1k
   RR fundamentals at 0K with a harmonic 
   TD formulation                           
 ____________________________________________
  ============================================
 


* (rho,sigma = 1 1) *
 Calling FFT with 1304 points

 Fourie-Transform with: fft_calc subroutine (FFTW)
 =========== tdspectra finished ===========  
 Timing...
  CPU (s) for tdspectra :       0.187
 ==========================================
                                           


** Computing band for mode 8 **
 Final osc. energy (cm-1) =   458.279


 ____________________________________________
  ============================================
  PROGRAM: td_rr_1k
   RR fundamentals at 0K with a harmonic 
   TD formulation                           
 ____________________________________________
  ============================================
 


* (rho,sigma = 1 1) *
 Calling FFT with 1304 points

 Fourie-Transform with: fft_calc subroutine (FFTW)
 =========== tdspectra finished ===========  
 Timing...
  CPU (s) for tdspectra :       0.187
 ==========================================
                                           


** Computing band for mode 9 **
 Final osc. energy (cm-1) =   540.554


 ____________________________________________
  ============================================
  PROGRAM: td_rr_1k
   RR fundamentals at 0K with a harmonic 
   TD formulation                           
 ____________________________________________
  ============================================
 


* (rho,sigma = 1 1) *
 Calling FFT with 1304 points

 Fourie-Transform with: fft_calc subroutine (FFTW)
 =========== tdspectra finished ===========  
 Timing...
  CPU (s) for tdspectra :       0.183
 ==========================================
                                           


** Computing band for mode 10 **
 Final osc. energy (cm-1) =   563.197


 ____________________________________________
  ============================================
  PROGRAM: td_rr_1k
   RR fundamentals at 0K with a harmonic 
   TD formulation                           
 ____________________________________________
  ============================================
 


* (rho,sigma = 1 1) *
 Calling FFT with 1304 points

 Fourie-Transform with: fft_calc subroutine (FFTW)
 =========== tdspectra finished ===========  
 Timing...
  CPU (s) for tdspectra :       0.168
 ==========================================
                                           


** Computing band for mode 11 **
 Final osc. energy (cm-1) =   604.850


 ____________________________________________
  ============================================
  PROGRAM: td_rr_1k
   RR fundamentals at 0K with a harmonic 
   TD formulation                           
 ____________________________________________
  ============================================
 


* (rho,sigma = 1 1) *
 Calling FFT with 1304 points

 Fourie-Transform with: fft_calc subroutine (FFTW)
 =========== tdspectra finished ===========  
 Timing...
  CPU (s) for tdspectra :       0.168
 ==========================================
                                           


** Computing band for mode 12 **
 Final osc. energy (cm-1) =   653.702


 ____________________________________________
  ============================================
  PROGRAM: td_rr_1k
   RR fundamentals at 0K with a harmonic 
   TD formulation                           
 ____________________________________________
  ============================================
 


* (rho,sigma = 1 1) *
 Calling FFT with 1304 points

 Fourie-Transform with: fft_calc subroutine (FFTW)
 =========== tdspectra finished ===========  
 Timing...
  CPU (s) for tdspectra :       0.168
 ==========================================
                                           


** Computing band for mode 13 **
 Final osc. energy (cm-1) =   703.254


 ____________________________________________
  ============================================
  PROGRAM: td_rr_1k
   RR fundamentals at 0K with a harmonic 
   TD formulation                           
 ____________________________________________
  ============================================
 


* (rho,sigma = 1 1) *
 Calling FFT with 1304 points

 Fourie-Transform with: fft_calc subroutine (FFTW)
 =========== tdspectra finished ===========  
 Timing...
  CPU (s) for tdspectra :       0.169
 ==========================================
                                           


** Computing band for mode 14 **
 Final osc. energy (cm-1) =   736.944


 ____________________________________________
  ============================================
  PROGRAM: td_rr_1k
   RR fundamentals at 0K with a harmonic 
   TD formulation                           
 ____________________________________________
  ============================================
 


* (rho,sigma = 1 1) *
 Calling FFT with 1304 points

 Fourie-Transform with: fft_calc subroutine (FFTW)
 =========== tdspectra finished ===========  
 Timing...
  CPU (s) for tdspectra :       0.168
 ==========================================
                                           


** Computing band for mode 15 **
 Final osc. energy (cm-1) =   748.041


 ____________________________________________
  ============================================
  PROGRAM: td_rr_1k
   RR fundamentals at 0K with a harmonic 
   TD formulation                           
 ____________________________________________
  ============================================
 


* (rho,sigma = 1 1) *
 Calling FFT with 1304 points

 Fourie-Transform with: fft_calc subroutine (FFTW)
 =========== tdspectra finished ===========  
 Timing...
  CPU (s) for tdspectra :       0.168
 ==========================================
                                           


** Computing band for mode 16 **
 Final osc. energy (cm-1) =   812.308


 ____________________________________________
  ============================================
  PROGRAM: td_rr_1k
   RR fundamentals at 0K with a harmonic 
   TD formulation                           
 ____________________________________________
  ============================================
 


* (rho,sigma = 1 1) *
 Calling FFT with 1304 points

 Fourie-Transform with: fft_calc subroutine (FFTW)
 =========== tdspectra finished ===========  
 Timing...
  CPU (s) for tdspectra :       0.169
 ==========================================
                                           


** Computing band for mode 17 **
 Final osc. energy (cm-1) =   877.419


 ____________________________________________
  ============================================
  PROGRAM: td_rr_1k
   RR fundamentals at 0K with a harmonic 
   TD formulation                           
 ____________________________________________
  ============================================
 


* (rho,sigma = 1 1) *
 Calling FFT with 1304 points

 Fourie-Transform with: fft_calc subroutine (FFTW)
 =========== tdspectra finished ===========  
 Timing...
  CPU (s) for tdspectra :       0.168
 ==========================================
                                           


** Computing band for mode 18 **
 Final osc. energy (cm-1) =   983.590


 ____________________________________________
  ============================================
  PROGRAM: td_rr_1k
   RR fundamentals at 0K with a harmonic 
   TD formulation                           
 ____________________________________________
  ============================================
 


* (rho,sigma = 1 1) *
 Calling FFT with 1304 points

 Fourie-Transform with: fft_calc subroutine (FFTW)
 =========== tdspectra finished ===========  
 Timing...
  CPU (s) for tdspectra :       0.168
 ==========================================
                                           


** Computing band for mode 19 **
 Final osc. energy (cm-1) =  1043.365


 ____________________________________________
  ============================================
  PROGRAM: td_rr_1k
   RR fundamentals at 0K with a harmonic 
   TD formulation                           
 ____________________________________________
  ============================================
 


* (rho,sigma = 1 1) *
 Calling FFT with 1304 points

 Fourie-Transform with: fft_calc subroutine (FFTW)
 =========== tdspectra finished ===========  
 Timing...
  CPU (s) for tdspectra :       0.168
 ==========================================
                                           


** Computing band for mode 20 **
 Final osc. energy (cm-1) =  1081.292


 ____________________________________________
  ============================================
  PROGRAM: td_rr_1k
   RR fundamentals at 0K with a harmonic 
   TD formulation                           
 ____________________________________________
  ============================================
 


* (rho,sigma = 1 1) *
 Calling FFT with 1304 points

 Fourie-Transform with: fft_calc subroutine (FFTW)
 =========== tdspectra finished ===========  
 Timing...
  CPU (s) for tdspectra :       0.168
 ==========================================
                                           


** Computing band for mode 21 **
 Final osc. energy (cm-1) =  1177.539


 ____________________________________________
  ============================================
  PROGRAM: td_rr_1k
   RR fundamentals at 0K with a harmonic 
   TD formulation                           
 ____________________________________________
  ============================================
 


* (rho,sigma = 1 1) *
 Calling FFT with 1304 points

 Fourie-Transform with: fft_calc subroutine (FFTW)
 =========== tdspectra finished ===========  
 Timing...
  CPU (s) for tdspectra :       0.168
 ==========================================
                                           


** Computing band for mode 22 **
 Final osc. energy (cm-1) =  1224.964


 ____________________________________________
  ============================================
  PROGRAM: td_rr_1k
   RR fundamentals at 0K with a harmonic 
   TD formulation                           
 ____________________________________________
  ============================================
 


* (rho,sigma = 1 1) *
 Calling FFT with 1304 points

 Fourie-Transform with: fft_calc subroutine (FFTW)
 =========== tdspectra finished ===========  
 Timing...
  CPU (s) for tdspectra :       0.187
 ==========================================
                                           


** Computing band for mode 23 **
 Final osc. energy (cm-1) =  1281.222


 ____________________________________________
  ============================================
  PROGRAM: td_rr_1k
   RR fundamentals at 0K with a harmonic 
   TD formulation                           
 ____________________________________________
  ============================================
 


* (rho,sigma = 1 1) *
 Calling FFT with 1304 points

 Fourie-Transform with: fft_calc subroutine (FFTW)
 =========== tdspectra finished ===========  
 Timing...
  CPU (s) for tdspectra :       0.187
 ==========================================
                                           


** Computing band for mode 24 **
 Final osc. energy (cm-1) =  1403.301


 ____________________________________________
  ============================================
  PROGRAM: td_rr_1k
   RR fundamentals at 0K with a harmonic 
   TD formulation                           
 ____________________________________________
  ============================================
 


* (rho,sigma = 1 1) *
 Calling FFT with 1304 points

 Fourie-Transform with: fft_calc subroutine (FFTW)
 =========== tdspectra finished ===========  
 Timing...
  CPU (s) for tdspectra :       0.187
 ==========================================
                                           


** Computing band for mode 25 **
 Final osc. energy (cm-1) =  1414.351


 ____________________________________________
  ============================================
  PROGRAM: td_rr_1k
   RR fundamentals at 0K with a harmonic 
   TD formulation                           
 ____________________________________________
  ============================================
 


* (rho,sigma = 1 1) *
 Calling FFT with 1304 points

 Fourie-Transform with: fft_calc subroutine (FFTW)
 =========== tdspectra finished ===========  
 Timing...
  CPU (s) for tdspectra :       0.187
 ==========================================
                                           


** Computing band for mode 26 **
 Final osc. energy (cm-1) =  1444.002


 ____________________________________________
  ============================================
  PROGRAM: td_rr_1k
   RR fundamentals at 0K with a harmonic 
   TD formulation                           
 ____________________________________________
  ============================================
 


* (rho,sigma = 1 1) *
 Calling FFT with 1304 points

 Fourie-Transform with: fft_calc subroutine (FFTW)
 =========== tdspectra finished ===========  
 Timing...
  CPU (s) for tdspectra :       0.187
 ==========================================
                                           


** Computing band for mode 27 **
 Final osc. energy (cm-1) =  1469.097


 ____________________________________________
  ============================================
  PROGRAM: td_rr_1k
   RR fundamentals at 0K with a harmonic 
   TD formulation                           
 ____________________________________________
  ============================================
 


* (rho,sigma = 1 1) *
 Calling FFT with 1304 points

 Fourie-Transform with: fft_calc subroutine (FFTW)
 =========== tdspectra finished ===========  
 Timing...
  CPU (s) for tdspectra :       0.187
 ==========================================
                                           


** Computing band for mode 28 **
 Final osc. energy (cm-1) =  1523.821


 ____________________________________________
  ============================================
  PROGRAM: td_rr_1k
   RR fundamentals at 0K with a harmonic 
   TD formulation                           
 ____________________________________________
  ============================================
 


* (rho,sigma = 1 1) *
 Calling FFT with 1304 points

 Fourie-Transform with: fft_calc subroutine (FFTW)
 =========== tdspectra finished ===========  
 Timing...
  CPU (s) for tdspectra :       0.187
 ==========================================
                                           


** Computing band for mode 29 **
 Final osc. energy (cm-1) =  1528.756


 ____________________________________________
  ============================================
  PROGRAM: td_rr_1k
   RR fundamentals at 0K with a harmonic 
   TD formulation                           
 ____________________________________________
  ============================================
 


* (rho,sigma = 1 1) *
 Calling FFT with 1304 points

 Fourie-Transform with: fft_calc subroutine (FFTW)
 =========== tdspectra finished ===========  
 Timing...
  CPU (s) for tdspectra :       0.187
 ==========================================
                                           


** Computing band for mode 30 **
 Final osc. energy (cm-1) =  1554.984


 ____________________________________________
  ============================================
  PROGRAM: td_rr_1k
   RR fundamentals at 0K with a harmonic 
   TD formulation                           
 ____________________________________________
  ============================================
 


* (rho,sigma = 1 1) *
 Calling FFT with 1304 points

 Fourie-Transform with: fft_calc subroutine (FFTW)
 =========== tdspectra finished ===========  
 Timing...
  CPU (s) for tdspectra :       0.185
 ==========================================
                                           


** Computing band for mode 31 **
 Final osc. energy (cm-1) =  1728.811


 ____________________________________________
  ============================================
  PROGRAM: td_rr_1k
   RR fundamentals at 0K with a harmonic 
   TD formulation                           
 ____________________________________________
  ============================================
 


* (rho,sigma = 1 1) *
 Calling FFT with 1304 points

 Fourie-Transform with: fft_calc subroutine (FFTW)
 =========== tdspectra finished ===========  
 Timing...
  CPU (s) for tdspectra :       0.168
 ==========================================
                                           


** Computing band for mode 32 **
 Final osc. energy (cm-1) =  1773.439


 ____________________________________________
  ============================================
  PROGRAM: td_rr_1k
   RR fundamentals at 0K with a harmonic 
   TD formulation                           
 ____________________________________________
  ============================================
 


* (rho,sigma = 1 1) *
 Calling FFT with 1304 points

 Fourie-Transform with: fft_calc subroutine (FFTW)
 =========== tdspectra finished ===========  
 Timing...
  CPU (s) for tdspectra :       0.168
 ==========================================
                                           


** Computing band for mode 33 **
 Final osc. energy (cm-1) =  1831.409


 ____________________________________________
  ============================================
  PROGRAM: td_rr_1k
   RR fundamentals at 0K with a harmonic 
   TD formulation                           
 ____________________________________________
  ============================================
 


* (rho,sigma = 1 1) *
 Calling FFT with 1304 points

 Fourie-Transform with: fft_calc subroutine (FFTW)
 =========== tdspectra finished ===========  
 Timing...
  CPU (s) for tdspectra :       0.168
 ==========================================
                                           


** Computing band for mode 34 **
 Final osc. energy (cm-1) =  3135.038


 ____________________________________________
  ============================================
  PROGRAM: td_rr_1k
   RR fundamentals at 0K with a harmonic 
   TD formulation                           
 ____________________________________________
  ============================================
 


* (rho,sigma = 1 1) *
 Calling FFT with 1304 points

 Fourie-Transform with: fft_calc subroutine (FFTW)
 =========== tdspectra finished ===========  
 Timing...
  CPU (s) for tdspectra :       0.168
 ==========================================
                                           


** Computing band for mode 35 **
 Final osc. energy (cm-1) =  3229.820


 ____________________________________________
  ============================================
  PROGRAM: td_rr_1k
   RR fundamentals at 0K with a harmonic 
   TD formulation                           
 ____________________________________________
  ============================================
 


* (rho,sigma = 1 1) *
 Calling FFT with 1304 points

 Fourie-Transform with: fft_calc subroutine (FFTW)
 =========== tdspectra finished ===========  
 Timing...
  CPU (s) for tdspectra :       0.168
 ==========================================
                                           


** Computing band for mode 36 **
 Final osc. energy (cm-1) =  3237.064


 ____________________________________________
  ============================================
  PROGRAM: td_rr_1k
   RR fundamentals at 0K with a harmonic 
   TD formulation                           
 ____________________________________________
  ============================================
 


* (rho,sigma = 1 1) *
 Calling FFT with 1304 points

 Fourie-Transform with: fft_calc subroutine (FFTW)
 =========== tdspectra finished ===========  
 Timing...
  CPU (s) for tdspectra :       0.168
 ==========================================
                                           


** Computing band for mode 37 **
 Final osc. energy (cm-1) =  3289.509


 ____________________________________________
  ============================================
  PROGRAM: td_rr_1k
   RR fundamentals at 0K with a harmonic 
   TD formulation                           
 ____________________________________________
  ============================================
 


* (rho,sigma = 1 1) *
 Calling FFT with 1304 points

 Fourie-Transform with: fft_calc subroutine (FFTW)
 =========== tdspectra finished ===========  
 Timing...
  CPU (s) for tdspectra :       0.169
 ==========================================
                                           


** Computing band for mode 38 **
 Final osc. energy (cm-1) =  3665.327


 ____________________________________________
  ============================================
  PROGRAM: td_rr_1k
   RR fundamentals at 0K with a harmonic 
   TD formulation                           
 ____________________________________________
  ============================================
 


* (rho,sigma = 1 1) *
 Calling FFT with 1304 points

 Fourie-Transform with: fft_calc subroutine (FFTW)
 =========== tdspectra finished ===========  
 Timing...
  CPU (s) for tdspectra :       0.171
 ==========================================
                                           


** Computing band for mode 39 **
 Final osc. energy (cm-1) =  3714.349


 ____________________________________________
  ============================================
  PROGRAM: td_rr_1k
   RR fundamentals at 0K with a harmonic 
   TD formulation                           
 ____________________________________________
  ============================================
 


* (rho,sigma = 1 1) *
 Calling FFT with 1304 points

 Fourie-Transform with: fft_calc subroutine (FFTW)
 =========== tdspectra finished ===========  
 Timing...
  CPU (s) for tdspectra :       0.169
 ==========================================
                                           
 =========== compRR_TD finished ===========  
 Timing...
  CPU (s) for compRR_TD :       8.680
 ==========================================




===============================

 SUMMARY OF NOTES AND WARNINGS

===============================
 ---------------------------------
 8 notes raised along the run
 Look for NOTE in the output
 ---------------------------------

 
 ****************** FCclasses finished *******************
 Timing...   
  CPU (s)       8.702
 *********************************************************
 
 FCclasses finished successfully
