 
                                                    \ /               
                                              ..-'''-*-               
                                              \.-'''\ \               
      _____ _____      _                             | |              
     |  ___/  __ \    | |                         __/ /               
     | |_  | /  \/ ___| | __ _ ___ ___  ___  ___ |_  '.               
     |  _| | |    / __| |/ _` / __/ __|/ _ \/ __|   `.  \             
     | |   | \__/\ (__| | (_| \__ \__ \  __/\__ \     \ '.            
     \_|    \____/\___|_|\__,_|___/___/\___||___/      , |            
                                                       | |            
                                                      / ,'            
                                              -....--'  /             
                                              `.. __..-'              
                                                                      
 ********************************************************* 
   FCCLASSES3:                                             
   A code for vibronic simulations                         
                                                           
                                                           
 ********************************************************* 


 GIT VERSION INFO
  Commit id  : v3-1.0-2-g78ec1d1-dirty
  Commit date: 2022-07-22 10:24:13 +0200

 CURRENT RUN INFO
  Date&Time  : 2023-06-29, 23:51:56
  Input file : STDIN
  Input type : NEW



 INPUT OPTIONS:
-------------------------------
$$$
;GENERAL OPTIONS:
; NAT        = (read from structure files)
; NVIB       = (determined vibrational analysis)
PROPERTY     =   RR    
MODEL        =   VG   
DIPOLE       =   FC   
DIPDER_COORD =   CARTESIAN  
TEMP         =     0.00
DE           =   5.01230
BROADFUN     =   GAU  
HWHM         =   0.0400
RESOL        =   0.0040  ; (default: HWHM/10)
METHOD       =   TD   
ROT          =   1
SPCMIN       =     4.000
SPCMAX       =     9.000
;RESONANCE RAMAN
RR_NFIELD        =   -1
RR_FIELDMIN      =   4.000
RR_FIELDMAX      =   9.000
RR_POLAR         =   W
RR_SPEED         =   Y
RR_SINGLE_MAXEXC =   1
RR_DOUBLE_MAXEXC =   1
;VIBRATIONAL ANALYSIS
NORMALMODES  =   COMPUTE  
RM_COORD     =   NONE    
COORDS       =   CARTESIAN  
FORCE_REAL   =   YES  
;INPUT DATA FILES
STATE1_FILE  =   opt_ura_gs.fcc
STATE2_FILE  =   hessian_s2_ura.fcc
MASS_FILE    =   
ELDIP_FILE   =   eldipoleS2.fcc
MAGDIP_FILE  =   
NAC_FILE     =   
NRCOUP_FILE  =   eldipoleS2.fcc
HESS1_FILE   =   opt_ura_gs.fcc
HESS2_FILE   =   opt_ura_gs.fcc
GRAD1_FILE   =   opt_ura_gs.fcc
GRAD2_COORD  =   CARTESIAN
GRAD2_FILE   =   hessian_s2_ura.fcc
;VERBOSE LEVEL
VERBOSE      =   1
  
-------------------------------



 ==> State 1 <==

 Geometry file: opt_ura_gs.fcc


 Gradient file: opt_ura_gs.fcc

NOTE: The calculation for this State will assume stationary point since the gradient is                   
      small (maximum atomic gradient:   0.000197 a.u.)                                                    
 
 Hessian file: opt_ura_gs.fcc



 ---------------------------------------
  Check effect of symmetry operations
  on Hessian elements (or gs^t\beta)
 ---------------------------------------

 Using input geometry instead of rotating to principal axis of intertia to detect symmetry


NOTE: Cannot determine symmetry. Set to C1 (no symmetric atoms)                                           
 
 
 ---------------------------------------



 =========================
  ANALYSIS OF DOFs
 =========================

 => STATE 1 <=
 Geometry (Angstroms)
 12    # Nr. of atoms
   Atom       X         Y         Z      Mass
N         -0.6910    1.0168    1.5488   14.0031
N         -1.0753   -1.2567    1.5199   14.0031
C         -1.6408    0.0112    1.5030   12.0000
C          0.2832   -1.4886    1.5055   12.0000
C          1.1776   -0.4748    1.5163   12.0000
C          0.7128    0.9044    1.4976   12.0000
O          1.4118    1.9101    1.4520   15.9949
O         -2.8490    0.2034    1.4639   15.9949
H          0.5737   -2.5287    1.4951    1.0078
H         -1.0587    1.9599    1.5212    1.0078
H         -1.7368   -2.0165    1.4761    1.0078
H          2.2392   -0.6553    1.5000    1.0078
 

 ------------------------------------------------
   INERTIA TENSOR (to be multiplied by 10**5)
 ------------------------------------------------

             1           2           3
  
    1     2.69367    -0.77613     0.00127
    2    -0.77613     4.28406     0.02439
    3     0.00127     0.02439     6.97404
 ------------------------------------------------


 ------------------------------------------------
   ROTATIONAL CONSTANTS (AND ROTATION MATRIX)
 ------------------------------------------------

 ROOT NO.    1           2           3

    ************************************
  
    1     0.92617     0.37709    -0.00226
    2    -0.37710     0.92613    -0.00931
    3    -0.00142     0.00948     0.99995
 ------------------------------------------------

  Rotational constants (GHz)
     3.87460     2.00279     1.32093
  Rotational temperatures (K)
     0.18595     0.09612     0.06339


 -------------------
  DOF   Dimension
 -------------------
  Vib    30
  Rot    3
  Tra    3
 -------------------


 Translating State1 to its Center of Mass
 Initial COM:      -0.3687      0.1304      1.4989


 ================================
  VIBRATIONAL ANALYSIS ON STATE1
 ================================

 ----------------------------------
   Redundant Frequencies (cm-1)
 ----------------------------------
     1    -0.00004
     2    -0.00002
     3    -0.00002
     4    -0.00001
     5    -0.00001
     6     0.00002
 ----------------------------------


 ------------------------
   FREQUENCIES (cm-1)
 ------------------------
     1   132.97518
     2   134.58041
     3   338.54954
     4   385.36797
     5   514.02992
     6   538.53288
     7   552.02016
     8   559.53910
     9   669.31774
    10   706.44807
    11   714.78355
    12   766.10754
    13   783.55620
    14   903.14577
    15   987.32329
    16   999.81759
    17  1106.62573
    18  1227.00648
    19  1263.82585
    20  1401.32569
    21  1423.72541
    22  1439.64983
    23  1522.72048
    24  1698.33343
    25  1794.13964
    26  1838.79683
    27  3303.50874
    28  3341.27925
    29  3669.19028
    30  3716.20015
 ------------------------

 =====================
  THERMOCHEMISTRY     
 =====================
  Temperature (K):    0.00
  Pressure (atm) :    1.00
 
  Rotational constants (GHz)
     3.87460     2.00279     1.32093
  Rotational temperatures (K)
     0.18595     0.09612     0.06339
 
  Partition Functions
  qt =      0.000    
  qr =      0.000    
  qv =      0.000    
 
  Contributions to entropy
  St (cm-1/K) = -Infinity
  Sr (cm-1/K) = -Infinity
  Sv (cm-1/K) =       NaN
 
  Thermal corrections (AU)
  Zero Point Energy =   0.875555E-01
  Internal Energy   =   0.875555E-01
  Enthalpy          =   0.875555E-01
  Gibbs Free Energy =            NaN
 
  Thermal corrections (AU) - vibrational only
  Number of vibrations:      30
  V-internal Energy   =   0.875555E-01
  V-enthalpy          =   0.875555E-01
  V-gibbs Free Energy =            NaN


 ==> State 2 <==

 Geometry file: hessian_s2_ura.fcc


 Gradient file: hessian_s2_ura.fcc

NOTE: The calculation for this State will assume non-stationary point since the gradient                  
      is not negligible (maximum atomic gradient:   0.093917 a.u.)                                        
 
 Hessian file: opt_ura_gs.fcc


 A RR calculation  will be performed
 RESETTING OPTRANS TO ABS
 RESETTING OPTRANS1 TO ECDNO


 =========================
  ANALYSIS OF DOFs
 =========================

 => STATE 2 <=
 Geometry (Angstroms)
 12    # Nr. of atoms
   Atom       X         Y         Z      Mass
N         -0.6910    1.0168    1.5488   14.0031
N         -1.0753   -1.2567    1.5199   14.0031
C         -1.6408    0.0112    1.5030   12.0000
C          0.2832   -1.4886    1.5055   12.0000
C          1.1776   -0.4748    1.5163   12.0000
C          0.7128    0.9044    1.4976   12.0000
O          1.4118    1.9101    1.4520   15.9949
O         -2.8490    0.2034    1.4639   15.9949
H          0.5737   -2.5287    1.4951    1.0078
H         -1.0587    1.9599    1.5212    1.0078
H         -1.7368   -2.0165    1.4761    1.0078
H          2.2392   -0.6553    1.5000    1.0078
 

 ------------------------------------------------
   INERTIA TENSOR (to be multiplied by 10**5)
 ------------------------------------------------

             1           2           3
  
    1     2.69367    -0.77613     0.00127
    2    -0.77613     4.28406     0.02439
    3     0.00127     0.02439     6.97404
 ------------------------------------------------


 ------------------------------------------------
   ROTATIONAL CONSTANTS (AND ROTATION MATRIX)
 ------------------------------------------------

 ROOT NO.    1           2           3

    ************************************
  
    1     0.92617     0.37709    -0.00226
    2    -0.37710     0.92613    -0.00931
    3    -0.00142     0.00948     0.99995
 ------------------------------------------------

  Rotational constants (GHz)
     3.87460     2.00279     1.32093
  Rotational temperatures (K)
     0.18595     0.09612     0.06339


 -------------------
  DOF   Dimension
 -------------------
  Vib    30
  Rot    3
  Tra    3
 -------------------


 Translating State2 to its Center of Mass
 Initial COM:      -0.3687      0.1304      1.4989


 ================================
  VIBRATIONAL ANALYSIS ON STATE2
 ================================

Normal modes read from State1 for VG


 ------------------------
   FREQUENCIES (cm-1)
 ------------------------
     1   132.97518
     2   134.58041
     3   338.54954
     4   385.36797
     5   514.02992
     6   538.53288
     7   552.02016
     8   559.53910
     9   669.31774
    10   706.44807
    11   714.78355
    12   766.10754
    13   783.55620
    14   903.14577
    15   987.32329
    16   999.81759
    17  1106.62573
    18  1227.00648
    19  1263.82585
    20  1401.32569
    21  1423.72541
    22  1439.64983
    23  1522.72048
    24  1698.33343
    25  1794.13964
    26  1838.79683
    27  3303.50874
    28  3341.27925
    29  3669.19028
    30  3716.20015
 ------------------------


 -------------------------------------
   State2 Gradient (Q1-space) x1e5
 -------------------------------------
     1     0.00056
     2     0.60204
     3    -0.35443
     4    -3.90487
     5    -1.74845
     6     4.48660
     7     0.67734
     8    11.60517
     9     1.06656
    10    -1.09834
    11    -0.48739
    12    -1.03629
    13   -21.96618
    14    -1.36529
    15   -10.79813
    16    -2.01073
    17   -13.79411
    18    24.49665
    19    40.88251
    20   -32.23972
    21    11.25464
    22   -31.03559
    23   -18.47178
    24   -49.73762
    25   -59.62574
    26   -24.28378
    27   -16.23009
    28    -4.13979
    29    -3.87929
    30   -13.46083
 -------------------------------------




                 ASSIGNMENTS AND ANALYSIS OF 1 WITH RESPECT TO 2
 STATE 1                              MODES STATE 2
IND DEF    FREQUENCY     SHIFT    I21 C21  I22 C22   I23 C23     FR(I21)  I90 I95 I99
   1  P      132.98    -0.01539    1 1.00    2 0.00    3 0.00       0.00   1   1   1
   2  P      134.58   -16.01153    2 1.00    1 0.00    3 0.00       0.00   1   1   1
   3  P      338.55     1.48956    3 1.00    2 0.00    1 0.00       0.00   1   1   1
   4  P      385.37    12.66556    4 1.00    2 0.00    3 0.00       0.00   1   1   1
   5  P      514.03     3.18746    5 1.00    2 0.00    3 0.00       0.00   1   1   1
   6  P      538.53    -7.45181    6 1.00    2 0.00    3 0.00       0.00   1   1   1
   7  P      552.02    -1.07070    7 1.00    2 0.00    3 0.00       0.00   1   1   1
   8  P      559.54   -17.85497    8 1.00    2 0.00    3 0.00       0.00   1   1   1
   9  P      669.32    -1.14680    9 1.00    2 0.00    3 0.00       0.00   1   1   1
  10  P      706.45     1.06009   10 1.00    2 0.00    3 0.00       0.00   1   1   1
  11  P      714.78     0.45951   11 1.00    2 0.00    3 0.00       0.00   1   1   1
  12  P      766.11     0.85050   12 1.00    2 0.00    3 0.00       0.00   1   1   1
  13  P      783.56    17.23387   13 1.00    2 0.00    3 0.00       0.00   1   1   1
  14  P      903.15     0.80627   14 1.00    2 0.00    3 0.00       0.00   1   1   1
  15  P      987.32     5.33579   15 1.00    2 0.00    3 0.00       0.00   1   1   1
  16  P      999.82     0.96890   16 1.00    2 0.00    3 0.00       0.00   1   1   1
  17  P     1106.63     5.42576   17 1.00    2 0.00    3 0.00       0.00   1   1   1
  18  P     1227.01    -7.83757   18 1.00    2 0.00    3 0.00       0.00   1   1   1
  19  P     1263.83   -12.32911   19 1.00    2 0.00    3 0.00       0.00   1   1   1
  20  P     1401.33     7.90827   20 1.00    2 0.00    3 0.00       0.00   1   1   1
  21  P     1423.73    -2.67453   21 1.00    2 0.00    3 0.00       0.00   1   1   1
  22  P     1439.65     7.21298   22 1.00    2 0.00    3 0.00       0.00   1   1   1
  23  P     1522.72     3.83740   23 1.00    2 0.00    3 0.00       0.00   1   1   1
  24  P     1698.33     8.30630   24 1.00    2 0.00    3 0.00       0.00   1   1   1
  25  P     1794.14     8.92257   25 1.00    2 0.00    3 0.00       0.00   1   1   1
  26  P     1838.80     3.45953   26 1.00    2 0.00    3 0.00       0.00   1   1   1
  27  P     3303.51     0.71637   27 1.00    2 0.00    3 0.00       0.00   1   1   1
  28  P     3341.28     0.17862   28 1.00    2 0.00    3 0.00       0.00   1   1   1
  29  P     3669.19     0.13880   29 1.00    2 0.00    3 0.00       0.00   1   1   1
  30  P     3716.20     0.46951   30 1.00    2 0.00    3 0.00       0.00   1   1   1
   
 *********************************************************** 
  
  AVERAGE MAX PROJECTION     1.000000    St Dev   0.000000
  AVERAGE FREQ DIFF          0.000000    St Dev   0.000000
  AVERAGE ABS FREQ DIFF      0.000000    St Dev   0.000000
  AVERAGE ABS DISPLACE       0.808040    St Dev   7.430056
  SUM DISPL**2            1675.759879
  
 *********************************************************** 
  



                 ASSIGNMENTS AND ANALYSIS OF 2 WITH RESPECT TO 1
 STATE 2                              MODES STATE 1
IND DEF    FREQUENCY     SHIFT    I11 C11  I12 C12   I13 C13     FR(I11)  I90 I95 I99
   1  P      132.98     0.01539    1 1.00    2 0.00    3 0.00       0.00   1   1   1
   2  P      134.58    16.01153    2 1.00    1 0.00    3 0.00       0.00   1   1   1
   3  P      338.55    -1.48956    3 1.00    2 0.00    1 0.00       0.00   1   1   1
   4  P      385.37   -12.66556    4 1.00    2 0.00    3 0.00       0.00   1   1   1
   5  P      514.03    -3.18746    5 1.00    2 0.00    3 0.00       0.00   1   1   1
   6  P      538.53     7.45181    6 1.00    2 0.00    3 0.00       0.00   1   1   1
   7  P      552.02     1.07070    7 1.00    2 0.00    3 0.00       0.00   1   1   1
   8  P      559.54    17.85497    8 1.00    2 0.00    3 0.00       0.00   1   1   1
   9  P      669.32     1.14680    9 1.00    2 0.00    3 0.00       0.00   1   1   1
  10  P      706.45    -1.06009   10 1.00    2 0.00    3 0.00       0.00   1   1   1
  11  P      714.78    -0.45951   11 1.00    2 0.00    3 0.00       0.00   1   1   1
  12  P      766.11    -0.85050   12 1.00    2 0.00    3 0.00       0.00   1   1   1
  13  P      783.56   -17.23387   13 1.00    2 0.00    3 0.00       0.00   1   1   1
  14  P      903.15    -0.80627   14 1.00    2 0.00    3 0.00       0.00   1   1   1
  15  P      987.32    -5.33579   15 1.00    2 0.00    3 0.00       0.00   1   1   1
  16  P      999.82    -0.96890   16 1.00    2 0.00    3 0.00       0.00   1   1   1
  17  P     1106.63    -5.42576   17 1.00    2 0.00    3 0.00       0.00   1   1   1
  18  P     1227.01     7.83757   18 1.00    2 0.00    3 0.00       0.00   1   1   1
  19  P     1263.83    12.32911   19 1.00    2 0.00    3 0.00       0.00   1   1   1
  20  P     1401.33    -7.90827   20 1.00    2 0.00    3 0.00       0.00   1   1   1
  21  P     1423.73     2.67453   21 1.00    2 0.00    3 0.00       0.00   1   1   1
  22  P     1439.65    -7.21298   22 1.00    2 0.00    3 0.00       0.00   1   1   1
  23  P     1522.72    -3.83740   23 1.00    2 0.00    3 0.00       0.00   1   1   1
  24  P     1698.33    -8.30630   24 1.00    2 0.00    3 0.00       0.00   1   1   1
  25  P     1794.14    -8.92257   25 1.00    2 0.00    3 0.00       0.00   1   1   1
  26  P     1838.80    -3.45953   26 1.00    2 0.00    3 0.00       0.00   1   1   1
  27  P     3303.51    -0.71637   27 1.00    2 0.00    3 0.00       0.00   1   1   1
  28  P     3341.28    -0.17862   28 1.00    2 0.00    3 0.00       0.00   1   1   1
  29  P     3669.19    -0.13880   29 1.00    2 0.00    3 0.00       0.00   1   1   1
  30  P     3716.20    -0.46951   30 1.00    2 0.00    3 0.00       0.00   1   1   1
   
 *********************************************************** 
  
  AVERAGE MAX PROJECTION     1.000000    St Dev   0.000000
  AVERAGE FREQ DIFF          0.000000    St Dev   0.000000
  AVERAGE ABS FREQ DIFF      0.000000    St Dev   0.000000
  AVERAGE ABS DISPLACE      -0.808040    St Dev   7.430056
  SUM DISPL**2            1675.759879
  
 *********************************************************** 
  

 ADDITIONAL ANALYSIS ON DUSCHINSKY MATRIX
 ----------------------------------------
  Determinant:     1.0000

  ** A = GM·GMT **
  Det(A)     :     1.0000
  Trace(A)   :    30.0000
  Det(A-I)   :     0.0000
  Trace(A-I) :     0.0000
 ----------------------------------------

   
   
 STATE1 MODES SORTED BY DECREASING DIMENSIONLESS SHIFT
   IND    MODE    FREQUENCY DIMENSIONLESS SHIFT
     1      13     783.55620       0.10297E+01
     2      19    1263.82585      -0.93558E+00
     3       8     559.53910      -0.90153E+00
     4      25    1794.13964       0.80673E+00
     5      24    1698.33343       0.73068E+00
     6      20    1401.32569       0.63192E+00
     7      18    1227.00648      -0.58602E+00
     8      22    1439.64983       0.58419E+00
     9       4     385.36797       0.53073E+00
    10       2     134.58041      -0.39649E+00
    11      17    1106.62573       0.38527E+00
    12       6     538.53288      -0.36913E+00
    13      15     987.32329       0.35788E+00
    14      23    1522.72048       0.31964E+00
    15      26    1838.79683       0.31666E+00
    16      21    1423.72541      -0.21541E+00
    17       5     514.02992       0.15426E+00
    18      27    3303.50874       0.87889E-01
    19      16     999.81759       0.65396E-01
    20       9     669.31774      -0.63331E-01
    21      30    3716.20015       0.61094E-01
    22      10     706.44807       0.60144E-01
    23       3     338.54954       0.58503E-01
    24       7     552.02016      -0.53697E-01
    25      14     903.14577       0.51721E-01
    26      12     766.10754       0.50249E-01
    27      11     714.78355       0.26224E-01
    28      28    3341.27925       0.22039E-01
    29      29    3669.19028       0.17946E-01
    30       1     132.97518      -0.37880E-03
   
   
 MODES OF STATE1 IN ORDER OF DECREASING FR COUPL
 ESTIMATED BY THE MAGNITUDE OF THE 0-0 INTEGRAL
   IND    MODE1  FREQ   MODE2 FR    FR. SHIFT INV0-0
     1     1   132.97518         1   132.97518         0.00000         1.00000
     2     2   134.58041         2   134.58041         0.00000         1.00000
     3     3   338.54954         3   338.54954         0.00000         1.00000
     4     4   385.36797         4   385.36797         0.00000         1.00000
     5     5   514.02992         5   514.02992         0.00000         1.00000
     6     6   538.53288         6   538.53288         0.00000         1.00000
     7     7   552.02016         7   552.02016         0.00000         1.00000
     8     8   559.53910         8   559.53910         0.00000         1.00000
     9     9   669.31774         9   669.31774         0.00000         1.00000
    10    10   706.44807        10   706.44807         0.00000         1.00000
    11    11   714.78355        11   714.78355         0.00000         1.00000
    12    12   766.10754        12   766.10754         0.00000         1.00000
    13    13   783.55620        13   783.55620         0.00000         1.00000
    14    14   903.14577        14   903.14577         0.00000         1.00000
    15    15   987.32329        15   987.32329         0.00000         1.00000
    16    16   999.81759        16   999.81759         0.00000         1.00000
    17    17  1106.62573        17  1106.62573         0.00000         1.00000
    18    18  1227.00648        18  1227.00648         0.00000         1.00000
    19    19  1263.82585        19  1263.82585         0.00000         1.00000
    20    20  1401.32569        20  1401.32569         0.00000         1.00000
    21    21  1423.72541        21  1423.72541         0.00000         1.00000
    22    22  1439.64983        22  1439.64983         0.00000         1.00000
    23    23  1522.72048        23  1522.72048         0.00000         1.00000
    24    24  1698.33343        24  1698.33343         0.00000         1.00000
    25    25  1794.13964        25  1794.13964         0.00000         1.00000
    26    26  1838.79683        26  1838.79683         0.00000         1.00000
    27    27  3303.50874        27  3303.50874         0.00000         1.00000
    28    28  3341.27925        28  3341.27925         0.00000         1.00000
    29    29  3669.19028        29  3669.19028         0.00000         1.00000
    30    30  3716.20015        30  3716.20015         0.00000         1.00000
   
   
   
   
 STATE2 MODES SORTED BY DECREASING DIMENSIONLESS SHIFT
   IND    MODE    FREQUENCY DIMENSIONLESS SHIFT
     1      13     783.55620      -0.10297E+01
     2      19    1263.82585       0.93558E+00
     3       8     559.53910       0.90153E+00
     4      25    1794.13964      -0.80673E+00
     5      24    1698.33343      -0.73068E+00
     6      20    1401.32569      -0.63192E+00
     7      18    1227.00648       0.58602E+00
     8      22    1439.64983      -0.58419E+00
     9       4     385.36797      -0.53073E+00
    10       2     134.58041       0.39649E+00
    11      17    1106.62573      -0.38527E+00
    12       6     538.53288       0.36913E+00
    13      15     987.32329      -0.35788E+00
    14      23    1522.72048      -0.31964E+00
    15      26    1838.79683      -0.31666E+00
    16      21    1423.72541       0.21541E+00
    17       5     514.02992      -0.15426E+00
    18      27    3303.50874      -0.87889E-01
    19      16     999.81759      -0.65396E-01
    20       9     669.31774       0.63331E-01
    21      30    3716.20015      -0.61094E-01
    22      10     706.44807      -0.60144E-01
    23       3     338.54954      -0.58503E-01
    24       7     552.02016       0.53697E-01
    25      14     903.14577      -0.51721E-01
    26      12     766.10754      -0.50249E-01
    27      11     714.78355      -0.26224E-01
    28      28    3341.27925      -0.22039E-01
    29      29    3669.19028      -0.17946E-01
    30       1     132.97518       0.37880E-03
   
   
 MODES OF STATE2 IN ORDER OF DECREASING FR COUPL
 ESTIMATED BY THE MAGNITUDE OF THE 0-0 INTEGRAL
   IND    MODE2  FREQ   MODE1 FR    FR. SHIFT INV0-0
     1     1   132.97518         1   132.97518         0.00000         1.00000
     2     2   134.58041         2   134.58041         0.00000         1.00000
     3     3   338.54954         3   338.54954         0.00000         1.00000
     4     4   385.36797         4   385.36797         0.00000         1.00000
     5     5   514.02992         5   514.02992         0.00000         1.00000
     6     6   538.53288         6   538.53288         0.00000         1.00000
     7     7   552.02016         7   552.02016         0.00000         1.00000
     8     8   559.53910         8   559.53910         0.00000         1.00000
     9     9   669.31774         9   669.31774         0.00000         1.00000
    10    10   706.44807        10   706.44807         0.00000         1.00000
    11    11   714.78355        11   714.78355         0.00000         1.00000
    12    12   766.10754        12   766.10754         0.00000         1.00000
    13    13   783.55620        13   783.55620         0.00000         1.00000
    14    14   903.14577        14   903.14577         0.00000         1.00000
    15    15   987.32329        15   987.32329         0.00000         1.00000
    16    16   999.81759        16   999.81759         0.00000         1.00000
    17    17  1106.62573        17  1106.62573         0.00000         1.00000
    18    18  1227.00648        18  1227.00648         0.00000         1.00000
    19    19  1263.82585        19  1263.82585         0.00000         1.00000
    20    20  1401.32569        20  1401.32569         0.00000         1.00000
    21    21  1423.72541        21  1423.72541         0.00000         1.00000
    22    22  1439.64983        22  1439.64983         0.00000         1.00000
    23    23  1522.72048        23  1522.72048         0.00000         1.00000
    24    24  1698.33343        24  1698.33343         0.00000         1.00000
    25    25  1794.13964        25  1794.13964         0.00000         1.00000
    26    26  1838.79683        26  1838.79683         0.00000         1.00000
    27    27  3303.50874        27  3303.50874         0.00000         1.00000
    28    28  3341.27925        28  3341.27925         0.00000         1.00000
    29    29  3669.19028        29  3669.19028         0.00000         1.00000
    30    30  3716.20015        30  3716.20015         0.00000         1.00000
   
   
  
  
 DIMENSIONLESS SHIFTS 
   IND     STATE1       STATE2
     1    -0.37880E-03     0.37880E-03
     2    -0.39649E+00     0.39649E+00
     3     0.58503E-01    -0.58503E-01
     4     0.53073E+00    -0.53073E+00
     5     0.15426E+00    -0.15426E+00
     6    -0.36913E+00     0.36913E+00
     7    -0.53697E-01     0.53697E-01
     8    -0.90153E+00     0.90153E+00
     9    -0.63331E-01     0.63331E-01
    10     0.60144E-01    -0.60144E-01
    11     0.26224E-01    -0.26224E-01
    12     0.50249E-01    -0.50249E-01
    13     0.10297E+01    -0.10297E+01
    14     0.51721E-01    -0.51721E-01
    15     0.35788E+00    -0.35788E+00
    16     0.65396E-01    -0.65396E-01
    17     0.38527E+00    -0.38527E+00
    18    -0.58602E+00     0.58602E+00
    19    -0.93558E+00     0.93558E+00
    20     0.63192E+00    -0.63192E+00
    21    -0.21541E+00     0.21541E+00
    22     0.58419E+00    -0.58419E+00
    23     0.31964E+00    -0.31964E+00
    24     0.73068E+00    -0.73068E+00
    25     0.80673E+00    -0.80673E+00
    26     0.31666E+00    -0.31666E+00
    27     0.87889E-01    -0.87889E-01
    28     0.22039E-01    -0.22039E-01
    29     0.17946E-01    -0.17946E-01
    30     0.61094E-01    -0.61094E-01
  SUM SQUARED DIMENSIONLESS DISPL STATE1        6.1778
  SUM SQUARED DIMENSIONLESS DISPL STATE2        6.1778
  VALUE STATE1 GROUND VIB WAVEFUN AT GEO2       0.0456
  VALUE STATE2 GROUND VIB WAVEFUN AT GEO1       0.0456
  VALUE STATE1 GROUND VIB WAVEFUN AT (GEO1+GEO2)/2      0.4620
  VALUE STATE2 GROUND VIB WAVEFUN AT (GEO1+GEO2)/2      0.4620

 Printing Duschinski matrix to 'duschinsky.dat'


 Printing Shift vector to 'displacement.dat'


NOTE: DE read from input:   5.012 (eV)                                                                    
 


 ===========================
  REORGANIZATION ENERGY
 ===========================
     0.015742  (Hartree)
     0.428356  (eV)


 ------------------------------------------------------
 Extrapolation form (generalized) vertical point:
 ------------------------------------------------------
 Extrapolated vertical energy:        5.01230  (eV)
 Extrapolated adiabatic energy:       5.01230  (eV)
 Extrapolated reorg. energy   :       0.00000  (eV)
 ------------------------------------------------------



 ===============================
  ZERO-POINT ENERGY CORRECTIONS 
 ===============================


                    ZERO POINT ENERGY IN CM-1
    E01=     19216.21    E02=     19216.21


                    0-0 ENERGY DIFFERENCE
       4.58395 eV


                    ADIABATIC ENERGY     
       4.58395 eV




 ====================

  TRANSITION DIPOLES 

 ====================
 Model for tr. dipoles: FC
 Reading electric dipole file: eldipoleS2.fcc
 


 ================= 
  TRANSITION INFO  
 ================= 
            DATA FOR VERTICAL TRANSITION 
  electric transition dipoles (au) at initial GEO 1
            1.10933312    0.74883842    0.00298495
  electric transition dipoles (au) at initial GEO 2
            1.10933312    0.74883842    0.00298495
  Square tr dipoles: geo1  1.79138787  geo2   1.79138787  Diff (d1-d2)/d1    0.0000 %
   
 ------------------
  State2 -> State1
 ------------------
 Reorganization Energy (eV) on State1        0.428356
 Vertical emission energy (eV)               4.155590
 Fluorescence lifetime from minimum (ns)  7.317399E+00
 ********************************************** 
   
 ------------------
  State1 -> State2
 ------------------
 Reorganization Energy on State2 (eV)        0.428356
 Vertical absorption energy (eV)             5.012302
 Absorption oscillator strength           2.199808E-01
 ********************************************** 
   

NOTE: Spectra resolution set to:  0.00400                                                                 
 

NOTE: To ensure exact match of TI and TD resuls, final spectral range reset to:    4.0000-                
       9.0000(eV)                                                                                         
 

 ----------------------------------------
 Refined spectral range for simulations: 
  nene       =      1251
  From E(eV) =    4.0000
  To   E(eV) =    9.0000
 
 Related time-domain parameters
 (with energy shift & extended range):
  ntime =          652
  dt    =       0.7929
  tfin  =     516.5620
 Shift info (for external FT)
  dE_ext=  0.104000    
  Eshift=   3.89600    
 ----------------------------------------


NOTE: Changing Ead to optimize TD method before entering the spectrum calculation.Ead(original)=          
        4.584 (eV); Ead(shifted )=   0.688 (eV)                                                           
 


Computing RR 2D spectrum (TD)
-----------------------------

 SUMMARY OF CALCULATION OPTIONS
 -------------------------------
 Adiabatic Energy (eV)  :   4.5839
 Shifted Ad. Energy (eV):   0.6879

 Tipe of transition     : ABS-ECDNO

 Dipole aproximation    : FC-FC
 El. dipole at ref geom :     1.11       0.749       0.298E-02

 Numerical evaluation of xi(t)
         Total time (fs):   516.562
         Nr data points : 652
         Time step (fs) :  0.793    

 Broad. function        : LOR  
 Broad. exponent        :    1.470E-03
 Broad. order           : 1
 -------------------------------

 Computing correlation functions over 652 points



RAILEIGH BAND
-------------------

 Final osc. energy (cm-1) =     0.000


 ____________________________________________
  ============================================
  PROGRAM: td_rr_00
   RR 0->0 band at 0K with a harmonic 
   TD formulation                           
 ____________________________________________
  ============================================
 


* (rho,sigma = 1 1) *
 Calling FFT with 1304 points

 Fourie-Transform with: fft_calc subroutine (FFTW)
 =========== tdspectra finished ===========  
 Timing...
  CPU (s) for tdspectra :       0.128
 ==========================================
                                           

NOTE: FOUND POINT OF THE SCAN CLOSEST TO THE ABS MAX                                                      
 
 Ebest(eV) =     5.01
 Evert(eV) =     5.01



FUNDAMENTAL BANDS
-------------------



** Computing band for mode 1 **
 Final osc. energy (cm-1) =   132.975


 ____________________________________________
  ============================================
  PROGRAM: td_rr_1k
   RR fundamentals at 0K with a harmonic 
   TD formulation                           
 ____________________________________________
  ============================================
 


* (rho,sigma = 1 1) *
 Calling FFT with 1304 points

 Fourie-Transform with: fft_calc subroutine (FFTW)
 =========== tdspectra finished ===========  
 Timing...
  CPU (s) for tdspectra :       0.101
 ==========================================
                                           


** Computing band for mode 2 **
 Final osc. energy (cm-1) =   134.580


 ____________________________________________
  ============================================
  PROGRAM: td_rr_1k
   RR fundamentals at 0K with a harmonic 
   TD formulation                           
 ____________________________________________
  ============================================
 


* (rho,sigma = 1 1) *
 Calling FFT with 1304 points

 Fourie-Transform with: fft_calc subroutine (FFTW)
 =========== tdspectra finished ===========  
 Timing...
  CPU (s) for tdspectra :       0.101
 ==========================================
                                           


** Computing band for mode 3 **
 Final osc. energy (cm-1) =   338.550


 ____________________________________________
  ============================================
  PROGRAM: td_rr_1k
   RR fundamentals at 0K with a harmonic 
   TD formulation                           
 ____________________________________________
  ============================================
 


* (rho,sigma = 1 1) *
 Calling FFT with 1304 points

 Fourie-Transform with: fft_calc subroutine (FFTW)
 =========== tdspectra finished ===========  
 Timing...
  CPU (s) for tdspectra :       0.101
 ==========================================
                                           


** Computing band for mode 4 **
 Final osc. energy (cm-1) =   385.368


 ____________________________________________
  ============================================
  PROGRAM: td_rr_1k
   RR fundamentals at 0K with a harmonic 
   TD formulation                           
 ____________________________________________
  ============================================
 


* (rho,sigma = 1 1) *
 Calling FFT with 1304 points

 Fourie-Transform with: fft_calc subroutine (FFTW)
 =========== tdspectra finished ===========  
 Timing...
  CPU (s) for tdspectra :       0.101
 ==========================================
                                           


** Computing band for mode 5 **
 Final osc. energy (cm-1) =   514.030


 ____________________________________________
  ============================================
  PROGRAM: td_rr_1k
   RR fundamentals at 0K with a harmonic 
   TD formulation                           
 ____________________________________________
  ============================================
 


* (rho,sigma = 1 1) *
 Calling FFT with 1304 points

 Fourie-Transform with: fft_calc subroutine (FFTW)
 =========== tdspectra finished ===========  
 Timing...
  CPU (s) for tdspectra :       0.101
 ==========================================
                                           


** Computing band for mode 6 **
 Final osc. energy (cm-1) =   538.533


 ____________________________________________
  ============================================
  PROGRAM: td_rr_1k
   RR fundamentals at 0K with a harmonic 
   TD formulation                           
 ____________________________________________
  ============================================
 


* (rho,sigma = 1 1) *
 Calling FFT with 1304 points

 Fourie-Transform with: fft_calc subroutine (FFTW)
 =========== tdspectra finished ===========  
 Timing...
  CPU (s) for tdspectra :       0.101
 ==========================================
                                           


** Computing band for mode 7 **
 Final osc. energy (cm-1) =   552.020


 ____________________________________________
  ============================================
  PROGRAM: td_rr_1k
   RR fundamentals at 0K with a harmonic 
   TD formulation                           
 ____________________________________________
  ============================================
 


* (rho,sigma = 1 1) *
 Calling FFT with 1304 points

 Fourie-Transform with: fft_calc subroutine (FFTW)
 =========== tdspectra finished ===========  
 Timing...
  CPU (s) for tdspectra :       0.101
 ==========================================
                                           


** Computing band for mode 8 **
 Final osc. energy (cm-1) =   559.539


 ____________________________________________
  ============================================
  PROGRAM: td_rr_1k
   RR fundamentals at 0K with a harmonic 
   TD formulation                           
 ____________________________________________
  ============================================
 


* (rho,sigma = 1 1) *
 Calling FFT with 1304 points

 Fourie-Transform with: fft_calc subroutine (FFTW)
 =========== tdspectra finished ===========  
 Timing...
  CPU (s) for tdspectra :       0.101
 ==========================================
                                           


** Computing band for mode 9 **
 Final osc. energy (cm-1) =   669.318


 ____________________________________________
  ============================================
  PROGRAM: td_rr_1k
   RR fundamentals at 0K with a harmonic 
   TD formulation                           
 ____________________________________________
  ============================================
 


* (rho,sigma = 1 1) *
 Calling FFT with 1304 points

 Fourie-Transform with: fft_calc subroutine (FFTW)
 =========== tdspectra finished ===========  
 Timing...
  CPU (s) for tdspectra :       0.101
 ==========================================
                                           


** Computing band for mode 10 **
 Final osc. energy (cm-1) =   706.448


 ____________________________________________
  ============================================
  PROGRAM: td_rr_1k
   RR fundamentals at 0K with a harmonic 
   TD formulation                           
 ____________________________________________
  ============================================
 


* (rho,sigma = 1 1) *
 Calling FFT with 1304 points

 Fourie-Transform with: fft_calc subroutine (FFTW)
 =========== tdspectra finished ===========  
 Timing...
  CPU (s) for tdspectra :       0.101
 ==========================================
                                           


** Computing band for mode 11 **
 Final osc. energy (cm-1) =   714.784


 ____________________________________________
  ============================================
  PROGRAM: td_rr_1k
   RR fundamentals at 0K with a harmonic 
   TD formulation                           
 ____________________________________________
  ============================================
 


* (rho,sigma = 1 1) *
 Calling FFT with 1304 points

 Fourie-Transform with: fft_calc subroutine (FFTW)
 =========== tdspectra finished ===========  
 Timing...
  CPU (s) for tdspectra :       0.101
 ==========================================
                                           


** Computing band for mode 12 **
 Final osc. energy (cm-1) =   766.108


 ____________________________________________
  ============================================
  PROGRAM: td_rr_1k
   RR fundamentals at 0K with a harmonic 
   TD formulation                           
 ____________________________________________
  ============================================
 


* (rho,sigma = 1 1) *
 Calling FFT with 1304 points

 Fourie-Transform with: fft_calc subroutine (FFTW)
 =========== tdspectra finished ===========  
 Timing...
  CPU (s) for tdspectra :       0.101
 ==========================================
                                           


** Computing band for mode 13 **
 Final osc. energy (cm-1) =   783.556


 ____________________________________________
  ============================================
  PROGRAM: td_rr_1k
   RR fundamentals at 0K with a harmonic 
   TD formulation                           
 ____________________________________________
  ============================================
 


* (rho,sigma = 1 1) *
 Calling FFT with 1304 points

 Fourie-Transform with: fft_calc subroutine (FFTW)
 =========== tdspectra finished ===========  
 Timing...
  CPU (s) for tdspectra :       0.101
 ==========================================
                                           


** Computing band for mode 14 **
 Final osc. energy (cm-1) =   903.146


 ____________________________________________
  ============================================
  PROGRAM: td_rr_1k
   RR fundamentals at 0K with a harmonic 
   TD formulation                           
 ____________________________________________
  ============================================
 


* (rho,sigma = 1 1) *
 Calling FFT with 1304 points

 Fourie-Transform with: fft_calc subroutine (FFTW)
 =========== tdspectra finished ===========  
 Timing...
  CPU (s) for tdspectra :       0.101
 ==========================================
                                           


** Computing band for mode 15 **
 Final osc. energy (cm-1) =   987.323


 ____________________________________________
  ============================================
  PROGRAM: td_rr_1k
   RR fundamentals at 0K with a harmonic 
   TD formulation                           
 ____________________________________________
  ============================================
 


* (rho,sigma = 1 1) *
 Calling FFT with 1304 points

 Fourie-Transform with: fft_calc subroutine (FFTW)
 =========== tdspectra finished ===========  
 Timing...
  CPU (s) for tdspectra :       0.091
 ==========================================
                                           


** Computing band for mode 16 **
 Final osc. energy (cm-1) =   999.818


 ____________________________________________
  ============================================
  PROGRAM: td_rr_1k
   RR fundamentals at 0K with a harmonic 
   TD formulation                           
 ____________________________________________
  ============================================
 


* (rho,sigma = 1 1) *
 Calling FFT with 1304 points

 Fourie-Transform with: fft_calc subroutine (FFTW)
 =========== tdspectra finished ===========  
 Timing...
  CPU (s) for tdspectra :       0.091
 ==========================================
                                           


** Computing band for mode 17 **
 Final osc. energy (cm-1) =  1106.626


 ____________________________________________
  ============================================
  PROGRAM: td_rr_1k
   RR fundamentals at 0K with a harmonic 
   TD formulation                           
 ____________________________________________
  ============================================
 


* (rho,sigma = 1 1) *
 Calling FFT with 1304 points

 Fourie-Transform with: fft_calc subroutine (FFTW)
 =========== tdspectra finished ===========  
 Timing...
  CPU (s) for tdspectra :       0.091
 ==========================================
                                           


** Computing band for mode 18 **
 Final osc. energy (cm-1) =  1227.006


 ____________________________________________
  ============================================
  PROGRAM: td_rr_1k
   RR fundamentals at 0K with a harmonic 
   TD formulation                           
 ____________________________________________
  ============================================
 


* (rho,sigma = 1 1) *
 Calling FFT with 1304 points

 Fourie-Transform with: fft_calc subroutine (FFTW)
 =========== tdspectra finished ===========  
 Timing...
  CPU (s) for tdspectra :       0.091
 ==========================================
                                           


** Computing band for mode 19 **
 Final osc. energy (cm-1) =  1263.826


 ____________________________________________
  ============================================
  PROGRAM: td_rr_1k
   RR fundamentals at 0K with a harmonic 
   TD formulation                           
 ____________________________________________
  ============================================
 


* (rho,sigma = 1 1) *
 Calling FFT with 1304 points

 Fourie-Transform with: fft_calc subroutine (FFTW)
 =========== tdspectra finished ===========  
 Timing...
  CPU (s) for tdspectra :       0.091
 ==========================================
                                           


** Computing band for mode 20 **
 Final osc. energy (cm-1) =  1401.326


 ____________________________________________
  ============================================
  PROGRAM: td_rr_1k
   RR fundamentals at 0K with a harmonic 
   TD formulation                           
 ____________________________________________
  ============================================
 


* (rho,sigma = 1 1) *
 Calling FFT with 1304 points

 Fourie-Transform with: fft_calc subroutine (FFTW)
 =========== tdspectra finished ===========  
 Timing...
  CPU (s) for tdspectra :       0.091
 ==========================================
                                           


** Computing band for mode 21 **
 Final osc. energy (cm-1) =  1423.725


 ____________________________________________
  ============================================
  PROGRAM: td_rr_1k
   RR fundamentals at 0K with a harmonic 
   TD formulation                           
 ____________________________________________
  ============================================
 


* (rho,sigma = 1 1) *
 Calling FFT with 1304 points

 Fourie-Transform with: fft_calc subroutine (FFTW)
 =========== tdspectra finished ===========  
 Timing...
  CPU (s) for tdspectra :       0.091
 ==========================================
                                           


** Computing band for mode 22 **
 Final osc. energy (cm-1) =  1439.650


 ____________________________________________
  ============================================
  PROGRAM: td_rr_1k
   RR fundamentals at 0K with a harmonic 
   TD formulation                           
 ____________________________________________
  ============================================
 


* (rho,sigma = 1 1) *
 Calling FFT with 1304 points

 Fourie-Transform with: fft_calc subroutine (FFTW)
 =========== tdspectra finished ===========  
 Timing...
  CPU (s) for tdspectra :       0.091
 ==========================================
                                           


** Computing band for mode 23 **
 Final osc. energy (cm-1) =  1522.720


 ____________________________________________
  ============================================
  PROGRAM: td_rr_1k
   RR fundamentals at 0K with a harmonic 
   TD formulation                           
 ____________________________________________
  ============================================
 


* (rho,sigma = 1 1) *
 Calling FFT with 1304 points

 Fourie-Transform with: fft_calc subroutine (FFTW)
 =========== tdspectra finished ===========  
 Timing...
  CPU (s) for tdspectra :       0.091
 ==========================================
                                           


** Computing band for mode 24 **
 Final osc. energy (cm-1) =  1698.333


 ____________________________________________
  ============================================
  PROGRAM: td_rr_1k
   RR fundamentals at 0K with a harmonic 
   TD formulation                           
 ____________________________________________
  ============================================
 


* (rho,sigma = 1 1) *
 Calling FFT with 1304 points

 Fourie-Transform with: fft_calc subroutine (FFTW)
 =========== tdspectra finished ===========  
 Timing...
  CPU (s) for tdspectra :       0.091
 ==========================================
                                           


** Computing band for mode 25 **
 Final osc. energy (cm-1) =  1794.140


 ____________________________________________
  ============================================
  PROGRAM: td_rr_1k
   RR fundamentals at 0K with a harmonic 
   TD formulation                           
 ____________________________________________
  ============================================
 


* (rho,sigma = 1 1) *
 Calling FFT with 1304 points

 Fourie-Transform with: fft_calc subroutine (FFTW)
 =========== tdspectra finished ===========  
 Timing...
  CPU (s) for tdspectra :       0.091
 ==========================================
                                           


** Computing band for mode 26 **
 Final osc. energy (cm-1) =  1838.797


 ____________________________________________
  ============================================
  PROGRAM: td_rr_1k
   RR fundamentals at 0K with a harmonic 
   TD formulation                           
 ____________________________________________
  ============================================
 


* (rho,sigma = 1 1) *
 Calling FFT with 1304 points

 Fourie-Transform with: fft_calc subroutine (FFTW)
 =========== tdspectra finished ===========  
 Timing...
  CPU (s) for tdspectra :       0.091
 ==========================================
                                           


** Computing band for mode 27 **
 Final osc. energy (cm-1) =  3303.509


 ____________________________________________
  ============================================
  PROGRAM: td_rr_1k
   RR fundamentals at 0K with a harmonic 
   TD formulation                           
 ____________________________________________
  ============================================
 


* (rho,sigma = 1 1) *
 Calling FFT with 1304 points

 Fourie-Transform with: fft_calc subroutine (FFTW)
 =========== tdspectra finished ===========  
 Timing...
  CPU (s) for tdspectra :       0.091
 ==========================================
                                           


** Computing band for mode 28 **
 Final osc. energy (cm-1) =  3341.279


 ____________________________________________
  ============================================
  PROGRAM: td_rr_1k
   RR fundamentals at 0K with a harmonic 
   TD formulation                           
 ____________________________________________
  ============================================
 


* (rho,sigma = 1 1) *
 Calling FFT with 1304 points

 Fourie-Transform with: fft_calc subroutine (FFTW)
 =========== tdspectra finished ===========  
 Timing...
  CPU (s) for tdspectra :       0.091
 ==========================================
                                           


** Computing band for mode 29 **
 Final osc. energy (cm-1) =  3669.190


 ____________________________________________
  ============================================
  PROGRAM: td_rr_1k
   RR fundamentals at 0K with a harmonic 
   TD formulation                           
 ____________________________________________
  ============================================
 


* (rho,sigma = 1 1) *
 Calling FFT with 1304 points

 Fourie-Transform with: fft_calc subroutine (FFTW)
 =========== tdspectra finished ===========  
 Timing...
  CPU (s) for tdspectra :       0.091
 ==========================================
                                           


** Computing band for mode 30 **
 Final osc. energy (cm-1) =  3716.200


 ____________________________________________
  ============================================
  PROGRAM: td_rr_1k
   RR fundamentals at 0K with a harmonic 
   TD formulation                           
 ____________________________________________
  ============================================
 


* (rho,sigma = 1 1) *
 Calling FFT with 1304 points

 Fourie-Transform with: fft_calc subroutine (FFTW)
 =========== tdspectra finished ===========  
 Timing...
  CPU (s) for tdspectra :       0.091
 ==========================================
                                           
 =========== compRR_TD finished ===========  
 Timing...
  CPU (s) for compRR_TD :       4.210
 ==========================================




===============================

 SUMMARY OF NOTES AND WARNINGS

===============================
 ---------------------------------
 8 notes raised along the run
 Look for NOTE in the output
 ---------------------------------

 
 ****************** FCclasses finished *******************
 Timing...   
  CPU (s)       4.227
 *********************************************************
 
 FCclasses finished successfully
