 
                                                    \ /               
                                              ..-'''-*-               
                                              \.-'''\ \               
      _____ _____      _                             | |              
     |  ___/  __ \    | |                         __/ /               
     | |_  | /  \/ ___| | __ _ ___ ___  ___  ___ |_  '.               
     |  _| | |    / __| |/ _` / __/ __|/ _ \/ __|   `.  \             
     | |   | \__/\ (__| | (_| \__ \__ \  __/\__ \     \ '.            
     \_|    \____/\___|_|\__,_|___/___/\___||___/      , |            
                                                       | |            
                                                      / ,'            
                                              -....--'  /             
                                              `.. __..-'              
                                                                      
 ********************************************************* 
   FCCLASSES3:                                             
   A code for vibronic simulations                         
                                                           
                                                           
 ********************************************************* 


 GIT VERSION INFO
  Commit id  : v3-1.0-2-g78ec1d1-dirty
  Commit date: 2022-07-22 10:24:13 +0200

 CURRENT RUN INFO
  Date&Time  : 2023-04-04, 12:40:15
  Input file : STDIN
  Input type : NEW



 INPUT OPTIONS:
-------------------------------
$$$
;GENERAL OPTIONS:
; NAT        = (read from structure files)
; NVIB       = (determined vibrational analysis)
PROPERTY     =   RR    
MODEL        =   VG   
DIPOLE       =   FC   
DIPDER_COORD =   CARTESIAN  
TEMP         =     0.00
DE           =   5.50120
BROADFUN     =   GAU  
HWHM         =   0.0400
RESOL        =   0.0040  ; (default: HWHM/10)
METHOD       =   TD   
ROT          =   1
SPCMIN       =     4.000
SPCMAX       =     9.000
;RESONANCE RAMAN
RR_NFIELD        =   -1
RR_FIELDMIN      =   4.000
RR_FIELDMAX      =   9.000
RR_POLAR         =   W
RR_SPEED         =   Y
RR_SINGLE_MAXEXC =   1
RR_DOUBLE_MAXEXC =   1
;VIBRATIONAL ANALYSIS
NORMALMODES  =   COMPUTE  
RM_COORD     =   NONE    
COORDS       =   CARTESIAN  
FORCE_REAL   =   YES  
;INPUT DATA FILES
STATE1_FILE  =   Uracil6311-freq.fcc
STATE2_FILE  =   Uracil6311-es2.fcc
MASS_FILE    =   
ELDIP_FILE   =   eldip_Uracil6311-es2_fchk
MAGDIP_FILE  =   magdip_Uracil6311-es2_fchk
NAC_FILE     =   
NRCOUP_FILE  =   eldip_Uracil6311-es2_fchk
HESS1_FILE   =   Uracil6311-freq.fcc
HESS2_FILE   =   Uracil6311-freq.fcc
GRAD1_FILE   =   Uracil6311-freq.fcc
GRAD2_COORD  =   CARTESIAN
GRAD2_FILE   =   Uracil6311-es2.fcc
;VERBOSE LEVEL
VERBOSE      =   1
  
-------------------------------



 ==> State 1 <==

 Geometry file: Uracil6311-freq.fcc


 Gradient file: Uracil6311-freq.fcc

NOTE: The calculation for this State will assume stationary point since the gradient is                   
      small (maximum atomic gradient:   0.000321 a.u.)                                                    
 
 Hessian file: Uracil6311-freq.fcc



 ---------------------------------------
  Check effect of symmetry operations
  on Hessian elements (or gs^t\beta)
 ---------------------------------------

 Using input geometry instead of rotating to principal axis of intertia to detect symmetry

 
 Sigma(xy) symmetry element found
 
 Symmetry operation  : 1
 Max abs difference  :   0.000000
    original value   :  -0.000000
    transformed value:   0.000000
    Rel difference(%): 200.000000

 ---------------------------------------



 =========================
  ANALYSIS OF DOFs
 =========================

 => STATE 1 <=
 Geometry (Angstroms)
 12    # Nr. of atoms
   Atom       X         Y         Z      Mass
C         -1.2281    0.3618    0.0000   12.0000
C          0.0553   -1.6997    0.0000   12.0000
C          1.2344   -1.0649    0.0000   12.0000
C          1.2703    0.3910    0.0000   12.0000
N          0.0000    0.9867    0.0000   14.0031
H         -0.0262   -2.7787    0.0000    1.0078
H          2.1726   -1.5969    0.0000    1.0078
O          2.2664    1.0766    0.0000   15.9949
O         -2.2837    0.9476    0.0000   15.9949
N         -1.1370   -1.0205    0.0000   14.0031
H         -2.0191   -1.5085    0.0000    1.0078
H         -0.0219    1.9984    0.0000    1.0078
 

 ------------------------------------------------
   INERTIA TENSOR (to be multiplied by 10**5)
 ------------------------------------------------

             1           2           3
  
    1     2.35763    -0.07279     0.00000
    2    -0.07279     4.52671     0.00000
    3     0.00000     0.00000     6.88434
 ------------------------------------------------


 ------------------------------------------------
   ROTATIONAL CONSTANTS (AND ROTATION MATRIX)
 ------------------------------------------------

 ROOT NO.    1           2           3

    ************************************
  
    1    -0.99944    -0.03350     0.00000
    2    -0.03350     0.99944     0.00000
    3     0.00000     0.00000     1.00000
 ------------------------------------------------

  Rotational constants (GHz)
     3.91157     2.03405     1.33818
  Rotational temperatures (K)
     0.18773     0.09762     0.06422


 -------------------
  DOF   Dimension
 -------------------
  Vib    30
  Rot    3
  Tra    3
 -------------------


 Translating State1 to its Center of Mass
 Initial COM:      -0.0010      0.0343      0.0000


 ================================
  VIBRATIONAL ANALYSIS ON STATE1
 ================================

 ----------------------------------
   Redundant Frequencies (cm-1)
 ----------------------------------
     1    -0.00003
     2    -0.00002
     3    -0.00001
     4     0.00001
     5     0.00003
     6     0.00007
 ----------------------------------


 ------------------------
   FREQUENCIES (cm-1)
 ------------------------
     1   145.73156
     2   163.80214
     3   395.18308
     4   398.97068
     5   526.58974
     6   550.85112
     7   562.75523
     8   567.96476
     9   673.58994
    10   735.99355
    11   775.57909
    12   781.86063
    13   825.82075
    14   982.14098
    15   995.00625
    16  1002.06799
    17  1100.66230
    18  1215.81642
    19  1242.65765
    20  1404.19611
    21  1430.35620
    22  1436.80250
    23  1523.60336
    24  1710.12371
    25  1811.37473
    26  1840.53147
    27  3225.71170
    28  3264.93623
    29  3622.91775
    30  3664.98096
 ------------------------

 =====================
  THERMOCHEMISTRY     
 =====================
  Temperature (K):    0.00
  Pressure (atm) :    1.00
 
  Rotational constants (GHz)
     3.91157     2.03405     1.33818
  Rotational temperatures (K)
     0.18773     0.09762     0.06422
 
  Partition Functions
  qt =      0.000    
  qr =      0.000    
  qv =      0.000    
 
  Contributions to entropy
  St (cm-1/K) = -Infinity
  Sr (cm-1/K) = -Infinity
  Sv (cm-1/K) =       NaN
 
  Thermal corrections (AU)
  Zero Point Energy =   0.878885E-01
  Internal Energy   =   0.878885E-01
  Enthalpy          =   0.878885E-01
  Gibbs Free Energy =            NaN
 
  Thermal corrections (AU) - vibrational only
  Number of vibrations:      30
  V-internal Energy   =   0.878885E-01
  V-enthalpy          =   0.878885E-01
  V-gibbs Free Energy =            NaN


 ==> State 2 <==

 Geometry file: Uracil6311-es2.fcc


 Gradient file: Uracil6311-es2.fcc

NOTE: The calculation for this State will assume non-stationary point since the gradient                  
      is not negligible (maximum atomic gradient:   0.101855 a.u.)                                        
 
 Hessian file: Uracil6311-freq.fcc


 A RR calculation  will be performed
 RESETTING OPTRANS TO ABS
 RESETTING OPTRANS1 TO ECDNO


 =========================
  ANALYSIS OF DOFs
 =========================

 => STATE 2 <=
 Geometry (Angstroms)
 12    # Nr. of atoms
   Atom       X         Y         Z      Mass
C         -1.2281    0.3618    0.0000   12.0000
C          0.0553   -1.6997    0.0000   12.0000
C          1.2344   -1.0649    0.0000   12.0000
C          1.2703    0.3910    0.0000   12.0000
N          0.0000    0.9867    0.0000   14.0031
H         -0.0262   -2.7787    0.0000    1.0078
H          2.1726   -1.5969    0.0000    1.0078
O          2.2664    1.0766    0.0000   15.9949
O         -2.2837    0.9476    0.0000   15.9949
N         -1.1370   -1.0205    0.0000   14.0031
H         -2.0191   -1.5085    0.0000    1.0078
H         -0.0219    1.9984    0.0000    1.0078
 

 ------------------------------------------------
   INERTIA TENSOR (to be multiplied by 10**5)
 ------------------------------------------------

             1           2           3
  
    1     2.35763    -0.07279     0.00000
    2    -0.07279     4.52671     0.00000
    3     0.00000     0.00000     6.88434
 ------------------------------------------------


 ------------------------------------------------
   ROTATIONAL CONSTANTS (AND ROTATION MATRIX)
 ------------------------------------------------

 ROOT NO.    1           2           3

    ************************************
  
    1    -0.99944    -0.03350     0.00000
    2    -0.03350     0.99944     0.00000
    3     0.00000     0.00000     1.00000
 ------------------------------------------------

  Rotational constants (GHz)
     3.91157     2.03405     1.33818
  Rotational temperatures (K)
     0.18773     0.09762     0.06422


 -------------------
  DOF   Dimension
 -------------------
  Vib    30
  Rot    3
  Tra    3
 -------------------


 Translating State2 to its Center of Mass
 Initial COM:      -0.0010      0.0343      0.0000


 ================================
  VIBRATIONAL ANALYSIS ON STATE2
 ================================

Normal modes read from State1 for VG


 ------------------------
   FREQUENCIES (cm-1)
 ------------------------
     1   145.73156
     2   163.80214
     3   395.18308
     4   398.97068
     5   526.58974
     6   550.85112
     7   562.75523
     8   567.96476
     9   673.58994
    10   735.99355
    11   775.57909
    12   781.86063
    13   825.82075
    14   982.14098
    15   995.00625
    16  1002.06799
    17  1100.66230
    18  1215.81642
    19  1242.65765
    20  1404.19611
    21  1430.35620
    22  1436.80250
    23  1523.60336
    24  1710.12371
    25  1811.37473
    26  1840.53147
    27  3225.71170
    28  3264.93623
    29  3622.91775
    30  3664.98096
 ------------------------


 -------------------------------------
   State2 Gradient (Q1-space) x1e5
 -------------------------------------
     1     0.00000
     2    -0.00000
     3     3.24464
     4    -0.00000
     5    -0.47882
     6    -0.08362
     7    -0.00000
     8   -11.99377
     9     0.00000
    10     0.00000
    11     0.00000
    12    16.96753
    13     0.00000
    14    -7.70459
    15    -0.00000
    16    -8.05393
    17    -9.45510
    18   -18.45511
    19   -36.35534
    20    31.68700
    21     4.41905
    22   -13.94972
    23    17.73124
    24   -65.12968
    25   -42.54905
    26   -30.15690
    27    19.60666
    28    -6.71317
    29    -5.03184
    30    10.10538
 -------------------------------------




                 ASSIGNMENTS AND ANALYSIS OF 1 WITH RESPECT TO 2
 STATE 1                              MODES STATE 2
IND DEF    FREQUENCY     SHIFT    I21 C21  I22 C22   I23 C23     FR(I21)  I90 I95 I99
   1  P      145.73    -0.00000    1 1.00    2 0.00    3 0.00       0.00   1   1   1
   2  P      163.80     0.00000    2 1.00    1 0.00    3 0.00       0.00   1   1   1
   3  P      395.18   -10.00778    3 1.00    2 0.00    1 0.00       0.00   1   1   1
   4  P      398.97     0.00000    4 1.00    2 0.00    3 0.00       0.00   1   1   1
   5  P      526.59     0.83175    5 1.00    2 0.00    3 0.00       0.00   1   1   1
   6  P      550.85     0.13275    6 1.00    2 0.00    3 0.00       0.00   1   1   1
   7  P      562.76     0.00000    7 1.00    2 0.00    3 0.00       0.00   1   1   1
   8  P      567.96    17.90943    8 1.00    2 0.00    3 0.00       0.00   1   1   1
   9  P      673.59    -0.00000    9 1.00    2 0.00    3 0.00       0.00   1   1   1
  10  P      735.99    -0.00000   10 1.00    2 0.00    3 0.00       0.00   1   1   1
  11  P      775.58    -0.00000   11 1.00    2 0.00    3 0.00       0.00   1   1   1
  12  P      781.86   -13.36991   12 1.00    2 0.00    3 0.00       0.00   1   1   1
  13  P      825.82    -0.00000   13 1.00    2 0.00    3 0.00       0.00   1   1   1
  14  P      982.14     3.84743   14 1.00    2 0.00    3 0.00       0.00   1   1   1
  15  P      995.01     0.00000   15 1.00    2 0.00    3 0.00       0.00   1   1   1
  16  P     1002.07     3.86351   16 1.00    2 0.00    3 0.00       0.00   1   1   1
  17  P     1100.66     3.75947   17 1.00    2 0.00    3 0.00       0.00   1   1   1
  18  P     1215.82     6.01380   18 1.00    2 0.00    3 0.00       0.00   1   1   1
  19  P     1242.66    11.34054   19 1.00    2 0.00    3 0.00       0.00   1   1   1
  20  P     1404.20    -7.74095   20 1.00    2 0.00    3 0.00       0.00   1   1   1
  21  P     1430.36    -1.04042   21 1.00    2 0.00    3 0.00       0.00   1   1   1
  22  P     1436.80     3.25492   22 1.00    2 0.00    3 0.00       0.00   1   1   1
  23  P     1523.60    -3.67929   23 1.00    2 0.00    3 0.00       0.00   1   1   1
  24  P     1710.12    10.72735   24 1.00    2 0.00    3 0.00       0.00   1   1   1
  25  P     1811.37     6.24657   25 1.00    2 0.00    3 0.00       0.00   1   1   1
  26  P     1840.53     4.28814   26 1.00    2 0.00    3 0.00       0.00   1   1   1
  27  P     3225.71    -0.90766   27 1.00    2 0.00    3 0.00       0.00   1   1   1
  28  P     3264.94     0.30335   28 1.00    2 0.00    3 0.00       0.00   1   1   1
  29  P     3622.92     0.18466   29 1.00    2 0.00    3 0.00       0.00   1   1   1
  30  P     3664.98    -0.36239   30 1.00    2 0.00    3 0.00       0.00   1   1   1
   
 *********************************************************** 
  
  AVERAGE MAX PROJECTION     1.000000    St Dev   0.000000
  AVERAGE FREQ DIFF          0.000000    St Dev   0.000000
  AVERAGE ABS FREQ DIFF      0.000000    St Dev   0.000000
  AVERAGE ABS DISPLACE       1.186509    St Dev   5.846571
  SUM DISPL**2            1067.705874
  
 *********************************************************** 
  



                 ASSIGNMENTS AND ANALYSIS OF 2 WITH RESPECT TO 1
 STATE 2                              MODES STATE 1
IND DEF    FREQUENCY     SHIFT    I11 C11  I12 C12   I13 C13     FR(I11)  I90 I95 I99
   1  P      145.73     0.00000    1 1.00    2 0.00    3 0.00       0.00   1   1   1
   2  P      163.80    -0.00000    2 1.00    1 0.00    3 0.00       0.00   1   1   1
   3  P      395.18    10.00778    3 1.00    2 0.00    1 0.00       0.00   1   1   1
   4  P      398.97    -0.00000    4 1.00    2 0.00    3 0.00       0.00   1   1   1
   5  P      526.59    -0.83175    5 1.00    2 0.00    3 0.00       0.00   1   1   1
   6  P      550.85    -0.13275    6 1.00    2 0.00    3 0.00       0.00   1   1   1
   7  P      562.76    -0.00000    7 1.00    2 0.00    3 0.00       0.00   1   1   1
   8  P      567.96   -17.90943    8 1.00    2 0.00    3 0.00       0.00   1   1   1
   9  P      673.59     0.00000    9 1.00    2 0.00    3 0.00       0.00   1   1   1
  10  P      735.99     0.00000   10 1.00    2 0.00    3 0.00       0.00   1   1   1
  11  P      775.58     0.00000   11 1.00    2 0.00    3 0.00       0.00   1   1   1
  12  P      781.86    13.36991   12 1.00    2 0.00    3 0.00       0.00   1   1   1
  13  P      825.82     0.00000   13 1.00    2 0.00    3 0.00       0.00   1   1   1
  14  P      982.14    -3.84743   14 1.00    2 0.00    3 0.00       0.00   1   1   1
  15  P      995.01    -0.00000   15 1.00    2 0.00    3 0.00       0.00   1   1   1
  16  P     1002.07    -3.86351   16 1.00    2 0.00    3 0.00       0.00   1   1   1
  17  P     1100.66    -3.75947   17 1.00    2 0.00    3 0.00       0.00   1   1   1
  18  P     1215.82    -6.01380   18 1.00    2 0.00    3 0.00       0.00   1   1   1
  19  P     1242.66   -11.34054   19 1.00    2 0.00    3 0.00       0.00   1   1   1
  20  P     1404.20     7.74095   20 1.00    2 0.00    3 0.00       0.00   1   1   1
  21  P     1430.36     1.04042   21 1.00    2 0.00    3 0.00       0.00   1   1   1
  22  P     1436.80    -3.25492   22 1.00    2 0.00    3 0.00       0.00   1   1   1
  23  P     1523.60     3.67929   23 1.00    2 0.00    3 0.00       0.00   1   1   1
  24  P     1710.12   -10.72735   24 1.00    2 0.00    3 0.00       0.00   1   1   1
  25  P     1811.37    -6.24657   25 1.00    2 0.00    3 0.00       0.00   1   1   1
  26  P     1840.53    -4.28814   26 1.00    2 0.00    3 0.00       0.00   1   1   1
  27  P     3225.71     0.90766   27 1.00    2 0.00    3 0.00       0.00   1   1   1
  28  P     3264.94    -0.30335   28 1.00    2 0.00    3 0.00       0.00   1   1   1
  29  P     3622.92    -0.18466   29 1.00    2 0.00    3 0.00       0.00   1   1   1
  30  P     3664.98     0.36239   30 1.00    2 0.00    3 0.00       0.00   1   1   1
   
 *********************************************************** 
  
  AVERAGE MAX PROJECTION     1.000000    St Dev   0.000000
  AVERAGE FREQ DIFF          0.000000    St Dev   0.000000
  AVERAGE ABS FREQ DIFF      0.000000    St Dev   0.000000
  AVERAGE ABS DISPLACE      -1.186509    St Dev   5.846571
  SUM DISPL**2            1067.705874
  
 *********************************************************** 
  

 ADDITIONAL ANALYSIS ON DUSCHINSKY MATRIX
 ----------------------------------------
  Determinant:     1.0000

  ** A = GM·GMT **
  Det(A)     :     1.0000
  Trace(A)   :    30.0000
  Det(A-I)   :     0.0000
  Trace(A-I) :     0.0000
 ----------------------------------------

   
   
 STATE1 MODES SORTED BY DECREASING DIMENSIONLESS SHIFT
   IND    MODE    FREQUENCY DIMENSIONLESS SHIFT
     1      24    1710.12371       0.94692E+00
     2       8     567.96476       0.91107E+00
     3      19    1242.65765       0.85333E+00
     4      12     781.86063      -0.79800E+00
     5      20    1404.19611      -0.61918E+00
     6      25    1811.37473       0.56748E+00
     7      18    1215.81642       0.44760E+00
     8       3     395.18308      -0.42466E+00
     9      26    1840.53147       0.39269E+00
    10      23    1523.60336      -0.30655E+00
    11      17    1100.66230       0.26623E+00
    12      22    1436.80250       0.26336E+00
    13      16    1002.06799       0.26106E+00
    14      14     982.14098       0.25737E+00
    15      27    3225.71170      -0.11004E+00
    16      21    1430.35620      -0.83992E-01
    17      30    3664.98096      -0.46830E-01
    18       5     526.58974       0.40741E-01
    19      28    3264.93623       0.36999E-01
    20      29    3622.91775       0.23726E-01
    21       6     550.85112       0.66503E-02
    22       2     163.80214       0.51386E-12
    23      10     735.99355      -0.12021E-12
    24       1     145.73156      -0.12019E-12
    25       4     398.97068       0.76724E-13
    26       9     673.58994      -0.42523E-13
    27       7     562.75523       0.29085E-13
    28      15     995.00625       0.26129E-13
    29      11     775.57909      -0.13290E-13
    30      13     825.82075      -0.46994E-14
   
   
 MODES OF STATE1 IN ORDER OF DECREASING FR COUPL
 ESTIMATED BY THE MAGNITUDE OF THE 0-0 INTEGRAL
   IND    MODE1  FREQ   MODE2 FR    FR. SHIFT INV0-0
     1     1   145.73156         1   145.73156         0.00000         1.00000
     2     2   163.80214         2   163.80214         0.00000         1.00000
     3     3   395.18308         3   395.18308         0.00000         1.00000
     4     4   398.97068         4   398.97068         0.00000         1.00000
     5     5   526.58974         5   526.58974         0.00000         1.00000
     6     6   550.85112         6   550.85112         0.00000         1.00000
     7     7   562.75523         7   562.75523         0.00000         1.00000
     8     8   567.96476         8   567.96476         0.00000         1.00000
     9     9   673.58994         9   673.58994         0.00000         1.00000
    10    10   735.99355        10   735.99355         0.00000         1.00000
    11    11   775.57909        11   775.57909         0.00000         1.00000
    12    12   781.86063        12   781.86063         0.00000         1.00000
    13    13   825.82075        13   825.82075         0.00000         1.00000
    14    14   982.14098        14   982.14098         0.00000         1.00000
    15    15   995.00625        15   995.00625         0.00000         1.00000
    16    16  1002.06799        16  1002.06799         0.00000         1.00000
    17    17  1100.66230        17  1100.66230         0.00000         1.00000
    18    18  1215.81642        18  1215.81642         0.00000         1.00000
    19    19  1242.65765        19  1242.65765         0.00000         1.00000
    20    20  1404.19611        20  1404.19611         0.00000         1.00000
    21    21  1430.35620        21  1430.35620         0.00000         1.00000
    22    22  1436.80250        22  1436.80250         0.00000         1.00000
    23    23  1523.60336        23  1523.60336         0.00000         1.00000
    24    24  1710.12371        24  1710.12371         0.00000         1.00000
    25    25  1811.37473        25  1811.37473         0.00000         1.00000
    26    26  1840.53147        26  1840.53147         0.00000         1.00000
    27    27  3225.71170        27  3225.71170         0.00000         1.00000
    28    28  3264.93623        28  3264.93623         0.00000         1.00000
    29    29  3622.91775        29  3622.91775         0.00000         1.00000
    30    30  3664.98096        30  3664.98096         0.00000         1.00000
   
   
   
   
 STATE2 MODES SORTED BY DECREASING DIMENSIONLESS SHIFT
   IND    MODE    FREQUENCY DIMENSIONLESS SHIFT
     1      24    1710.12371      -0.94692E+00
     2       8     567.96476      -0.91107E+00
     3      19    1242.65765      -0.85333E+00
     4      12     781.86063       0.79800E+00
     5      20    1404.19611       0.61918E+00
     6      25    1811.37473      -0.56748E+00
     7      18    1215.81642      -0.44760E+00
     8       3     395.18308       0.42466E+00
     9      26    1840.53147      -0.39269E+00
    10      23    1523.60336       0.30655E+00
    11      17    1100.66230      -0.26623E+00
    12      22    1436.80250      -0.26336E+00
    13      16    1002.06799      -0.26106E+00
    14      14     982.14098      -0.25737E+00
    15      27    3225.71170       0.11004E+00
    16      21    1430.35620       0.83992E-01
    17      30    3664.98096       0.46830E-01
    18       5     526.58974      -0.40741E-01
    19      28    3264.93623      -0.36999E-01
    20      29    3622.91775      -0.23726E-01
    21       6     550.85112      -0.66503E-02
    22       2     163.80214      -0.51386E-12
    23      10     735.99355       0.12021E-12
    24       1     145.73156       0.12019E-12
    25       4     398.97068      -0.76724E-13
    26       9     673.58994       0.42523E-13
    27       7     562.75523      -0.29085E-13
    28      15     995.00625      -0.26129E-13
    29      11     775.57909       0.13290E-13
    30      13     825.82075       0.46994E-14
   
   
 MODES OF STATE2 IN ORDER OF DECREASING FR COUPL
 ESTIMATED BY THE MAGNITUDE OF THE 0-0 INTEGRAL
   IND    MODE2  FREQ   MODE1 FR    FR. SHIFT INV0-0
     1     1   145.73156         1   145.73156         0.00000         1.00000
     2     2   163.80214         2   163.80214         0.00000         1.00000
     3     3   395.18308         3   395.18308         0.00000         1.00000
     4     4   398.97068         4   398.97068         0.00000         1.00000
     5     5   526.58974         5   526.58974         0.00000         1.00000
     6     6   550.85112         6   550.85112         0.00000         1.00000
     7     7   562.75523         7   562.75523         0.00000         1.00000
     8     8   567.96476         8   567.96476         0.00000         1.00000
     9     9   673.58994         9   673.58994         0.00000         1.00000
    10    10   735.99355        10   735.99355         0.00000         1.00000
    11    11   775.57909        11   775.57909         0.00000         1.00000
    12    12   781.86063        12   781.86063         0.00000         1.00000
    13    13   825.82075        13   825.82075         0.00000         1.00000
    14    14   982.14098        14   982.14098         0.00000         1.00000
    15    15   995.00625        15   995.00625         0.00000         1.00000
    16    16  1002.06799        16  1002.06799         0.00000         1.00000
    17    17  1100.66230        17  1100.66230         0.00000         1.00000
    18    18  1215.81642        18  1215.81642         0.00000         1.00000
    19    19  1242.65765        19  1242.65765         0.00000         1.00000
    20    20  1404.19611        20  1404.19611         0.00000         1.00000
    21    21  1430.35620        21  1430.35620         0.00000         1.00000
    22    22  1436.80250        22  1436.80250         0.00000         1.00000
    23    23  1523.60336        23  1523.60336         0.00000         1.00000
    24    24  1710.12371        24  1710.12371         0.00000         1.00000
    25    25  1811.37473        25  1811.37473         0.00000         1.00000
    26    26  1840.53147        26  1840.53147         0.00000         1.00000
    27    27  3225.71170        27  3225.71170         0.00000         1.00000
    28    28  3264.93623        28  3264.93623         0.00000         1.00000
    29    29  3622.91775        29  3622.91775         0.00000         1.00000
    30    30  3664.98096        30  3664.98096         0.00000         1.00000
   
   
  
  
 DIMENSIONLESS SHIFTS 
   IND     STATE1       STATE2
     1    -0.12019E-12     0.12019E-12
     2     0.51386E-12    -0.51386E-12
     3    -0.42466E+00     0.42466E+00
     4     0.76724E-13    -0.76724E-13
     5     0.40741E-01    -0.40741E-01
     6     0.66503E-02    -0.66503E-02
     7     0.29085E-13    -0.29085E-13
     8     0.91107E+00    -0.91107E+00
     9    -0.42523E-13     0.42523E-13
    10    -0.12021E-12     0.12021E-12
    11    -0.13290E-13     0.13290E-13
    12    -0.79800E+00     0.79800E+00
    13    -0.46994E-14     0.46994E-14
    14     0.25737E+00    -0.25737E+00
    15     0.26129E-13    -0.26129E-13
    16     0.26106E+00    -0.26106E+00
    17     0.26623E+00    -0.26623E+00
    18     0.44760E+00    -0.44760E+00
    19     0.85333E+00    -0.85333E+00
    20    -0.61918E+00     0.61918E+00
    21    -0.83992E-01     0.83992E-01
    22     0.26336E+00    -0.26336E+00
    23    -0.30655E+00     0.30655E+00
    24     0.94692E+00    -0.94692E+00
    25     0.56748E+00    -0.56748E+00
    26     0.39269E+00    -0.39269E+00
    27    -0.11004E+00     0.11004E+00
    28     0.36999E-01    -0.36999E-01
    29     0.23726E-01    -0.23726E-01
    30    -0.46830E-01     0.46830E-01
  SUM SQUARED DIMENSIONLESS DISPL STATE1        4.7256
  SUM SQUARED DIMENSIONLESS DISPL STATE2        4.7256
  VALUE STATE1 GROUND VIB WAVEFUN AT GEO2       0.0942
  VALUE STATE2 GROUND VIB WAVEFUN AT GEO1       0.0942
  VALUE STATE1 GROUND VIB WAVEFUN AT (GEO1+GEO2)/2      0.5539
  VALUE STATE2 GROUND VIB WAVEFUN AT (GEO1+GEO2)/2      0.5539

 Printing Duschinski matrix to 'duschinsky.dat'


 Printing Shift vector to 'displacement.dat'


NOTE: DE read from input:   5.501 (eV)                                                                    
 


 ===========================
  REORGANIZATION ENERGY
 ===========================
     0.012864  (Hartree)
     0.350053  (eV)


 ------------------------------------------------------
 Extrapolation form (generalized) vertical point:
 ------------------------------------------------------
 Extrapolated vertical energy:        5.50120  (eV)
 Extrapolated adiabatic energy:       5.50120  (eV)
 Extrapolated reorg. energy   :       0.00000  (eV)
 ------------------------------------------------------



 ===============================
  ZERO-POINT ENERGY CORRECTIONS 
 ===============================


                    ZERO POINT ENERGY IN CM-1
    E01=     19289.29    E02=     19289.29


                    0-0 ENERGY DIFFERENCE
       5.15115 eV


                    ADIABATIC ENERGY     
       5.15115 eV




 ====================

  TRANSITION DIPOLES 

 ====================
 Model for tr. dipoles: FC
 Reading electric dipole file: eldip_Uracil6311-es2_fchk
 


 ================= 
  TRANSITION INFO  
 ================= 
            DATA FOR VERTICAL TRANSITION 
  electric transition dipoles (au) at initial GEO 1
           -1.09286635   -0.46630705   -0.00000000
  electric transition dipoles (au) at initial GEO 2
           -1.09286635   -0.46630705   -0.00000000
  Square tr dipoles: geo1  1.41179913  geo2   1.41179913  Diff (d1-d2)/d1    0.0000 %
   
 ------------------
  State2 -> State1
 ------------------
 Reorganization Energy (eV) on State1        0.350053
 Vertical emission energy (eV)               4.801097
 Fluorescence lifetime from minimum (ns)  6.020743E+00
 ********************************************** 
   
 ------------------
  State1 -> State2
 ------------------
 Reorganization Energy on State2 (eV)        0.350053
 Vertical absorption energy (eV)             5.501203
 Absorption oscillator strength           1.902780E-01
 ********************************************** 
   

NOTE: Spectra resolution set to:  0.00400                                                                 
 

NOTE: To ensure exact match of TI and TD resuls, final spectral range reset to:    4.0000-                
       9.0000(eV)                                                                                         
 

 ----------------------------------------
 Refined spectral range for simulations: 
  nene       =      1251
  From E(eV) =    4.0000
  To   E(eV) =    9.0000
 
 Related time-domain parameters
 (with energy shift & extended range):
  ntime =          652
  dt    =       0.7929
  tfin  =     516.5620
 Shift info (for external FT)
  dE_ext=  0.104000    
  Eshift=   3.89600    
 ----------------------------------------


NOTE: Changing Ead to optimize TD method before entering the spectrum calculation.Ead(original)=          
        5.151 (eV); Ead(shifted )=   1.255 (eV)                                                           
 


Computing RR 2D spectrum (TD)
-----------------------------

 SUMMARY OF CALCULATION OPTIONS
 -------------------------------
 Adiabatic Energy (eV)  :   5.1511
 Shifted Ad. Energy (eV):   1.2551

 Tipe of transition     : ABS-ECDNO

 Dipole aproximation    : FC-FC
 El. dipole at ref geom :    -1.09      -0.466      -0.123E-14

 Numerical evaluation of xi(t)
         Total time (fs):   516.562
         Nr data points : 652
         Time step (fs) :  0.793    

 Broad. function        : LOR  
 Broad. exponent        :    1.470E-03
 Broad. order           : 1
 -------------------------------

 Computing correlation functions over 652 points



RAILEIGH BAND
-------------------

 Final osc. energy (cm-1) =     0.000


 ____________________________________________
  ============================================
  PROGRAM: td_rr_00
   RR 0->0 band at 0K with a harmonic 
   TD formulation                           
 ____________________________________________
  ============================================
 


* (rho,sigma = 1 1) *
 Calling FFT with 1304 points

 Fourie-Transform with: fft_calc subroutine (FFTW)
 =========== tdspectra finished ===========  
 Timing...
  CPU (s) for tdspectra :       0.184
 ==========================================
                                           

NOTE: FOUND POINT OF THE SCAN CLOSEST TO THE ABS MAX                                                      
 
 Ebest(eV) =     5.50
 Evert(eV) =     5.50



FUNDAMENTAL BANDS
-------------------



** Computing band for mode 1 **
 Final osc. energy (cm-1) =   145.732


 ____________________________________________
  ============================================
  PROGRAM: td_rr_1k
   RR fundamentals at 0K with a harmonic 
   TD formulation                           
 ____________________________________________
  ============================================
 


* (rho,sigma = 1 1) *
 Calling FFT with 1304 points

 Fourie-Transform with: fft_calc subroutine (FFTW)
 =========== tdspectra finished ===========  
 Timing...
  CPU (s) for tdspectra :       0.181
 ==========================================
                                           


** Computing band for mode 2 **
 Final osc. energy (cm-1) =   163.802


 ____________________________________________
  ============================================
  PROGRAM: td_rr_1k
   RR fundamentals at 0K with a harmonic 
   TD formulation                           
 ____________________________________________
  ============================================
 


* (rho,sigma = 1 1) *
 Calling FFT with 1304 points

 Fourie-Transform with: fft_calc subroutine (FFTW)
 =========== tdspectra finished ===========  
 Timing...
  CPU (s) for tdspectra :       0.181
 ==========================================
                                           


** Computing band for mode 3 **
 Final osc. energy (cm-1) =   395.183


 ____________________________________________
  ============================================
  PROGRAM: td_rr_1k
   RR fundamentals at 0K with a harmonic 
   TD formulation                           
 ____________________________________________
  ============================================
 


* (rho,sigma = 1 1) *
 Calling FFT with 1304 points

 Fourie-Transform with: fft_calc subroutine (FFTW)
 =========== tdspectra finished ===========  
 Timing...
  CPU (s) for tdspectra :       0.182
 ==========================================
                                           


** Computing band for mode 4 **
 Final osc. energy (cm-1) =   398.971


 ____________________________________________
  ============================================
  PROGRAM: td_rr_1k
   RR fundamentals at 0K with a harmonic 
   TD formulation                           
 ____________________________________________
  ============================================
 


* (rho,sigma = 1 1) *
 Calling FFT with 1304 points

 Fourie-Transform with: fft_calc subroutine (FFTW)
 =========== tdspectra finished ===========  
 Timing...
  CPU (s) for tdspectra :       0.183
 ==========================================
                                           


** Computing band for mode 5 **
 Final osc. energy (cm-1) =   526.590


 ____________________________________________
  ============================================
  PROGRAM: td_rr_1k
   RR fundamentals at 0K with a harmonic 
   TD formulation                           
 ____________________________________________
  ============================================
 


* (rho,sigma = 1 1) *
 Calling FFT with 1304 points

 Fourie-Transform with: fft_calc subroutine (FFTW)
 =========== tdspectra finished ===========  
 Timing...
  CPU (s) for tdspectra :       0.180
 ==========================================
                                           


** Computing band for mode 6 **
 Final osc. energy (cm-1) =   550.851


 ____________________________________________
  ============================================
  PROGRAM: td_rr_1k
   RR fundamentals at 0K with a harmonic 
   TD formulation                           
 ____________________________________________
  ============================================
 


* (rho,sigma = 1 1) *
 Calling FFT with 1304 points

 Fourie-Transform with: fft_calc subroutine (FFTW)
 =========== tdspectra finished ===========  
 Timing...
  CPU (s) for tdspectra :       0.182
 ==========================================
                                           


** Computing band for mode 7 **
 Final osc. energy (cm-1) =   562.755


 ____________________________________________
  ============================================
  PROGRAM: td_rr_1k
   RR fundamentals at 0K with a harmonic 
   TD formulation                           
 ____________________________________________
  ============================================
 


* (rho,sigma = 1 1) *
 Calling FFT with 1304 points

 Fourie-Transform with: fft_calc subroutine (FFTW)
 =========== tdspectra finished ===========  
 Timing...
  CPU (s) for tdspectra :       0.181
 ==========================================
                                           


** Computing band for mode 8 **
 Final osc. energy (cm-1) =   567.965


 ____________________________________________
  ============================================
  PROGRAM: td_rr_1k
   RR fundamentals at 0K with a harmonic 
   TD formulation                           
 ____________________________________________
  ============================================
 


* (rho,sigma = 1 1) *
 Calling FFT with 1304 points

 Fourie-Transform with: fft_calc subroutine (FFTW)
 =========== tdspectra finished ===========  
 Timing...
  CPU (s) for tdspectra :       0.180
 ==========================================
                                           


** Computing band for mode 9 **
 Final osc. energy (cm-1) =   673.590


 ____________________________________________
  ============================================
  PROGRAM: td_rr_1k
   RR fundamentals at 0K with a harmonic 
   TD formulation                           
 ____________________________________________
  ============================================
 


* (rho,sigma = 1 1) *
 Calling FFT with 1304 points

 Fourie-Transform with: fft_calc subroutine (FFTW)
 =========== tdspectra finished ===========  
 Timing...
  CPU (s) for tdspectra :       0.182
 ==========================================
                                           


** Computing band for mode 10 **
 Final osc. energy (cm-1) =   735.994


 ____________________________________________
  ============================================
  PROGRAM: td_rr_1k
   RR fundamentals at 0K with a harmonic 
   TD formulation                           
 ____________________________________________
  ============================================
 


* (rho,sigma = 1 1) *
 Calling FFT with 1304 points

 Fourie-Transform with: fft_calc subroutine (FFTW)
 =========== tdspectra finished ===========  
 Timing...
  CPU (s) for tdspectra :       0.183
 ==========================================
                                           


** Computing band for mode 11 **
 Final osc. energy (cm-1) =   775.579


 ____________________________________________
  ============================================
  PROGRAM: td_rr_1k
   RR fundamentals at 0K with a harmonic 
   TD formulation                           
 ____________________________________________
  ============================================
 


* (rho,sigma = 1 1) *
 Calling FFT with 1304 points

 Fourie-Transform with: fft_calc subroutine (FFTW)
 =========== tdspectra finished ===========  
 Timing...
  CPU (s) for tdspectra :       0.183
 ==========================================
                                           


** Computing band for mode 12 **
 Final osc. energy (cm-1) =   781.861


 ____________________________________________
  ============================================
  PROGRAM: td_rr_1k
   RR fundamentals at 0K with a harmonic 
   TD formulation                           
 ____________________________________________
  ============================================
 


* (rho,sigma = 1 1) *
 Calling FFT with 1304 points

 Fourie-Transform with: fft_calc subroutine (FFTW)
 =========== tdspectra finished ===========  
 Timing...
  CPU (s) for tdspectra :       0.183
 ==========================================
                                           


** Computing band for mode 13 **
 Final osc. energy (cm-1) =   825.821


 ____________________________________________
  ============================================
  PROGRAM: td_rr_1k
   RR fundamentals at 0K with a harmonic 
   TD formulation                           
 ____________________________________________
  ============================================
 


* (rho,sigma = 1 1) *
 Calling FFT with 1304 points

 Fourie-Transform with: fft_calc subroutine (FFTW)
 =========== tdspectra finished ===========  
 Timing...
  CPU (s) for tdspectra :       0.181
 ==========================================
                                           


** Computing band for mode 14 **
 Final osc. energy (cm-1) =   982.141


 ____________________________________________
  ============================================
  PROGRAM: td_rr_1k
   RR fundamentals at 0K with a harmonic 
   TD formulation                           
 ____________________________________________
  ============================================
 


* (rho,sigma = 1 1) *
 Calling FFT with 1304 points

 Fourie-Transform with: fft_calc subroutine (FFTW)
 =========== tdspectra finished ===========  
 Timing...
  CPU (s) for tdspectra :       0.182
 ==========================================
                                           


** Computing band for mode 15 **
 Final osc. energy (cm-1) =   995.006


 ____________________________________________
  ============================================
  PROGRAM: td_rr_1k
   RR fundamentals at 0K with a harmonic 
   TD formulation                           
 ____________________________________________
  ============================================
 


* (rho,sigma = 1 1) *
 Calling FFT with 1304 points

 Fourie-Transform with: fft_calc subroutine (FFTW)
 =========== tdspectra finished ===========  
 Timing...
  CPU (s) for tdspectra :       0.183
 ==========================================
                                           


** Computing band for mode 16 **
 Final osc. energy (cm-1) =  1002.068


 ____________________________________________
  ============================================
  PROGRAM: td_rr_1k
   RR fundamentals at 0K with a harmonic 
   TD formulation                           
 ____________________________________________
  ============================================
 


* (rho,sigma = 1 1) *
 Calling FFT with 1304 points

 Fourie-Transform with: fft_calc subroutine (FFTW)
 =========== tdspectra finished ===========  
 Timing...
  CPU (s) for tdspectra :       0.184
 ==========================================
                                           


** Computing band for mode 17 **
 Final osc. energy (cm-1) =  1100.662


 ____________________________________________
  ============================================
  PROGRAM: td_rr_1k
   RR fundamentals at 0K with a harmonic 
   TD formulation                           
 ____________________________________________
  ============================================
 


* (rho,sigma = 1 1) *
 Calling FFT with 1304 points

 Fourie-Transform with: fft_calc subroutine (FFTW)
 =========== tdspectra finished ===========  
 Timing...
  CPU (s) for tdspectra :       0.182
 ==========================================
                                           


** Computing band for mode 18 **
 Final osc. energy (cm-1) =  1215.816


 ____________________________________________
  ============================================
  PROGRAM: td_rr_1k
   RR fundamentals at 0K with a harmonic 
   TD formulation                           
 ____________________________________________
  ============================================
 


* (rho,sigma = 1 1) *
 Calling FFT with 1304 points

 Fourie-Transform with: fft_calc subroutine (FFTW)
 =========== tdspectra finished ===========  
 Timing...
  CPU (s) for tdspectra :       0.182
 ==========================================
                                           


** Computing band for mode 19 **
 Final osc. energy (cm-1) =  1242.658


 ____________________________________________
  ============================================
  PROGRAM: td_rr_1k
   RR fundamentals at 0K with a harmonic 
   TD formulation                           
 ____________________________________________
  ============================================
 


* (rho,sigma = 1 1) *
 Calling FFT with 1304 points

 Fourie-Transform with: fft_calc subroutine (FFTW)
 =========== tdspectra finished ===========  
 Timing...
  CPU (s) for tdspectra :       0.183
 ==========================================
                                           


** Computing band for mode 20 **
 Final osc. energy (cm-1) =  1404.196


 ____________________________________________
  ============================================
  PROGRAM: td_rr_1k
   RR fundamentals at 0K with a harmonic 
   TD formulation                           
 ____________________________________________
  ============================================
 


* (rho,sigma = 1 1) *
 Calling FFT with 1304 points

 Fourie-Transform with: fft_calc subroutine (FFTW)
 =========== tdspectra finished ===========  
 Timing...
  CPU (s) for tdspectra :       0.183
 ==========================================
                                           


** Computing band for mode 21 **
 Final osc. energy (cm-1) =  1430.356


 ____________________________________________
  ============================================
  PROGRAM: td_rr_1k
   RR fundamentals at 0K with a harmonic 
   TD formulation                           
 ____________________________________________
  ============================================
 


* (rho,sigma = 1 1) *
 Calling FFT with 1304 points

 Fourie-Transform with: fft_calc subroutine (FFTW)
 =========== tdspectra finished ===========  
 Timing...
  CPU (s) for tdspectra :       0.183
 ==========================================
                                           


** Computing band for mode 22 **
 Final osc. energy (cm-1) =  1436.803


 ____________________________________________
  ============================================
  PROGRAM: td_rr_1k
   RR fundamentals at 0K with a harmonic 
   TD formulation                           
 ____________________________________________
  ============================================
 


* (rho,sigma = 1 1) *
 Calling FFT with 1304 points

 Fourie-Transform with: fft_calc subroutine (FFTW)
 =========== tdspectra finished ===========  
 Timing...
  CPU (s) for tdspectra :       0.182
 ==========================================
                                           


** Computing band for mode 23 **
 Final osc. energy (cm-1) =  1523.603


 ____________________________________________
  ============================================
  PROGRAM: td_rr_1k
   RR fundamentals at 0K with a harmonic 
   TD formulation                           
 ____________________________________________
  ============================================
 


* (rho,sigma = 1 1) *
 Calling FFT with 1304 points

 Fourie-Transform with: fft_calc subroutine (FFTW)
 =========== tdspectra finished ===========  
 Timing...
  CPU (s) for tdspectra :       0.183
 ==========================================
                                           


** Computing band for mode 24 **
 Final osc. energy (cm-1) =  1710.124


 ____________________________________________
  ============================================
  PROGRAM: td_rr_1k
   RR fundamentals at 0K with a harmonic 
   TD formulation                           
 ____________________________________________
  ============================================
 


* (rho,sigma = 1 1) *
 Calling FFT with 1304 points

 Fourie-Transform with: fft_calc subroutine (FFTW)
 =========== tdspectra finished ===========  
 Timing...
  CPU (s) for tdspectra :       0.181
 ==========================================
                                           


** Computing band for mode 25 **
 Final osc. energy (cm-1) =  1811.375


 ____________________________________________
  ============================================
  PROGRAM: td_rr_1k
   RR fundamentals at 0K with a harmonic 
   TD formulation                           
 ____________________________________________
  ============================================
 


* (rho,sigma = 1 1) *
 Calling FFT with 1304 points

 Fourie-Transform with: fft_calc subroutine (FFTW)
 =========== tdspectra finished ===========  
 Timing...
  CPU (s) for tdspectra :       0.181
 ==========================================
                                           


** Computing band for mode 26 **
 Final osc. energy (cm-1) =  1840.531


 ____________________________________________
  ============================================
  PROGRAM: td_rr_1k
   RR fundamentals at 0K with a harmonic 
   TD formulation                           
 ____________________________________________
  ============================================
 


* (rho,sigma = 1 1) *
 Calling FFT with 1304 points

 Fourie-Transform with: fft_calc subroutine (FFTW)
 =========== tdspectra finished ===========  
 Timing...
  CPU (s) for tdspectra :       0.181
 ==========================================
                                           


** Computing band for mode 27 **
 Final osc. energy (cm-1) =  3225.712


 ____________________________________________
  ============================================
  PROGRAM: td_rr_1k
   RR fundamentals at 0K with a harmonic 
   TD formulation                           
 ____________________________________________
  ============================================
 


* (rho,sigma = 1 1) *
 Calling FFT with 1304 points

 Fourie-Transform with: fft_calc subroutine (FFTW)
 =========== tdspectra finished ===========  
 Timing...
  CPU (s) for tdspectra :       0.183
 ==========================================
                                           


** Computing band for mode 28 **
 Final osc. energy (cm-1) =  3264.936


 ____________________________________________
  ============================================
  PROGRAM: td_rr_1k
   RR fundamentals at 0K with a harmonic 
   TD formulation                           
 ____________________________________________
  ============================================
 


* (rho,sigma = 1 1) *
 Calling FFT with 1304 points

 Fourie-Transform with: fft_calc subroutine (FFTW)
 =========== tdspectra finished ===========  
 Timing...
  CPU (s) for tdspectra :       0.180
 ==========================================
                                           


** Computing band for mode 29 **
 Final osc. energy (cm-1) =  3622.918


 ____________________________________________
  ============================================
  PROGRAM: td_rr_1k
   RR fundamentals at 0K with a harmonic 
   TD formulation                           
 ____________________________________________
  ============================================
 


* (rho,sigma = 1 1) *
 Calling FFT with 1304 points

 Fourie-Transform with: fft_calc subroutine (FFTW)
 =========== tdspectra finished ===========  
 Timing...
  CPU (s) for tdspectra :       0.181
 ==========================================
                                           


** Computing band for mode 30 **
 Final osc. energy (cm-1) =  3664.981


 ____________________________________________
  ============================================
  PROGRAM: td_rr_1k
   RR fundamentals at 0K with a harmonic 
   TD formulation                           
 ____________________________________________
  ============================================
 


* (rho,sigma = 1 1) *
 Calling FFT with 1304 points

 Fourie-Transform with: fft_calc subroutine (FFTW)
 =========== tdspectra finished ===========  
 Timing...
  CPU (s) for tdspectra :       0.180
 ==========================================
                                           
 =========== compRR_TD finished ===========  
 Timing...
  CPU (s) for compRR_TD :       7.587
 ==========================================




===============================

 SUMMARY OF NOTES AND WARNINGS

===============================
 ---------------------------------
 7 notes raised along the run
 Look for NOTE in the output
 ---------------------------------

 
 ****************** FCclasses finished *******************
 Timing...   
  CPU (s)       7.604
 *********************************************************
 
 FCclasses finished successfully
